28-May-2025 09:21:32.738 INFO [main] org.apache.catalina.startup.VersionLoggerListener.log Server version name:   Apache Tomcat/11.0.7
28-May-2025 09:21:32.740 INFO [main] org.apache.catalina.startup.VersionLoggerListener.log Server built:          May 7 2025 14:55:59 UTC
28-May-2025 09:21:32.741 INFO [main] org.apache.catalina.startup.VersionLoggerListener.log Server version number: 11.0.7.0
28-May-2025 09:21:32.741 INFO [main] org.apache.catalina.startup.VersionLoggerListener.log OS Name:               Mac OS X
28-May-2025 09:21:32.741 INFO [main] org.apache.catalina.startup.VersionLoggerListener.log OS Version:            15.5
28-May-2025 09:21:32.741 INFO [main] org.apache.catalina.startup.VersionLoggerListener.log Architecture:          x86_64
28-May-2025 09:21:32.741 INFO [main] org.apache.catalina.startup.VersionLoggerListener.log Java Home:             /Library/Java/JavaVirtualMachines/jdk-24.jdk/Contents/Home
28-May-2025 09:21:32.741 INFO [main] org.apache.catalina.startup.VersionLoggerListener.log JVM Version:           24.0.1+9-30
28-May-2025 09:21:32.741 INFO [main] org.apache.catalina.startup.VersionLoggerListener.log JVM Vendor:            Oracle Corporation
28-May-2025 09:21:32.741 INFO [main] org.apache.catalina.startup.VersionLoggerListener.log CATALINA_BASE:         /Users/nimamemarzadeh/Desktop/believue/serverside Dev/module-2/apache-tomcat-11.0.7
28-May-2025 09:21:32.742 INFO [main] org.apache.catalina.startup.VersionLoggerListener.log CATALINA_HOME:         /Users/nimamemarzadeh/Desktop/believue/serverside Dev/module-2/apache-tomcat-11.0.7
28-May-2025 09:21:32.760 INFO [main] org.apache.catalina.startup.VersionLoggerListener.log Command line argument: -Djava.util.logging.config.file=/Users/nimamemarzadeh/Desktop/believue/serverside Dev/module-2/apache-tomcat-11.0.7/conf/logging.properties
28-May-2025 09:21:32.760 INFO [main] org.apache.catalina.startup.VersionLoggerListener.log Command line argument: -Djava.util.logging.manager=org.apache.juli.ClassLoaderLogManager
28-May-2025 09:21:32.761 INFO [main] org.apache.catalina.startup.VersionLoggerListener.log Command line argument: -Djdk.tls.ephemeralDHKeySize=2048
28-May-2025 09:21:32.761 INFO [main] org.apache.catalina.startup.VersionLoggerListener.log Command line argument: -Dorg.apache.catalina.security.SecurityListener.UMASK=0027
28-May-2025 09:21:32.761 INFO [main] org.apache.catalina.startup.VersionLoggerListener.log Command line argument: --add-opens=java.base/java.lang=ALL-UNNAMED
28-May-2025 09:21:32.761 INFO [main] org.apache.catalina.startup.VersionLoggerListener.log Command line argument: --add-opens=java.base/java.lang.reflect=ALL-UNNAMED
28-May-2025 09:21:32.761 INFO [main] org.apache.catalina.startup.VersionLoggerListener.log Command line argument: --add-opens=java.base/java.io=ALL-UNNAMED
28-May-2025 09:21:32.761 INFO [main] org.apache.catalina.startup.VersionLoggerListener.log Command line argument: --add-opens=java.base/java.util=ALL-UNNAMED
28-May-2025 09:21:32.761 INFO [main] org.apache.catalina.startup.VersionLoggerListener.log Command line argument: --add-opens=java.base/java.util.concurrent=ALL-UNNAMED
28-May-2025 09:21:32.761 INFO [main] org.apache.catalina.startup.VersionLoggerListener.log Command line argument: --add-opens=java.rmi/sun.rmi.transport=ALL-UNNAMED
28-May-2025 09:21:32.761 INFO [main] org.apache.catalina.startup.VersionLoggerListener.log Command line argument: --enable-native-access=ALL-UNNAMED
28-May-2025 09:21:32.761 INFO [main] org.apache.catalina.startup.VersionLoggerListener.log Command line argument: -Dcatalina.base=/Users/nimamemarzadeh/Desktop/believue/serverside Dev/module-2/apache-tomcat-11.0.7
28-May-2025 09:21:32.761 INFO [main] org.apache.catalina.startup.VersionLoggerListener.log Command line argument: -Dcatalina.home=/Users/nimamemarzadeh/Desktop/believue/serverside Dev/module-2/apache-tomcat-11.0.7
28-May-2025 09:21:32.762 INFO [main] org.apache.catalina.startup.VersionLoggerListener.log Command line argument: -Djava.io.tmpdir=/Users/nimamemarzadeh/Desktop/believue/serverside Dev/module-2/apache-tomcat-11.0.7/temp
28-May-2025 09:21:32.774 INFO [main] org.apache.catalina.core.AprLifecycleListener.lifecycleEvent The Apache Tomcat Native library which allows using OpenSSL was not found on the java.library.path: [/Users/nimamemarzadeh/Library/Java/Extensions:/Library/Java/Extensions:/Network/Library/Java/Extensions:/System/Library/Java/Extensions:/usr/lib/java:.]
28-May-2025 09:21:33.070 INFO [main] org.apache.coyote.AbstractProtocol.init Initializing ProtocolHandler ["http-nio-8080"]
28-May-2025 09:21:33.101 INFO [main] org.apache.catalina.startup.Catalina.load Server initialization in [583] milliseconds
28-May-2025 09:21:33.144 INFO [main] org.apache.catalina.core.StandardService.startInternal Starting service [Catalina]
28-May-2025 09:21:33.144 INFO [main] org.apache.catalina.core.StandardEngine.startInternal Starting Servlet engine: [Apache Tomcat/11.0.7]
28-May-2025 09:21:33.152 INFO [main] org.apache.catalina.startup.HostConfig.deployDirectory Deploying web application directory [/Users/nimamemarzadeh/Desktop/believue/serverside Dev/module-2/apache-tomcat-11.0.7/webapps/docs]
28-May-2025 09:21:33.430 INFO [main] org.apache.catalina.startup.HostConfig.deployDirectory Deployment of web application directory [/Users/nimamemarzadeh/Desktop/believue/serverside Dev/module-2/apache-tomcat-11.0.7/webapps/docs] has finished in [276] ms
28-May-2025 09:21:33.430 INFO [main] org.apache.catalina.startup.HostConfig.deployDirectory Deploying web application directory [/Users/nimamemarzadeh/Desktop/believue/serverside Dev/module-2/apache-tomcat-11.0.7/webapps/myapp]
28-May-2025 09:21:33.456 INFO [main] org.apache.catalina.startup.HostConfig.deployDirectory Deployment of web application directory [/Users/nimamemarzadeh/Desktop/believue/serverside Dev/module-2/apache-tomcat-11.0.7/webapps/myapp] has finished in [26] ms
28-May-2025 09:21:33.457 INFO [main] org.apache.catalina.startup.HostConfig.deployDirectory Deploying web application directory [/Users/nimamemarzadeh/Desktop/believue/serverside Dev/module-2/apache-tomcat-11.0.7/webapps/manager]
28-May-2025 09:21:33.496 INFO [main] org.apache.catalina.startup.HostConfig.deployDirectory Deployment of web application directory [/Users/nimamemarzadeh/Desktop/believue/serverside Dev/module-2/apache-tomcat-11.0.7/webapps/manager] has finished in [40] ms
28-May-2025 09:21:33.496 INFO [main] org.apache.catalina.startup.HostConfig.deployDirectory Deploying web application directory [/Users/nimamemarzadeh/Desktop/believue/serverside Dev/module-2/apache-tomcat-11.0.7/webapps/examples]
28-May-2025 09:21:33.716 INFO [main] org.apache.catalina.startup.HostConfig.deployDirectory Deployment of web application directory [/Users/nimamemarzadeh/Desktop/believue/serverside Dev/module-2/apache-tomcat-11.0.7/webapps/examples] has finished in [220] ms
28-May-2025 09:21:33.716 INFO [main] org.apache.catalina.startup.HostConfig.deployDirectory Deploying web application directory [/Users/nimamemarzadeh/Desktop/believue/serverside Dev/module-2/apache-tomcat-11.0.7/webapps/ROOT]
28-May-2025 09:21:33.731 INFO [main] org.apache.catalina.startup.HostConfig.deployDirectory Deployment of web application directory [/Users/nimamemarzadeh/Desktop/believue/serverside Dev/module-2/apache-tomcat-11.0.7/webapps/ROOT] has finished in [15] ms
28-May-2025 09:21:33.731 INFO [main] org.apache.catalina.startup.HostConfig.deployDirectory Deploying web application directory [/Users/nimamemarzadeh/Desktop/believue/serverside Dev/module-2/apache-tomcat-11.0.7/webapps/host-manager]
28-May-2025 09:21:33.748 INFO [main] org.apache.catalina.startup.HostConfig.deployDirectory Deployment of web application directory [/Users/nimamemarzadeh/Desktop/believue/serverside Dev/module-2/apache-tomcat-11.0.7/webapps/host-manager] has finished in [16] ms
28-May-2025 09:21:33.750 INFO [main] org.apache.coyote.AbstractProtocol.start Starting ProtocolHandler ["http-nio-8080"]
28-May-2025 09:21:33.762 INFO [main] org.apache.catalina.startup.Catalina.start Server startup in [660] milliseconds
28-May-2025 09:41:34.535 INFO [main] org.apache.catalina.startup.VersionLoggerListener.log Server version name:   Apache Tomcat/11.0.7
28-May-2025 09:41:34.537 INFO [main] org.apache.catalina.startup.VersionLoggerListener.log Server built:          May 7 2025 14:55:59 UTC
28-May-2025 09:41:34.537 INFO [main] org.apache.catalina.startup.VersionLoggerListener.log Server version number: 11.0.7.0
28-May-2025 09:41:34.537 INFO [main] org.apache.catalina.startup.VersionLoggerListener.log OS Name:               Mac OS X
28-May-2025 09:41:34.537 INFO [main] org.apache.catalina.startup.VersionLoggerListener.log OS Version:            15.5
28-May-2025 09:41:34.537 INFO [main] org.apache.catalina.startup.VersionLoggerListener.log Architecture:          x86_64
28-May-2025 09:41:34.537 INFO [main] org.apache.catalina.startup.VersionLoggerListener.log Java Home:             /Library/Java/JavaVirtualMachines/jdk-24.jdk/Contents/Home
28-May-2025 09:41:34.537 INFO [main] org.apache.catalina.startup.VersionLoggerListener.log JVM Version:           24.0.1+9-30
28-May-2025 09:41:34.537 INFO [main] org.apache.catalina.startup.VersionLoggerListener.log JVM Vendor:            Oracle Corporation
28-May-2025 09:41:34.537 INFO [main] org.apache.catalina.startup.VersionLoggerListener.log CATALINA_BASE:         /Users/nimamemarzadeh/Desktop/believue/serverside Dev/module-2/apache-tomcat-11.0.7
28-May-2025 09:41:34.538 INFO [main] org.apache.catalina.startup.VersionLoggerListener.log CATALINA_HOME:         /Users/nimamemarzadeh/Desktop/believue/serverside Dev/module-2/apache-tomcat-11.0.7
28-May-2025 09:41:34.546 INFO [main] org.apache.catalina.startup.VersionLoggerListener.log Command line argument: -Djava.util.logging.config.file=/Users/nimamemarzadeh/Desktop/believue/serverside Dev/module-2/apache-tomcat-11.0.7/conf/logging.properties
28-May-2025 09:41:34.547 INFO [main] org.apache.catalina.startup.VersionLoggerListener.log Command line argument: -Djava.util.logging.manager=org.apache.juli.ClassLoaderLogManager
28-May-2025 09:41:34.547 INFO [main] org.apache.catalina.startup.VersionLoggerListener.log Command line argument: -Djdk.tls.ephemeralDHKeySize=2048
28-May-2025 09:41:34.547 INFO [main] org.apache.catalina.startup.VersionLoggerListener.log Command line argument: -Dorg.apache.catalina.security.SecurityListener.UMASK=0027
28-May-2025 09:41:34.547 INFO [main] org.apache.catalina.startup.VersionLoggerListener.log Command line argument: --add-opens=java.base/java.lang=ALL-UNNAMED
28-May-2025 09:41:34.547 INFO [main] org.apache.catalina.startup.VersionLoggerListener.log Command line argument: --add-opens=java.base/java.lang.reflect=ALL-UNNAMED
28-May-2025 09:41:34.547 INFO [main] org.apache.catalina.startup.VersionLoggerListener.log Command line argument: --add-opens=java.base/java.io=ALL-UNNAMED
28-May-2025 09:41:34.547 INFO [main] org.apache.catalina.startup.VersionLoggerListener.log Command line argument: --add-opens=java.base/java.util=ALL-UNNAMED
28-May-2025 09:41:34.547 INFO [main] org.apache.catalina.startup.VersionLoggerListener.log Command line argument: --add-opens=java.base/java.util.concurrent=ALL-UNNAMED
28-May-2025 09:41:34.548 INFO [main] org.apache.catalina.startup.VersionLoggerListener.log Command line argument: --add-opens=java.rmi/sun.rmi.transport=ALL-UNNAMED
28-May-2025 09:41:34.548 INFO [main] org.apache.catalina.startup.VersionLoggerListener.log Command line argument: --enable-native-access=ALL-UNNAMED
28-May-2025 09:41:34.548 INFO [main] org.apache.catalina.startup.VersionLoggerListener.log Command line argument: -Dcatalina.base=/Users/nimamemarzadeh/Desktop/believue/serverside Dev/module-2/apache-tomcat-11.0.7
28-May-2025 09:41:34.548 INFO [main] org.apache.catalina.startup.VersionLoggerListener.log Command line argument: -Dcatalina.home=/Users/nimamemarzadeh/Desktop/believue/serverside Dev/module-2/apache-tomcat-11.0.7
28-May-2025 09:41:34.548 INFO [main] org.apache.catalina.startup.VersionLoggerListener.log Command line argument: -Djava.io.tmpdir=/Users/nimamemarzadeh/Desktop/believue/serverside Dev/module-2/apache-tomcat-11.0.7/temp
28-May-2025 09:41:34.559 INFO [main] org.apache.catalina.core.AprLifecycleListener.lifecycleEvent The Apache Tomcat Native library which allows using OpenSSL was not found on the java.library.path: [/Users/nimamemarzadeh/Library/Java/Extensions:/Library/Java/Extensions:/Network/Library/Java/Extensions:/System/Library/Java/Extensions:/usr/lib/java:.]
28-May-2025 09:41:34.775 INFO [main] org.apache.coyote.AbstractProtocol.init Initializing ProtocolHandler ["http-nio-8080"]
28-May-2025 09:41:34.791 SEVERE [main] org.apache.catalina.util.LifecycleBase.handleSubClassException Failed to initialize component [Connector["http-nio-8080"]]
	org.apache.catalina.LifecycleException: Protocol handler initialization failed
		at org.apache.catalina.connector.Connector.initInternal(Connector.java:1054)
		at org.apache.catalina.util.LifecycleBase.init(LifecycleBase.java:122)
		at org.apache.catalina.core.StandardService.initInternal(StandardService.java:522)
		at org.apache.catalina.util.LifecycleBase.init(LifecycleBase.java:122)
		at org.apache.catalina.core.StandardServer.initInternal(StandardServer.java:953)
		at org.apache.catalina.util.LifecycleBase.init(LifecycleBase.java:122)
		at org.apache.catalina.startup.Catalina.load(Catalina.java:710)
		at org.apache.catalina.startup.Catalina.load(Catalina.java:733)
		at java.base/jdk.internal.reflect.DirectMethodHandleAccessor.invoke(DirectMethodHandleAccessor.java:104)
		at java.base/java.lang.reflect.Method.invoke(Method.java:565)
		at org.apache.catalina.startup.Bootstrap.load(Bootstrap.java:299)
		at org.apache.catalina.startup.Bootstrap.main(Bootstrap.java:472)
	Caused by: java.net.BindException: Address already in use
		at java.base/sun.nio.ch.Net.bind0(Native Method)
		at java.base/sun.nio.ch.Net.bind(Net.java:511)
		at java.base/sun.nio.ch.ServerSocketChannelImpl.netBind(ServerSocketChannelImpl.java:335)
		at java.base/sun.nio.ch.ServerSocketChannelImpl.bind(ServerSocketChannelImpl.java:297)
		at org.apache.tomcat.util.net.NioEndpoint.initServerSocket(NioEndpoint.java:241)
		at org.apache.tomcat.util.net.NioEndpoint.bind(NioEndpoint.java:196)
		at org.apache.tomcat.util.net.AbstractEndpoint.bindWithCleanup(AbstractEndpoint.java:1470)
		at org.apache.tomcat.util.net.AbstractEndpoint.init(AbstractEndpoint.java:1483)
		at org.apache.coyote.AbstractProtocol.init(AbstractProtocol.java:633)
		at org.apache.coyote.http11.AbstractHttp11Protocol.init(AbstractHttp11Protocol.java:83)
		at org.apache.catalina.connector.Connector.initInternal(Connector.java:1052)
		... 11 more
28-May-2025 09:41:34.791 INFO [main] org.apache.catalina.startup.Catalina.load Server initialization in [394] milliseconds
28-May-2025 09:41:34.821 INFO [main] org.apache.catalina.core.StandardService.startInternal Starting service [Catalina]
28-May-2025 09:41:34.821 INFO [main] org.apache.catalina.core.StandardEngine.startInternal Starting Servlet engine: [Apache Tomcat/11.0.7]
28-May-2025 09:41:34.828 INFO [main] org.apache.catalina.startup.HostConfig.deployDirectory Deploying web application directory [/Users/nimamemarzadeh/Desktop/believue/serverside Dev/module-2/apache-tomcat-11.0.7/webapps/docs]
28-May-2025 09:41:35.029 INFO [main] org.apache.catalina.startup.HostConfig.deployDirectory Deployment of web application directory [/Users/nimamemarzadeh/Desktop/believue/serverside Dev/module-2/apache-tomcat-11.0.7/webapps/docs] has finished in [200] ms
28-May-2025 09:41:35.029 INFO [main] org.apache.catalina.startup.HostConfig.deployDirectory Deploying web application directory [/Users/nimamemarzadeh/Desktop/believue/serverside Dev/module-2/apache-tomcat-11.0.7/webapps/myapp]
28-May-2025 09:41:35.050 INFO [main] org.apache.catalina.startup.HostConfig.deployDirectory Deployment of web application directory [/Users/nimamemarzadeh/Desktop/believue/serverside Dev/module-2/apache-tomcat-11.0.7/webapps/myapp] has finished in [21] ms
28-May-2025 09:41:35.050 INFO [main] org.apache.catalina.startup.HostConfig.deployDirectory Deploying web application directory [/Users/nimamemarzadeh/Desktop/believue/serverside Dev/module-2/apache-tomcat-11.0.7/webapps/manager]
28-May-2025 09:41:35.083 INFO [main] org.apache.catalina.startup.HostConfig.deployDirectory Deployment of web application directory [/Users/nimamemarzadeh/Desktop/believue/serverside Dev/module-2/apache-tomcat-11.0.7/webapps/manager] has finished in [33] ms
28-May-2025 09:41:35.083 INFO [main] org.apache.catalina.startup.HostConfig.deployDirectory Deploying web application directory [/Users/nimamemarzadeh/Desktop/believue/serverside Dev/module-2/apache-tomcat-11.0.7/webapps/examples]
28-May-2025 09:41:35.244 INFO [main] org.apache.catalina.startup.HostConfig.deployDirectory Deployment of web application directory [/Users/nimamemarzadeh/Desktop/believue/serverside Dev/module-2/apache-tomcat-11.0.7/webapps/examples] has finished in [161] ms
28-May-2025 09:41:35.244 INFO [main] org.apache.catalina.startup.HostConfig.deployDirectory Deploying web application directory [/Users/nimamemarzadeh/Desktop/believue/serverside Dev/module-2/apache-tomcat-11.0.7/webapps/ROOT]
28-May-2025 09:41:35.258 INFO [main] org.apache.catalina.startup.HostConfig.deployDirectory Deployment of web application directory [/Users/nimamemarzadeh/Desktop/believue/serverside Dev/module-2/apache-tomcat-11.0.7/webapps/ROOT] has finished in [13] ms
28-May-2025 09:41:35.258 INFO [main] org.apache.catalina.startup.HostConfig.deployDirectory Deploying web application directory [/Users/nimamemarzadeh/Desktop/believue/serverside Dev/module-2/apache-tomcat-11.0.7/webapps/host-manager]
28-May-2025 09:41:35.273 INFO [main] org.apache.catalina.startup.HostConfig.deployDirectory Deployment of web application directory [/Users/nimamemarzadeh/Desktop/believue/serverside Dev/module-2/apache-tomcat-11.0.7/webapps/host-manager] has finished in [15] ms
28-May-2025 09:41:35.277 INFO [main] org.apache.catalina.startup.Catalina.start Server startup in [484] milliseconds
28-May-2025 09:41:35.281 SEVERE [main] org.apache.catalina.core.StandardServer.await Failed to create server shutdown socket on address [localhost] and port [8005] (base port [8005] and offset [0])
	java.net.BindException: Address already in use
		at java.base/sun.nio.ch.Net.bind0(Native Method)
		at java.base/sun.nio.ch.Net.bind(Net.java:511)
		at java.base/sun.nio.ch.Net.bind(Net.java:500)
		at java.base/sun.nio.ch.NioSocketImpl.bind(NioSocketImpl.java:630)
		at java.base/java.net.ServerSocket.bind(ServerSocket.java:326)
		at java.base/java.net.ServerSocket.<init>(ServerSocket.java:222)
		at org.apache.catalina.core.StandardServer.await(StandardServer.java:532)
		at org.apache.catalina.startup.Catalina.await(Catalina.java:849)
		at org.apache.catalina.startup.Catalina.start(Catalina.java:797)
		at java.base/jdk.internal.reflect.DirectMethodHandleAccessor.invoke(DirectMethodHandleAccessor.java:104)
		at java.base/java.lang.reflect.Method.invoke(Method.java:565)
		at org.apache.catalina.startup.Bootstrap.start(Bootstrap.java:342)
		at org.apache.catalina.startup.Bootstrap.main(Bootstrap.java:473)
28-May-2025 09:41:35.281 INFO [main] org.apache.coyote.AbstractProtocol.pause Pausing ProtocolHandler ["http-nio-8080"]
28-May-2025 09:41:35.281 INFO [main] org.apache.catalina.core.StandardService.stopInternal Stopping service [Catalina]
28-May-2025 09:41:35.301 INFO [main] org.apache.coyote.AbstractProtocol.stop Stopping ProtocolHandler ["http-nio-8080"]
28-May-2025 09:41:35.301 INFO [main] org.apache.coyote.AbstractProtocol.destroy Destroying ProtocolHandler ["http-nio-8080"]
28-May-2025 09:42:23.849 INFO [main] org.apache.catalina.core.StandardServer.await A valid shutdown command was received via the shutdown port. Stopping the Server instance.
28-May-2025 09:42:23.849 INFO [main] org.apache.coyote.AbstractProtocol.pause Pausing ProtocolHandler ["http-nio-8080"]
28-May-2025 09:42:23.853 INFO [main] org.apache.catalina.core.StandardService.stopInternal Stopping service [Catalina]
28-May-2025 09:42:23.871 INFO [main] org.apache.coyote.AbstractProtocol.stop Stopping ProtocolHandler ["http-nio-8080"]
28-May-2025 09:42:23.878 INFO [main] org.apache.coyote.AbstractProtocol.destroy Destroying ProtocolHandler ["http-nio-8080"]
28-May-2025 09:46:04.137 INFO [main] org.apache.catalina.startup.VersionLoggerListener.log Server version name:   Apache Tomcat/11.0.7
28-May-2025 09:46:04.139 INFO [main] org.apache.catalina.startup.VersionLoggerListener.log Server built:          May 7 2025 14:55:59 UTC
28-May-2025 09:46:04.139 INFO [main] org.apache.catalina.startup.VersionLoggerListener.log Server version number: 11.0.7.0
28-May-2025 09:46:04.139 INFO [main] org.apache.catalina.startup.VersionLoggerListener.log OS Name:               Mac OS X
28-May-2025 09:46:04.139 INFO [main] org.apache.catalina.startup.VersionLoggerListener.log OS Version:            15.5
28-May-2025 09:46:04.139 INFO [main] org.apache.catalina.startup.VersionLoggerListener.log Architecture:          x86_64
28-May-2025 09:46:04.140 INFO [main] org.apache.catalina.startup.VersionLoggerListener.log Java Home:             /Library/Java/JavaVirtualMachines/jdk-24.jdk/Contents/Home
28-May-2025 09:46:04.140 INFO [main] org.apache.catalina.startup.VersionLoggerListener.log JVM Version:           24.0.1+9-30
28-May-2025 09:46:04.140 INFO [main] org.apache.catalina.startup.VersionLoggerListener.log JVM Vendor:            Oracle Corporation
28-May-2025 09:46:04.140 INFO [main] org.apache.catalina.startup.VersionLoggerListener.log CATALINA_BASE:         /Users/nimamemarzadeh/Desktop/believue/serverside Dev/module-2/apache-tomcat-11.0.7
28-May-2025 09:46:04.140 INFO [main] org.apache.catalina.startup.VersionLoggerListener.log CATALINA_HOME:         /Users/nimamemarzadeh/Desktop/believue/serverside Dev/module-2/apache-tomcat-11.0.7
28-May-2025 09:46:04.149 INFO [main] org.apache.catalina.startup.VersionLoggerListener.log Command line argument: -Djava.util.logging.config.file=/Users/nimamemarzadeh/Desktop/believue/serverside Dev/module-2/apache-tomcat-11.0.7/conf/logging.properties
28-May-2025 09:46:04.149 INFO [main] org.apache.catalina.startup.VersionLoggerListener.log Command line argument: -Djava.util.logging.manager=org.apache.juli.ClassLoaderLogManager
28-May-2025 09:46:04.149 INFO [main] org.apache.catalina.startup.VersionLoggerListener.log Command line argument: -Djdk.tls.ephemeralDHKeySize=2048
28-May-2025 09:46:04.149 INFO [main] org.apache.catalina.startup.VersionLoggerListener.log Command line argument: -Dorg.apache.catalina.security.SecurityListener.UMASK=0027
28-May-2025 09:46:04.149 INFO [main] org.apache.catalina.startup.VersionLoggerListener.log Command line argument: --add-opens=java.base/java.lang=ALL-UNNAMED
28-May-2025 09:46:04.149 INFO [main] org.apache.catalina.startup.VersionLoggerListener.log Command line argument: --add-opens=java.base/java.lang.reflect=ALL-UNNAMED
28-May-2025 09:46:04.149 INFO [main] org.apache.catalina.startup.VersionLoggerListener.log Command line argument: --add-opens=java.base/java.io=ALL-UNNAMED
28-May-2025 09:46:04.149 INFO [main] org.apache.catalina.startup.VersionLoggerListener.log Command line argument: --add-opens=java.base/java.util=ALL-UNNAMED
28-May-2025 09:46:04.149 INFO [main] org.apache.catalina.startup.VersionLoggerListener.log Command line argument: --add-opens=java.base/java.util.concurrent=ALL-UNNAMED
28-May-2025 09:46:04.150 INFO [main] org.apache.catalina.startup.VersionLoggerListener.log Command line argument: --add-opens=java.rmi/sun.rmi.transport=ALL-UNNAMED
28-May-2025 09:46:04.150 INFO [main] org.apache.catalina.startup.VersionLoggerListener.log Command line argument: --enable-native-access=ALL-UNNAMED
28-May-2025 09:46:04.150 INFO [main] org.apache.catalina.startup.VersionLoggerListener.log Command line argument: -Dcatalina.base=/Users/nimamemarzadeh/Desktop/believue/serverside Dev/module-2/apache-tomcat-11.0.7
28-May-2025 09:46:04.150 INFO [main] org.apache.catalina.startup.VersionLoggerListener.log Command line argument: -Dcatalina.home=/Users/nimamemarzadeh/Desktop/believue/serverside Dev/module-2/apache-tomcat-11.0.7
28-May-2025 09:46:04.150 INFO [main] org.apache.catalina.startup.VersionLoggerListener.log Command line argument: -Djava.io.tmpdir=/Users/nimamemarzadeh/Desktop/believue/serverside Dev/module-2/apache-tomcat-11.0.7/temp
28-May-2025 09:46:04.161 INFO [main] org.apache.catalina.core.AprLifecycleListener.lifecycleEvent The Apache Tomcat Native library which allows using OpenSSL was not found on the java.library.path: [/Users/nimamemarzadeh/Library/Java/Extensions:/Library/Java/Extensions:/Network/Library/Java/Extensions:/System/Library/Java/Extensions:/usr/lib/java:.]
28-May-2025 09:46:04.379 INFO [main] org.apache.coyote.AbstractProtocol.init Initializing ProtocolHandler ["http-nio-8080"]
28-May-2025 09:46:04.401 INFO [main] org.apache.catalina.startup.Catalina.load Server initialization in [401] milliseconds
28-May-2025 09:46:04.436 INFO [main] org.apache.catalina.core.StandardService.startInternal Starting service [Catalina]
28-May-2025 09:46:04.436 INFO [main] org.apache.catalina.core.StandardEngine.startInternal Starting Servlet engine: [Apache Tomcat/11.0.7]
28-May-2025 09:46:04.444 INFO [main] org.apache.catalina.startup.HostConfig.deployDirectory Deploying web application directory [/Users/nimamemarzadeh/Desktop/believue/serverside Dev/module-2/apache-tomcat-11.0.7/webapps/docs]
28-May-2025 09:46:04.667 INFO [main] org.apache.catalina.startup.HostConfig.deployDirectory Deployment of web application directory [/Users/nimamemarzadeh/Desktop/believue/serverside Dev/module-2/apache-tomcat-11.0.7/webapps/docs] has finished in [224] ms
28-May-2025 09:46:04.668 INFO [main] org.apache.catalina.startup.HostConfig.deployDirectory Deploying web application directory [/Users/nimamemarzadeh/Desktop/believue/serverside Dev/module-2/apache-tomcat-11.0.7/webapps/myapp]
28-May-2025 09:46:04.692 INFO [main] org.apache.catalina.startup.HostConfig.deployDirectory Deployment of web application directory [/Users/nimamemarzadeh/Desktop/believue/serverside Dev/module-2/apache-tomcat-11.0.7/webapps/myapp] has finished in [24] ms
28-May-2025 09:46:04.693 INFO [main] org.apache.catalina.startup.HostConfig.deployDirectory Deploying web application directory [/Users/nimamemarzadeh/Desktop/believue/serverside Dev/module-2/apache-tomcat-11.0.7/webapps/manager]
28-May-2025 09:46:04.739 INFO [main] org.apache.catalina.startup.HostConfig.deployDirectory Deployment of web application directory [/Users/nimamemarzadeh/Desktop/believue/serverside Dev/module-2/apache-tomcat-11.0.7/webapps/manager] has finished in [47] ms
28-May-2025 09:46:04.740 INFO [main] org.apache.catalina.startup.HostConfig.deployDirectory Deploying web application directory [/Users/nimamemarzadeh/Desktop/believue/serverside Dev/module-2/apache-tomcat-11.0.7/webapps/examples]
28-May-2025 09:46:04.919 INFO [main] org.apache.catalina.startup.HostConfig.deployDirectory Deployment of web application directory [/Users/nimamemarzadeh/Desktop/believue/serverside Dev/module-2/apache-tomcat-11.0.7/webapps/examples] has finished in [179] ms
28-May-2025 09:46:04.920 INFO [main] org.apache.catalina.startup.HostConfig.deployDirectory Deploying web application directory [/Users/nimamemarzadeh/Desktop/believue/serverside Dev/module-2/apache-tomcat-11.0.7/webapps/ROOT]
28-May-2025 09:46:04.934 INFO [main] org.apache.catalina.startup.HostConfig.deployDirectory Deployment of web application directory [/Users/nimamemarzadeh/Desktop/believue/serverside Dev/module-2/apache-tomcat-11.0.7/webapps/ROOT] has finished in [15] ms
28-May-2025 09:46:04.935 INFO [main] org.apache.catalina.startup.HostConfig.deployDirectory Deploying web application directory [/Users/nimamemarzadeh/Desktop/believue/serverside Dev/module-2/apache-tomcat-11.0.7/webapps/host-manager]
28-May-2025 09:46:04.950 INFO [main] org.apache.catalina.startup.HostConfig.deployDirectory Deployment of web application directory [/Users/nimamemarzadeh/Desktop/believue/serverside Dev/module-2/apache-tomcat-11.0.7/webapps/host-manager] has finished in [16] ms
28-May-2025 09:46:04.953 INFO [main] org.apache.coyote.AbstractProtocol.start Starting ProtocolHandler ["http-nio-8080"]
28-May-2025 09:46:04.963 INFO [main] org.apache.catalina.startup.Catalina.start Server startup in [560] milliseconds
28-May-2025 09:49:35.559 INFO [Catalina-utility-1] org.apache.catalina.startup.HostConfig.undeploy Undeploying context [/myapp]
28-May-2025 09:49:35.574 INFO [Catalina-utility-1] org.apache.catalina.startup.HostConfig.deployDirectory Deploying web application directory [/Users/nimamemarzadeh/Desktop/believue/serverside Dev/module-2/apache-tomcat-11.0.7/webapps/MovieSceneTable]
28-May-2025 09:49:35.597 INFO [Catalina-utility-1] org.apache.catalina.startup.HostConfig.deployDirectory Deployment of web application directory [/Users/nimamemarzadeh/Desktop/believue/serverside Dev/module-2/apache-tomcat-11.0.7/webapps/MovieSceneTable] has finished in [23] ms
28-May-2025 09:54:35.739 INFO [Catalina-utility-2] org.apache.catalina.startup.HostConfig.deployDirectory Deploying web application directory [/Users/nimamemarzadeh/Desktop/believue/serverside Dev/module-2/apache-tomcat-11.0.7/webapps/myapp]
28-May-2025 09:54:35.754 INFO [Catalina-utility-2] org.apache.catalina.startup.HostConfig.deployDirectory Deployment of web application directory [/Users/nimamemarzadeh/Desktop/believue/serverside Dev/module-2/apache-tomcat-11.0.7/webapps/myapp] has finished in [16] ms
28-May-2025 10:38:22.087 INFO [main] org.apache.catalina.core.StandardServer.await A valid shutdown command was received via the shutdown port. Stopping the Server instance.
28-May-2025 10:38:22.087 INFO [main] org.apache.coyote.AbstractProtocol.pause Pausing ProtocolHandler ["http-nio-8080"]
28-May-2025 10:38:22.091 INFO [main] org.apache.catalina.core.StandardService.stopInternal Stopping service [Catalina]
28-May-2025 10:38:22.102 INFO [main] org.apache.coyote.AbstractProtocol.stop Stopping ProtocolHandler ["http-nio-8080"]
28-May-2025 10:38:22.114 INFO [main] org.apache.coyote.AbstractProtocol.destroy Destroying ProtocolHandler ["http-nio-8080"]
28-May-2025 10:43:56.139 INFO [main] org.apache.catalina.startup.VersionLoggerListener.log Server version name:   Apache Tomcat/11.0.7
28-May-2025 10:43:56.141 INFO [main] org.apache.catalina.startup.VersionLoggerListener.log Server built:          May 7 2025 14:55:59 UTC
28-May-2025 10:43:56.141 INFO [main] org.apache.catalina.startup.VersionLoggerListener.log Server version number: 11.0.7.0
28-May-2025 10:43:56.141 INFO [main] org.apache.catalina.startup.VersionLoggerListener.log OS Name:               Mac OS X
28-May-2025 10:43:56.141 INFO [main] org.apache.catalina.startup.VersionLoggerListener.log OS Version:            15.5
28-May-2025 10:43:56.141 INFO [main] org.apache.catalina.startup.VersionLoggerListener.log Architecture:          x86_64
28-May-2025 10:43:56.141 INFO [main] org.apache.catalina.startup.VersionLoggerListener.log Java Home:             /Library/Java/JavaVirtualMachines/jdk-24.jdk/Contents/Home
28-May-2025 10:43:56.141 INFO [main] org.apache.catalina.startup.VersionLoggerListener.log JVM Version:           24.0.1+9-30
28-May-2025 10:43:56.141 INFO [main] org.apache.catalina.startup.VersionLoggerListener.log JVM Vendor:            Oracle Corporation
28-May-2025 10:43:56.142 INFO [main] org.apache.catalina.startup.VersionLoggerListener.log CATALINA_BASE:         /Users/nimamemarzadeh/Desktop/believue/serverside Dev/module-2/apache-tomcat-11.0.7
28-May-2025 10:43:56.142 INFO [main] org.apache.catalina.startup.VersionLoggerListener.log CATALINA_HOME:         /Users/nimamemarzadeh/Desktop/believue/serverside Dev/module-2/apache-tomcat-11.0.7
28-May-2025 10:43:56.151 INFO [main] org.apache.catalina.startup.VersionLoggerListener.log Command line argument: -Djava.util.logging.config.file=/Users/nimamemarzadeh/Desktop/believue/serverside Dev/module-2/apache-tomcat-11.0.7/conf/logging.properties
28-May-2025 10:43:56.151 INFO [main] org.apache.catalina.startup.VersionLoggerListener.log Command line argument: -Djava.util.logging.manager=org.apache.juli.ClassLoaderLogManager
28-May-2025 10:43:56.151 INFO [main] org.apache.catalina.startup.VersionLoggerListener.log Command line argument: -Djdk.tls.ephemeralDHKeySize=2048
28-May-2025 10:43:56.151 INFO [main] org.apache.catalina.startup.VersionLoggerListener.log Command line argument: -Dorg.apache.catalina.security.SecurityListener.UMASK=0027
28-May-2025 10:43:56.152 INFO [main] org.apache.catalina.startup.VersionLoggerListener.log Command line argument: --add-opens=java.base/java.lang=ALL-UNNAMED
28-May-2025 10:43:56.152 INFO [main] org.apache.catalina.startup.VersionLoggerListener.log Command line argument: --add-opens=java.base/java.lang.reflect=ALL-UNNAMED
28-May-2025 10:43:56.152 INFO [main] org.apache.catalina.startup.VersionLoggerListener.log Command line argument: --add-opens=java.base/java.io=ALL-UNNAMED
28-May-2025 10:43:56.152 INFO [main] org.apache.catalina.startup.VersionLoggerListener.log Command line argument: --add-opens=java.base/java.util=ALL-UNNAMED
28-May-2025 10:43:56.152 INFO [main] org.apache.catalina.startup.VersionLoggerListener.log Command line argument: --add-opens=java.base/java.util.concurrent=ALL-UNNAMED
28-May-2025 10:43:56.152 INFO [main] org.apache.catalina.startup.VersionLoggerListener.log Command line argument: --add-opens=java.rmi/sun.rmi.transport=ALL-UNNAMED
28-May-2025 10:43:56.152 INFO [main] org.apache.catalina.startup.VersionLoggerListener.log Command line argument: --enable-native-access=ALL-UNNAMED
28-May-2025 10:43:56.152 INFO [main] org.apache.catalina.startup.VersionLoggerListener.log Command line argument: -Dcatalina.base=/Users/nimamemarzadeh/Desktop/believue/serverside Dev/module-2/apache-tomcat-11.0.7
28-May-2025 10:43:56.152 INFO [main] org.apache.catalina.startup.VersionLoggerListener.log Command line argument: -Dcatalina.home=/Users/nimamemarzadeh/Desktop/believue/serverside Dev/module-2/apache-tomcat-11.0.7
28-May-2025 10:43:56.152 INFO [main] org.apache.catalina.startup.VersionLoggerListener.log Command line argument: -Djava.io.tmpdir=/Users/nimamemarzadeh/Desktop/believue/serverside Dev/module-2/apache-tomcat-11.0.7/temp
28-May-2025 10:43:56.163 INFO [main] org.apache.catalina.core.AprLifecycleListener.lifecycleEvent The Apache Tomcat Native library which allows using OpenSSL was not found on the java.library.path: [/Users/nimamemarzadeh/Library/Java/Extensions:/Library/Java/Extensions:/Network/Library/Java/Extensions:/System/Library/Java/Extensions:/usr/lib/java:.]
28-May-2025 10:43:56.384 INFO [main] org.apache.coyote.AbstractProtocol.init Initializing ProtocolHandler ["http-nio-8080"]
28-May-2025 10:43:56.407 INFO [main] org.apache.catalina.startup.Catalina.load Server initialization in [408] milliseconds
28-May-2025 10:43:56.439 INFO [main] org.apache.catalina.core.StandardService.startInternal Starting service [Catalina]
28-May-2025 10:43:56.439 INFO [main] org.apache.catalina.core.StandardEngine.startInternal Starting Servlet engine: [Apache Tomcat/11.0.7]
28-May-2025 10:43:56.446 INFO [main] org.apache.catalina.startup.HostConfig.deployDirectory Deploying web application directory [/Users/nimamemarzadeh/Desktop/believue/serverside Dev/module-2/apache-tomcat-11.0.7/webapps/MovieSceneTable]
28-May-2025 10:43:56.660 INFO [main] org.apache.catalina.startup.HostConfig.deployDirectory Deployment of web application directory [/Users/nimamemarzadeh/Desktop/believue/serverside Dev/module-2/apache-tomcat-11.0.7/webapps/MovieSceneTable] has finished in [214] ms
28-May-2025 10:43:56.661 INFO [main] org.apache.catalina.startup.HostConfig.deployDirectory Deploying web application directory [/Users/nimamemarzadeh/Desktop/believue/serverside Dev/module-2/apache-tomcat-11.0.7/webapps/docs]
28-May-2025 10:43:56.681 INFO [main] org.apache.catalina.startup.HostConfig.deployDirectory Deployment of web application directory [/Users/nimamemarzadeh/Desktop/believue/serverside Dev/module-2/apache-tomcat-11.0.7/webapps/docs] has finished in [20] ms
28-May-2025 10:43:56.681 INFO [main] org.apache.catalina.startup.HostConfig.deployDirectory Deploying web application directory [/Users/nimamemarzadeh/Desktop/believue/serverside Dev/module-2/apache-tomcat-11.0.7/webapps/myapp]
28-May-2025 10:43:56.701 INFO [main] org.apache.catalina.startup.HostConfig.deployDirectory Deployment of web application directory [/Users/nimamemarzadeh/Desktop/believue/serverside Dev/module-2/apache-tomcat-11.0.7/webapps/myapp] has finished in [20] ms
28-May-2025 10:43:56.701 INFO [main] org.apache.catalina.startup.HostConfig.deployDirectory Deploying web application directory [/Users/nimamemarzadeh/Desktop/believue/serverside Dev/module-2/apache-tomcat-11.0.7/webapps/manager]
28-May-2025 10:43:56.728 INFO [main] org.apache.catalina.startup.HostConfig.deployDirectory Deployment of web application directory [/Users/nimamemarzadeh/Desktop/believue/serverside Dev/module-2/apache-tomcat-11.0.7/webapps/manager] has finished in [27] ms
28-May-2025 10:43:56.728 INFO [main] org.apache.catalina.startup.HostConfig.deployDirectory Deploying web application directory [/Users/nimamemarzadeh/Desktop/believue/serverside Dev/module-2/apache-tomcat-11.0.7/webapps/examples]
28-May-2025 10:43:57.003 INFO [main] org.apache.catalina.startup.HostConfig.deployDirectory Deployment of web application directory [/Users/nimamemarzadeh/Desktop/believue/serverside Dev/module-2/apache-tomcat-11.0.7/webapps/examples] has finished in [275] ms
28-May-2025 10:43:57.003 INFO [main] org.apache.catalina.startup.HostConfig.deployDirectory Deploying web application directory [/Users/nimamemarzadeh/Desktop/believue/serverside Dev/module-2/apache-tomcat-11.0.7/webapps/ROOT]
28-May-2025 10:43:57.017 INFO [main] org.apache.catalina.startup.HostConfig.deployDirectory Deployment of web application directory [/Users/nimamemarzadeh/Desktop/believue/serverside Dev/module-2/apache-tomcat-11.0.7/webapps/ROOT] has finished in [14] ms
28-May-2025 10:43:57.018 INFO [main] org.apache.catalina.startup.HostConfig.deployDirectory Deploying web application directory [/Users/nimamemarzadeh/Desktop/believue/serverside Dev/module-2/apache-tomcat-11.0.7/webapps/host-manager]
28-May-2025 10:43:57.036 INFO [main] org.apache.catalina.startup.HostConfig.deployDirectory Deployment of web application directory [/Users/nimamemarzadeh/Desktop/believue/serverside Dev/module-2/apache-tomcat-11.0.7/webapps/host-manager] has finished in [17] ms
28-May-2025 10:43:57.039 INFO [main] org.apache.coyote.AbstractProtocol.start Starting ProtocolHandler ["http-nio-8080"]
28-May-2025 10:43:57.049 INFO [main] org.apache.catalina.startup.Catalina.start Server startup in [640] milliseconds
28-May-2025 10:44:27.558 INFO [Catalina-utility-1] org.apache.catalina.startup.HostConfig.undeploy Undeploying context [/myapp]
28-May-2025 10:44:47.582 INFO [Catalina-utility-2] org.apache.catalina.startup.HostConfig.deployDirectory Deploying web application directory [/Users/nimamemarzadeh/Desktop/believue/serverside Dev/module-2/apache-tomcat-11.0.7/webapps/myapp]
28-May-2025 10:44:47.596 INFO [Catalina-utility-2] org.apache.catalina.startup.HostConfig.deployDirectory Deployment of web application directory [/Users/nimamemarzadeh/Desktop/believue/serverside Dev/module-2/apache-tomcat-11.0.7/webapps/myapp] has finished in [14] ms
28-May-2025 10:45:18.118 INFO [Catalina-utility-1] org.apache.catalina.startup.HostConfig.undeploy Undeploying context [/myapp]
28-May-2025 10:49:08.217 INFO [Catalina-utility-1] org.apache.catalina.users.MemoryUserDatabase.backgroundProcess Reloading memory user database [UserDatabase] from updated source [file:/Users/nimamemarzadeh/Desktop/believue/serverside%20Dev/module-2/apache-tomcat-11.0.7/conf/tomcat-users.xml]
28-May-2025 10:49:08.217 SEVERE [Catalina-utility-1] org.apache.catalina.users.MemoryUserDatabase.open The specified user database [conf/tomcat-users.xml] could not be found
28-May-2025 10:49:08.720 INFO [Catalina-utility-1] org.apache.catalina.startup.HostConfig.undeploy Undeploying context []
28-May-2025 10:49:08.722 WARNING [Catalina-utility-1] org.apache.catalina.loader.WebappClassLoaderBase.clearReferencesJdbc JDBC driver de-registration failed for web application [ROOT]
	java.io.FileNotFoundException: org/apache/catalina/loader/JdbcLeakPrevention.class
		at org.apache.catalina.loader.WebappClassLoaderBase.clearReferencesJdbc(WebappClassLoaderBase.java:1469)
		at org.apache.catalina.loader.WebappClassLoaderBase.clearReferences(WebappClassLoaderBase.java:1417)
		at org.apache.catalina.loader.WebappClassLoaderBase.stop(WebappClassLoaderBase.java:1354)
		at org.apache.catalina.loader.WebappLoader.stopInternal(WebappLoader.java:370)
		at org.apache.catalina.util.LifecycleBase.stop(LifecycleBase.java:235)
		at org.apache.catalina.core.StandardContext.stopInternal(StandardContext.java:4701)
		at org.apache.catalina.util.LifecycleBase.stop(LifecycleBase.java:235)
		at org.apache.catalina.core.ContainerBase.removeChild(ContainerBase.java:626)
		at org.apache.catalina.startup.HostConfig.undeploy(HostConfig.java:1439)
		at org.apache.catalina.startup.HostConfig.checkResources(HostConfig.java:1368)
		at org.apache.catalina.startup.HostConfig.check(HostConfig.java:1617)
		at org.apache.catalina.startup.HostConfig.lifecycleEvent(HostConfig.java:263)
		at org.apache.catalina.util.LifecycleBase.fireLifecycleEvent(LifecycleBase.java:109)
		at org.apache.catalina.core.ContainerBase.backgroundProcess(ContainerBase.java:940)
		at org.apache.catalina.core.ContainerBase$ContainerBackgroundProcessor.processChildren(ContainerBase.java:1139)
		at org.apache.catalina.core.ContainerBase$ContainerBackgroundProcessor.processChildren(ContainerBase.java:1143)
		at org.apache.catalina.core.ContainerBase$ContainerBackgroundProcessor.run(ContainerBase.java:1121)
		at java.base/java.util.concurrent.Executors$RunnableAdapter.call(Executors.java:545)
		at java.base/java.util.concurrent.FutureTask.runAndReset(FutureTask.java:369)
		at java.base/java.util.concurrent.ScheduledThreadPoolExecutor$ScheduledFutureTask.run(ScheduledThreadPoolExecutor.java:310)
		at java.base/java.util.concurrent.ThreadPoolExecutor.runWorker(ThreadPoolExecutor.java:1095)
		at java.base/java.util.concurrent.ThreadPoolExecutor$Worker.run(ThreadPoolExecutor.java:619)
		at org.apache.tomcat.util.threads.TaskThread$WrappingRunnable.run(TaskThread.java:59)
		at java.base/java.lang.Thread.run(Thread.java:1447)
28-May-2025 10:49:09.231 INFO [Catalina-utility-1] org.apache.catalina.startup.HostConfig.undeploy Undeploying context [/examples]
28-May-2025 10:49:09.234 WARNING [Catalina-utility-1] org.apache.catalina.loader.WebappClassLoaderBase.clearReferencesJdbc JDBC driver de-registration failed for web application [examples]
	java.lang.IllegalStateException: java.nio.file.NoSuchFileException: /Users/nimamemarzadeh/Desktop/believue/serverside Dev/module-2/apache-tomcat-11.0.7/webapps/examples/WEB-INF/lib/taglibs-standard-spec-1.2.5-migrated-0.0.1.jar
		at org.apache.catalina.webresources.AbstractSingleArchiveResourceSet.getArchiveEntry(AbstractSingleArchiveResourceSet.java:99)
		at org.apache.catalina.webresources.AbstractArchiveResourceSet.getResource(AbstractArchiveResourceSet.java:250)
		at org.apache.catalina.webresources.StandardRoot.getResourceInternal(StandardRoot.java:273)
		at org.apache.catalina.webresources.Cache.getResource(Cache.java:64)
		at org.apache.catalina.webresources.StandardRoot.getResource(StandardRoot.java:212)
		at org.apache.catalina.webresources.StandardRoot.getClassLoaderResource(StandardRoot.java:221)
		at org.apache.catalina.loader.WebappClassLoaderBase.getResourceAsStream(WebappClassLoaderBase.java:964)
		at org.apache.catalina.loader.WebappClassLoaderBase.clearReferencesJdbc(WebappClassLoaderBase.java:1467)
		at org.apache.catalina.loader.WebappClassLoaderBase.clearReferences(WebappClassLoaderBase.java:1417)
		at org.apache.catalina.loader.WebappClassLoaderBase.stop(WebappClassLoaderBase.java:1354)
		at org.apache.catalina.loader.WebappLoader.stopInternal(WebappLoader.java:370)
		at org.apache.catalina.util.LifecycleBase.stop(LifecycleBase.java:235)
		at org.apache.catalina.core.StandardContext.stopInternal(StandardContext.java:4701)
		at org.apache.catalina.util.LifecycleBase.stop(LifecycleBase.java:235)
		at org.apache.catalina.core.ContainerBase.removeChild(ContainerBase.java:626)
		at org.apache.catalina.startup.HostConfig.undeploy(HostConfig.java:1439)
		at org.apache.catalina.startup.HostConfig.checkResources(HostConfig.java:1368)
		at org.apache.catalina.startup.HostConfig.check(HostConfig.java:1617)
		at org.apache.catalina.startup.HostConfig.lifecycleEvent(HostConfig.java:263)
		at org.apache.catalina.util.LifecycleBase.fireLifecycleEvent(LifecycleBase.java:109)
		at org.apache.catalina.core.ContainerBase.backgroundProcess(ContainerBase.java:940)
		at org.apache.catalina.core.ContainerBase$ContainerBackgroundProcessor.processChildren(ContainerBase.java:1139)
		at org.apache.catalina.core.ContainerBase$ContainerBackgroundProcessor.processChildren(ContainerBase.java:1143)
		at org.apache.catalina.core.ContainerBase$ContainerBackgroundProcessor.run(ContainerBase.java:1121)
		at java.base/java.util.concurrent.Executors$RunnableAdapter.call(Executors.java:545)
		at java.base/java.util.concurrent.FutureTask.runAndReset(FutureTask.java:369)
		at java.base/java.util.concurrent.ScheduledThreadPoolExecutor$ScheduledFutureTask.run(ScheduledThreadPoolExecutor.java:310)
		at java.base/java.util.concurrent.ThreadPoolExecutor.runWorker(ThreadPoolExecutor.java:1095)
		at java.base/java.util.concurrent.ThreadPoolExecutor$Worker.run(ThreadPoolExecutor.java:619)
		at org.apache.tomcat.util.threads.TaskThread$WrappingRunnable.run(TaskThread.java:59)
		at java.base/java.lang.Thread.run(Thread.java:1447)
	Caused by: java.nio.file.NoSuchFileException: /Users/nimamemarzadeh/Desktop/believue/serverside Dev/module-2/apache-tomcat-11.0.7/webapps/examples/WEB-INF/lib/taglibs-standard-spec-1.2.5-migrated-0.0.1.jar
		at java.base/sun.nio.fs.UnixException.translateToIOException(UnixException.java:92)
		at java.base/sun.nio.fs.UnixException.rethrowAsIOException(UnixException.java:106)
		at java.base/sun.nio.fs.UnixException.rethrowAsIOException(UnixException.java:111)
		at java.base/sun.nio.fs.UnixFileAttributeViews$Basic.readAttributes(UnixFileAttributeViews.java:55)
		at java.base/sun.nio.fs.UnixFileSystemProvider.readAttributes(UnixFileSystemProvider.java:161)
		at java.base/java.nio.file.Files.readAttributes(Files.java:1699)
		at java.base/java.util.zip.ZipFile$Source.get(ZipFile.java:1447)
		at java.base/java.util.zip.ZipFile$CleanableResource.<init>(ZipFile.java:671)
		at java.base/java.util.zip.ZipFile.<init>(ZipFile.java:201)
		at java.base/java.util.zip.ZipFile.<init>(ZipFile.java:148)
		at java.base/java.util.jar.JarFile.<init>(JarFile.java:333)
		at org.apache.catalina.webresources.AbstractArchiveResourceSet.openJarFile(AbstractArchiveResourceSet.java:318)
		at org.apache.catalina.webresources.AbstractSingleArchiveResourceSet.getArchiveEntry(AbstractSingleArchiveResourceSet.java:95)
		... 30 more
28-May-2025 10:49:09.741 INFO [Catalina-utility-1] org.apache.catalina.startup.HostConfig.undeploy Undeploying context [/host-manager]
28-May-2025 10:49:09.743 WARNING [Catalina-utility-1] org.apache.catalina.loader.WebappClassLoaderBase.clearReferencesJdbc JDBC driver de-registration failed for web application [host-manager]
	java.io.FileNotFoundException: org/apache/catalina/loader/JdbcLeakPrevention.class
		at org.apache.catalina.loader.WebappClassLoaderBase.clearReferencesJdbc(WebappClassLoaderBase.java:1469)
		at org.apache.catalina.loader.WebappClassLoaderBase.clearReferences(WebappClassLoaderBase.java:1417)
		at org.apache.catalina.loader.WebappClassLoaderBase.stop(WebappClassLoaderBase.java:1354)
		at org.apache.catalina.loader.WebappLoader.stopInternal(WebappLoader.java:370)
		at org.apache.catalina.util.LifecycleBase.stop(LifecycleBase.java:235)
		at org.apache.catalina.core.StandardContext.stopInternal(StandardContext.java:4701)
		at org.apache.catalina.util.LifecycleBase.stop(LifecycleBase.java:235)
		at org.apache.catalina.core.ContainerBase.removeChild(ContainerBase.java:626)
		at org.apache.catalina.startup.HostConfig.undeploy(HostConfig.java:1439)
		at org.apache.catalina.startup.HostConfig.checkResources(HostConfig.java:1368)
		at org.apache.catalina.startup.HostConfig.check(HostConfig.java:1617)
		at org.apache.catalina.startup.HostConfig.lifecycleEvent(HostConfig.java:263)
		at org.apache.catalina.util.LifecycleBase.fireLifecycleEvent(LifecycleBase.java:109)
		at org.apache.catalina.core.ContainerBase.backgroundProcess(ContainerBase.java:940)
		at org.apache.catalina.core.ContainerBase$ContainerBackgroundProcessor.processChildren(ContainerBase.java:1139)
		at org.apache.catalina.core.ContainerBase$ContainerBackgroundProcessor.processChildren(ContainerBase.java:1143)
		at org.apache.catalina.core.ContainerBase$ContainerBackgroundProcessor.run(ContainerBase.java:1121)
		at java.base/java.util.concurrent.Executors$RunnableAdapter.call(Executors.java:545)
		at java.base/java.util.concurrent.FutureTask.runAndReset(FutureTask.java:369)
		at java.base/java.util.concurrent.ScheduledThreadPoolExecutor$ScheduledFutureTask.run(ScheduledThreadPoolExecutor.java:310)
		at java.base/java.util.concurrent.ThreadPoolExecutor.runWorker(ThreadPoolExecutor.java:1095)
		at java.base/java.util.concurrent.ThreadPoolExecutor$Worker.run(ThreadPoolExecutor.java:619)
		at org.apache.tomcat.util.threads.TaskThread$WrappingRunnable.run(TaskThread.java:59)
		at java.base/java.lang.Thread.run(Thread.java:1447)
28-May-2025 10:49:10.248 INFO [Catalina-utility-1] org.apache.catalina.startup.HostConfig.undeploy Undeploying context [/MovieSceneTable]
28-May-2025 10:49:10.250 WARNING [Catalina-utility-1] org.apache.catalina.loader.WebappClassLoaderBase.clearReferencesJdbc JDBC driver de-registration failed for web application [MovieSceneTable]
	java.io.FileNotFoundException: org/apache/catalina/loader/JdbcLeakPrevention.class
		at org.apache.catalina.loader.WebappClassLoaderBase.clearReferencesJdbc(WebappClassLoaderBase.java:1469)
		at org.apache.catalina.loader.WebappClassLoaderBase.clearReferences(WebappClassLoaderBase.java:1417)
		at org.apache.catalina.loader.WebappClassLoaderBase.stop(WebappClassLoaderBase.java:1354)
		at org.apache.catalina.loader.WebappLoader.stopInternal(WebappLoader.java:370)
		at org.apache.catalina.util.LifecycleBase.stop(LifecycleBase.java:235)
		at org.apache.catalina.core.StandardContext.stopInternal(StandardContext.java:4701)
		at org.apache.catalina.util.LifecycleBase.stop(LifecycleBase.java:235)
		at org.apache.catalina.core.ContainerBase.removeChild(ContainerBase.java:626)
		at org.apache.catalina.startup.HostConfig.undeploy(HostConfig.java:1439)
		at org.apache.catalina.startup.HostConfig.checkResources(HostConfig.java:1368)
		at org.apache.catalina.startup.HostConfig.check(HostConfig.java:1617)
		at org.apache.catalina.startup.HostConfig.lifecycleEvent(HostConfig.java:263)
		at org.apache.catalina.util.LifecycleBase.fireLifecycleEvent(LifecycleBase.java:109)
		at org.apache.catalina.core.ContainerBase.backgroundProcess(ContainerBase.java:940)
		at org.apache.catalina.core.ContainerBase$ContainerBackgroundProcessor.processChildren(ContainerBase.java:1139)
		at org.apache.catalina.core.ContainerBase$ContainerBackgroundProcessor.processChildren(ContainerBase.java:1143)
		at org.apache.catalina.core.ContainerBase$ContainerBackgroundProcessor.run(ContainerBase.java:1121)
		at java.base/java.util.concurrent.Executors$RunnableAdapter.call(Executors.java:545)
		at java.base/java.util.concurrent.FutureTask.runAndReset(FutureTask.java:369)
		at java.base/java.util.concurrent.ScheduledThreadPoolExecutor$ScheduledFutureTask.run(ScheduledThreadPoolExecutor.java:310)
		at java.base/java.util.concurrent.ThreadPoolExecutor.runWorker(ThreadPoolExecutor.java:1095)
		at java.base/java.util.concurrent.ThreadPoolExecutor$Worker.run(ThreadPoolExecutor.java:619)
		at org.apache.tomcat.util.threads.TaskThread$WrappingRunnable.run(TaskThread.java:59)
		at java.base/java.lang.Thread.run(Thread.java:1447)
28-May-2025 10:49:10.755 INFO [Catalina-utility-1] org.apache.catalina.startup.HostConfig.undeploy Undeploying context [/manager]
28-May-2025 10:49:10.757 WARNING [Catalina-utility-1] org.apache.catalina.loader.WebappClassLoaderBase.clearReferencesJdbc JDBC driver de-registration failed for web application [manager]
	java.io.FileNotFoundException: org/apache/catalina/loader/JdbcLeakPrevention.class
		at org.apache.catalina.loader.WebappClassLoaderBase.clearReferencesJdbc(WebappClassLoaderBase.java:1469)
		at org.apache.catalina.loader.WebappClassLoaderBase.clearReferences(WebappClassLoaderBase.java:1417)
		at org.apache.catalina.loader.WebappClassLoaderBase.stop(WebappClassLoaderBase.java:1354)
		at org.apache.catalina.loader.WebappLoader.stopInternal(WebappLoader.java:370)
		at org.apache.catalina.util.LifecycleBase.stop(LifecycleBase.java:235)
		at org.apache.catalina.core.StandardContext.stopInternal(StandardContext.java:4701)
		at org.apache.catalina.util.LifecycleBase.stop(LifecycleBase.java:235)
		at org.apache.catalina.core.ContainerBase.removeChild(ContainerBase.java:626)
		at org.apache.catalina.startup.HostConfig.undeploy(HostConfig.java:1439)
		at org.apache.catalina.startup.HostConfig.checkResources(HostConfig.java:1368)
		at org.apache.catalina.startup.HostConfig.check(HostConfig.java:1617)
		at org.apache.catalina.startup.HostConfig.lifecycleEvent(HostConfig.java:263)
		at org.apache.catalina.util.LifecycleBase.fireLifecycleEvent(LifecycleBase.java:109)
		at org.apache.catalina.core.ContainerBase.backgroundProcess(ContainerBase.java:940)
		at org.apache.catalina.core.ContainerBase$ContainerBackgroundProcessor.processChildren(ContainerBase.java:1139)
		at org.apache.catalina.core.ContainerBase$ContainerBackgroundProcessor.processChildren(ContainerBase.java:1143)
		at org.apache.catalina.core.ContainerBase$ContainerBackgroundProcessor.run(ContainerBase.java:1121)
		at java.base/java.util.concurrent.Executors$RunnableAdapter.call(Executors.java:545)
		at java.base/java.util.concurrent.FutureTask.runAndReset(FutureTask.java:369)
		at java.base/java.util.concurrent.ScheduledThreadPoolExecutor$ScheduledFutureTask.run(ScheduledThreadPoolExecutor.java:310)
		at java.base/java.util.concurrent.ThreadPoolExecutor.runWorker(ThreadPoolExecutor.java:1095)
		at java.base/java.util.concurrent.ThreadPoolExecutor$Worker.run(ThreadPoolExecutor.java:619)
		at org.apache.tomcat.util.threads.TaskThread$WrappingRunnable.run(TaskThread.java:59)
		at java.base/java.lang.Thread.run(Thread.java:1447)
28-May-2025 10:49:11.266 INFO [Catalina-utility-1] org.apache.catalina.startup.HostConfig.undeploy Undeploying context [/docs]
28-May-2025 10:49:11.268 WARNING [Catalina-utility-1] org.apache.catalina.loader.WebappClassLoaderBase.clearReferencesJdbc JDBC driver de-registration failed for web application [docs]
	java.io.FileNotFoundException: org/apache/catalina/loader/JdbcLeakPrevention.class
		at org.apache.catalina.loader.WebappClassLoaderBase.clearReferencesJdbc(WebappClassLoaderBase.java:1469)
		at org.apache.catalina.loader.WebappClassLoaderBase.clearReferences(WebappClassLoaderBase.java:1417)
		at org.apache.catalina.loader.WebappClassLoaderBase.stop(WebappClassLoaderBase.java:1354)
		at org.apache.catalina.loader.WebappLoader.stopInternal(WebappLoader.java:370)
		at org.apache.catalina.util.LifecycleBase.stop(LifecycleBase.java:235)
		at org.apache.catalina.core.StandardContext.stopInternal(StandardContext.java:4701)
		at org.apache.catalina.util.LifecycleBase.stop(LifecycleBase.java:235)
		at org.apache.catalina.core.ContainerBase.removeChild(ContainerBase.java:626)
		at org.apache.catalina.startup.HostConfig.undeploy(HostConfig.java:1439)
		at org.apache.catalina.startup.HostConfig.checkResources(HostConfig.java:1368)
		at org.apache.catalina.startup.HostConfig.check(HostConfig.java:1617)
		at org.apache.catalina.startup.HostConfig.lifecycleEvent(HostConfig.java:263)
		at org.apache.catalina.util.LifecycleBase.fireLifecycleEvent(LifecycleBase.java:109)
		at org.apache.catalina.core.ContainerBase.backgroundProcess(ContainerBase.java:940)
		at org.apache.catalina.core.ContainerBase$ContainerBackgroundProcessor.processChildren(ContainerBase.java:1139)
		at org.apache.catalina.core.ContainerBase$ContainerBackgroundProcessor.processChildren(ContainerBase.java:1143)
		at org.apache.catalina.core.ContainerBase$ContainerBackgroundProcessor.run(ContainerBase.java:1121)
		at java.base/java.util.concurrent.Executors$RunnableAdapter.call(Executors.java:545)
		at java.base/java.util.concurrent.FutureTask.runAndReset(FutureTask.java:369)
		at java.base/java.util.concurrent.ScheduledThreadPoolExecutor$ScheduledFutureTask.run(ScheduledThreadPoolExecutor.java:310)
		at java.base/java.util.concurrent.ThreadPoolExecutor.runWorker(ThreadPoolExecutor.java:1095)
		at java.base/java.util.concurrent.ThreadPoolExecutor$Worker.run(ThreadPoolExecutor.java:619)
		at org.apache.tomcat.util.threads.TaskThread$WrappingRunnable.run(TaskThread.java:59)
		at java.base/java.lang.Thread.run(Thread.java:1447)
28-May-2025 10:50:07.956 INFO [main] org.apache.catalina.startup.VersionLoggerListener.log Server version name:   Apache Tomcat/11.0.7
28-May-2025 10:50:07.960 INFO [main] org.apache.catalina.startup.VersionLoggerListener.log Server built:          May 7 2025 14:55:59 UTC
28-May-2025 10:50:07.960 INFO [main] org.apache.catalina.startup.VersionLoggerListener.log Server version number: 11.0.7.0
28-May-2025 10:50:07.961 INFO [main] org.apache.catalina.startup.VersionLoggerListener.log OS Name:               Mac OS X
28-May-2025 10:50:07.961 INFO [main] org.apache.catalina.startup.VersionLoggerListener.log OS Version:            15.5
28-May-2025 10:50:07.961 INFO [main] org.apache.catalina.startup.VersionLoggerListener.log Architecture:          x86_64
28-May-2025 10:50:07.961 INFO [main] org.apache.catalina.startup.VersionLoggerListener.log Java Home:             /Library/Java/JavaVirtualMachines/jdk-24.jdk/Contents/Home
28-May-2025 10:50:07.961 INFO [main] org.apache.catalina.startup.VersionLoggerListener.log JVM Version:           24.0.1+9-30
28-May-2025 10:50:07.961 INFO [main] org.apache.catalina.startup.VersionLoggerListener.log JVM Vendor:            Oracle Corporation
28-May-2025 10:50:07.961 INFO [main] org.apache.catalina.startup.VersionLoggerListener.log CATALINA_BASE:         /Users/nimamemarzadeh/Desktop/believue/serverside Dev/csd-430/module-2/Module 2 Assignment
28-May-2025 10:50:07.961 INFO [main] org.apache.catalina.startup.VersionLoggerListener.log CATALINA_HOME:         /Users/nimamemarzadeh/Desktop/believue/serverside Dev/csd-430/module-2/Module 2 Assignment
28-May-2025 10:50:07.969 INFO [main] org.apache.catalina.startup.VersionLoggerListener.log Command line argument: -Djava.util.logging.config.file=/Users/nimamemarzadeh/Desktop/believue/serverside Dev/csd-430/module-2/Module 2 Assignment/conf/logging.properties
28-May-2025 10:50:07.969 INFO [main] org.apache.catalina.startup.VersionLoggerListener.log Command line argument: -Djava.util.logging.manager=org.apache.juli.ClassLoaderLogManager
28-May-2025 10:50:07.969 INFO [main] org.apache.catalina.startup.VersionLoggerListener.log Command line argument: -Djdk.tls.ephemeralDHKeySize=2048
28-May-2025 10:50:07.969 INFO [main] org.apache.catalina.startup.VersionLoggerListener.log Command line argument: -Dorg.apache.catalina.security.SecurityListener.UMASK=0027
28-May-2025 10:50:07.970 INFO [main] org.apache.catalina.startup.VersionLoggerListener.log Command line argument: --add-opens=java.base/java.lang=ALL-UNNAMED
28-May-2025 10:50:07.970 INFO [main] org.apache.catalina.startup.VersionLoggerListener.log Command line argument: --add-opens=java.base/java.lang.reflect=ALL-UNNAMED
28-May-2025 10:50:07.970 INFO [main] org.apache.catalina.startup.VersionLoggerListener.log Command line argument: --add-opens=java.base/java.io=ALL-UNNAMED
28-May-2025 10:50:07.970 INFO [main] org.apache.catalina.startup.VersionLoggerListener.log Command line argument: --add-opens=java.base/java.util=ALL-UNNAMED
28-May-2025 10:50:07.970 INFO [main] org.apache.catalina.startup.VersionLoggerListener.log Command line argument: --add-opens=java.base/java.util.concurrent=ALL-UNNAMED
28-May-2025 10:50:07.970 INFO [main] org.apache.catalina.startup.VersionLoggerListener.log Command line argument: --add-opens=java.rmi/sun.rmi.transport=ALL-UNNAMED
28-May-2025 10:50:07.970 INFO [main] org.apache.catalina.startup.VersionLoggerListener.log Command line argument: --enable-native-access=ALL-UNNAMED
28-May-2025 10:50:07.970 INFO [main] org.apache.catalina.startup.VersionLoggerListener.log Command line argument: -Dcatalina.base=/Users/nimamemarzadeh/Desktop/believue/serverside Dev/csd-430/module-2/Module 2 Assignment
28-May-2025 10:50:07.970 INFO [main] org.apache.catalina.startup.VersionLoggerListener.log Command line argument: -Dcatalina.home=/Users/nimamemarzadeh/Desktop/believue/serverside Dev/csd-430/module-2/Module 2 Assignment
28-May-2025 10:50:07.970 INFO [main] org.apache.catalina.startup.VersionLoggerListener.log Command line argument: -Djava.io.tmpdir=/Users/nimamemarzadeh/Desktop/believue/serverside Dev/csd-430/module-2/Module 2 Assignment/temp
28-May-2025 10:50:07.982 INFO [main] org.apache.catalina.core.AprLifecycleListener.lifecycleEvent The Apache Tomcat Native library which allows using OpenSSL was not found on the java.library.path: [/Users/nimamemarzadeh/Library/Java/Extensions:/Library/Java/Extensions:/Network/Library/Java/Extensions:/System/Library/Java/Extensions:/usr/lib/java:.]
28-May-2025 10:50:08.214 INFO [main] org.apache.coyote.AbstractProtocol.init Initializing ProtocolHandler ["http-nio-8080"]
28-May-2025 10:50:08.232 SEVERE [main] org.apache.catalina.util.LifecycleBase.handleSubClassException Failed to initialize component [Connector["http-nio-8080"]]
	org.apache.catalina.LifecycleException: Protocol handler initialization failed
		at org.apache.catalina.connector.Connector.initInternal(Connector.java:1054)
		at org.apache.catalina.util.LifecycleBase.init(LifecycleBase.java:122)
		at org.apache.catalina.core.StandardService.initInternal(StandardService.java:522)
		at org.apache.catalina.util.LifecycleBase.init(LifecycleBase.java:122)
		at org.apache.catalina.core.StandardServer.initInternal(StandardServer.java:953)
		at org.apache.catalina.util.LifecycleBase.init(LifecycleBase.java:122)
		at org.apache.catalina.startup.Catalina.load(Catalina.java:710)
		at org.apache.catalina.startup.Catalina.load(Catalina.java:733)
		at java.base/jdk.internal.reflect.DirectMethodHandleAccessor.invoke(DirectMethodHandleAccessor.java:104)
		at java.base/java.lang.reflect.Method.invoke(Method.java:565)
		at org.apache.catalina.startup.Bootstrap.load(Bootstrap.java:299)
		at org.apache.catalina.startup.Bootstrap.main(Bootstrap.java:472)
	Caused by: java.net.BindException: Address already in use
		at java.base/sun.nio.ch.Net.bind0(Native Method)
		at java.base/sun.nio.ch.Net.bind(Net.java:511)
		at java.base/sun.nio.ch.ServerSocketChannelImpl.netBind(ServerSocketChannelImpl.java:335)
		at java.base/sun.nio.ch.ServerSocketChannelImpl.bind(ServerSocketChannelImpl.java:297)
		at org.apache.tomcat.util.net.NioEndpoint.initServerSocket(NioEndpoint.java:241)
		at org.apache.tomcat.util.net.NioEndpoint.bind(NioEndpoint.java:196)
		at org.apache.tomcat.util.net.AbstractEndpoint.bindWithCleanup(AbstractEndpoint.java:1470)
		at org.apache.tomcat.util.net.AbstractEndpoint.init(AbstractEndpoint.java:1483)
		at org.apache.coyote.AbstractProtocol.init(AbstractProtocol.java:633)
		at org.apache.coyote.http11.AbstractHttp11Protocol.init(AbstractHttp11Protocol.java:83)
		at org.apache.catalina.connector.Connector.initInternal(Connector.java:1052)
		... 11 more
28-May-2025 10:50:08.233 INFO [main] org.apache.catalina.startup.Catalina.load Server initialization in [444] milliseconds
28-May-2025 10:50:08.267 INFO [main] org.apache.catalina.core.StandardService.startInternal Starting service [Catalina]
28-May-2025 10:50:08.268 INFO [main] org.apache.catalina.core.StandardEngine.startInternal Starting Servlet engine: [Apache Tomcat/11.0.7]
28-May-2025 10:50:08.275 INFO [main] org.apache.catalina.startup.HostConfig.deployDirectory Deploying web application directory [/Users/nimamemarzadeh/Desktop/believue/serverside Dev/csd-430/module-2/Module 2 Assignment/webapps/MovieSceneTable]
28-May-2025 10:50:08.524 INFO [main] org.apache.catalina.startup.HostConfig.deployDirectory Deployment of web application directory [/Users/nimamemarzadeh/Desktop/believue/serverside Dev/csd-430/module-2/Module 2 Assignment/webapps/MovieSceneTable] has finished in [248] ms
28-May-2025 10:50:08.524 INFO [main] org.apache.catalina.startup.HostConfig.deployDirectory Deploying web application directory [/Users/nimamemarzadeh/Desktop/believue/serverside Dev/csd-430/module-2/Module 2 Assignment/webapps/docs]
28-May-2025 10:50:08.546 INFO [main] org.apache.catalina.startup.HostConfig.deployDirectory Deployment of web application directory [/Users/nimamemarzadeh/Desktop/believue/serverside Dev/csd-430/module-2/Module 2 Assignment/webapps/docs] has finished in [22] ms
28-May-2025 10:50:08.546 INFO [main] org.apache.catalina.startup.HostConfig.deployDirectory Deploying web application directory [/Users/nimamemarzadeh/Desktop/believue/serverside Dev/csd-430/module-2/Module 2 Assignment/webapps/manager]
28-May-2025 10:50:08.580 INFO [main] org.apache.catalina.startup.HostConfig.deployDirectory Deployment of web application directory [/Users/nimamemarzadeh/Desktop/believue/serverside Dev/csd-430/module-2/Module 2 Assignment/webapps/manager] has finished in [34] ms
28-May-2025 10:50:08.580 INFO [main] org.apache.catalina.startup.HostConfig.deployDirectory Deploying web application directory [/Users/nimamemarzadeh/Desktop/believue/serverside Dev/csd-430/module-2/Module 2 Assignment/webapps/examples]
28-May-2025 10:50:08.762 INFO [main] org.apache.catalina.startup.HostConfig.deployDirectory Deployment of web application directory [/Users/nimamemarzadeh/Desktop/believue/serverside Dev/csd-430/module-2/Module 2 Assignment/webapps/examples] has finished in [182] ms
28-May-2025 10:50:08.763 INFO [main] org.apache.catalina.startup.HostConfig.deployDirectory Deploying web application directory [/Users/nimamemarzadeh/Desktop/believue/serverside Dev/csd-430/module-2/Module 2 Assignment/webapps/ROOT]
28-May-2025 10:50:08.779 INFO [main] org.apache.catalina.startup.HostConfig.deployDirectory Deployment of web application directory [/Users/nimamemarzadeh/Desktop/believue/serverside Dev/csd-430/module-2/Module 2 Assignment/webapps/ROOT] has finished in [16] ms
28-May-2025 10:50:08.779 INFO [main] org.apache.catalina.startup.HostConfig.deployDirectory Deploying web application directory [/Users/nimamemarzadeh/Desktop/believue/serverside Dev/csd-430/module-2/Module 2 Assignment/webapps/host-manager]
28-May-2025 10:50:08.796 INFO [main] org.apache.catalina.startup.HostConfig.deployDirectory Deployment of web application directory [/Users/nimamemarzadeh/Desktop/believue/serverside Dev/csd-430/module-2/Module 2 Assignment/webapps/host-manager] has finished in [16] ms
28-May-2025 10:50:08.799 INFO [main] org.apache.catalina.startup.Catalina.start Server startup in [564] milliseconds
28-May-2025 10:50:08.804 SEVERE [main] org.apache.catalina.core.StandardServer.await Failed to create server shutdown socket on address [localhost] and port [8005] (base port [8005] and offset [0])
	java.net.BindException: Address already in use
		at java.base/sun.nio.ch.Net.bind0(Native Method)
		at java.base/sun.nio.ch.Net.bind(Net.java:511)
		at java.base/sun.nio.ch.Net.bind(Net.java:500)
		at java.base/sun.nio.ch.NioSocketImpl.bind(NioSocketImpl.java:630)
		at java.base/java.net.ServerSocket.bind(ServerSocket.java:326)
		at java.base/java.net.ServerSocket.<init>(ServerSocket.java:222)
		at org.apache.catalina.core.StandardServer.await(StandardServer.java:532)
		at org.apache.catalina.startup.Catalina.await(Catalina.java:849)
		at org.apache.catalina.startup.Catalina.start(Catalina.java:797)
		at java.base/jdk.internal.reflect.DirectMethodHandleAccessor.invoke(DirectMethodHandleAccessor.java:104)
		at java.base/java.lang.reflect.Method.invoke(Method.java:565)
		at org.apache.catalina.startup.Bootstrap.start(Bootstrap.java:342)
		at org.apache.catalina.startup.Bootstrap.main(Bootstrap.java:473)
28-May-2025 10:50:08.805 INFO [main] org.apache.coyote.AbstractProtocol.pause Pausing ProtocolHandler ["http-nio-8080"]
28-May-2025 10:50:08.805 INFO [main] org.apache.catalina.core.StandardService.stopInternal Stopping service [Catalina]
28-May-2025 10:50:08.822 INFO [main] org.apache.coyote.AbstractProtocol.stop Stopping ProtocolHandler ["http-nio-8080"]
28-May-2025 10:50:08.822 INFO [main] org.apache.coyote.AbstractProtocol.destroy Destroying ProtocolHandler ["http-nio-8080"]
28-May-2025 10:51:10.820 INFO [main] org.apache.catalina.startup.VersionLoggerListener.log Server version name:   Apache Tomcat/11.0.7
28-May-2025 10:51:10.822 INFO [main] org.apache.catalina.startup.VersionLoggerListener.log Server built:          May 7 2025 14:55:59 UTC
28-May-2025 10:51:10.822 INFO [main] org.apache.catalina.startup.VersionLoggerListener.log Server version number: 11.0.7.0
28-May-2025 10:51:10.822 INFO [main] org.apache.catalina.startup.VersionLoggerListener.log OS Name:               Mac OS X
28-May-2025 10:51:10.822 INFO [main] org.apache.catalina.startup.VersionLoggerListener.log OS Version:            15.5
28-May-2025 10:51:10.822 INFO [main] org.apache.catalina.startup.VersionLoggerListener.log Architecture:          x86_64
28-May-2025 10:51:10.822 INFO [main] org.apache.catalina.startup.VersionLoggerListener.log Java Home:             /Library/Java/JavaVirtualMachines/jdk-24.jdk/Contents/Home
28-May-2025 10:51:10.822 INFO [main] org.apache.catalina.startup.VersionLoggerListener.log JVM Version:           24.0.1+9-30
28-May-2025 10:51:10.822 INFO [main] org.apache.catalina.startup.VersionLoggerListener.log JVM Vendor:            Oracle Corporation
28-May-2025 10:51:10.823 INFO [main] org.apache.catalina.startup.VersionLoggerListener.log CATALINA_BASE:         /Users/nimamemarzadeh/Desktop/believue/serverside Dev/csd-430/module-2/Module 2 Assignment
28-May-2025 10:51:10.823 INFO [main] org.apache.catalina.startup.VersionLoggerListener.log CATALINA_HOME:         /Users/nimamemarzadeh/Desktop/believue/serverside Dev/csd-430/module-2/Module 2 Assignment
28-May-2025 10:51:10.831 INFO [main] org.apache.catalina.startup.VersionLoggerListener.log Command line argument: -Djava.util.logging.config.file=/Users/nimamemarzadeh/Desktop/believue/serverside Dev/csd-430/module-2/Module 2 Assignment/conf/logging.properties
28-May-2025 10:51:10.831 INFO [main] org.apache.catalina.startup.VersionLoggerListener.log Command line argument: -Djava.util.logging.manager=org.apache.juli.ClassLoaderLogManager
28-May-2025 10:51:10.832 INFO [main] org.apache.catalina.startup.VersionLoggerListener.log Command line argument: -Djdk.tls.ephemeralDHKeySize=2048
28-May-2025 10:51:10.832 INFO [main] org.apache.catalina.startup.VersionLoggerListener.log Command line argument: -Dorg.apache.catalina.security.SecurityListener.UMASK=0027
28-May-2025 10:51:10.832 INFO [main] org.apache.catalina.startup.VersionLoggerListener.log Command line argument: --add-opens=java.base/java.lang=ALL-UNNAMED
28-May-2025 10:51:10.832 INFO [main] org.apache.catalina.startup.VersionLoggerListener.log Command line argument: --add-opens=java.base/java.lang.reflect=ALL-UNNAMED
28-May-2025 10:51:10.832 INFO [main] org.apache.catalina.startup.VersionLoggerListener.log Command line argument: --add-opens=java.base/java.io=ALL-UNNAMED
28-May-2025 10:51:10.832 INFO [main] org.apache.catalina.startup.VersionLoggerListener.log Command line argument: --add-opens=java.base/java.util=ALL-UNNAMED
28-May-2025 10:51:10.832 INFO [main] org.apache.catalina.startup.VersionLoggerListener.log Command line argument: --add-opens=java.base/java.util.concurrent=ALL-UNNAMED
28-May-2025 10:51:10.832 INFO [main] org.apache.catalina.startup.VersionLoggerListener.log Command line argument: --add-opens=java.rmi/sun.rmi.transport=ALL-UNNAMED
28-May-2025 10:51:10.832 INFO [main] org.apache.catalina.startup.VersionLoggerListener.log Command line argument: --enable-native-access=ALL-UNNAMED
28-May-2025 10:51:10.832 INFO [main] org.apache.catalina.startup.VersionLoggerListener.log Command line argument: -Dcatalina.base=/Users/nimamemarzadeh/Desktop/believue/serverside Dev/csd-430/module-2/Module 2 Assignment
28-May-2025 10:51:10.832 INFO [main] org.apache.catalina.startup.VersionLoggerListener.log Command line argument: -Dcatalina.home=/Users/nimamemarzadeh/Desktop/believue/serverside Dev/csd-430/module-2/Module 2 Assignment
28-May-2025 10:51:10.832 INFO [main] org.apache.catalina.startup.VersionLoggerListener.log Command line argument: -Djava.io.tmpdir=/Users/nimamemarzadeh/Desktop/believue/serverside Dev/csd-430/module-2/Module 2 Assignment/temp
28-May-2025 10:51:10.843 INFO [main] org.apache.catalina.core.AprLifecycleListener.lifecycleEvent The Apache Tomcat Native library which allows using OpenSSL was not found on the java.library.path: [/Users/nimamemarzadeh/Library/Java/Extensions:/Library/Java/Extensions:/Network/Library/Java/Extensions:/System/Library/Java/Extensions:/usr/lib/java:.]
28-May-2025 10:51:11.065 INFO [main] org.apache.coyote.AbstractProtocol.init Initializing ProtocolHandler ["http-nio-8080"]
28-May-2025 10:51:11.089 INFO [main] org.apache.catalina.startup.Catalina.load Server initialization in [405] milliseconds
28-May-2025 10:51:11.122 INFO [main] org.apache.catalina.core.StandardService.startInternal Starting service [Catalina]
28-May-2025 10:51:11.122 INFO [main] org.apache.catalina.core.StandardEngine.startInternal Starting Servlet engine: [Apache Tomcat/11.0.7]
28-May-2025 10:51:11.129 INFO [main] org.apache.catalina.startup.HostConfig.deployDirectory Deploying web application directory [/Users/nimamemarzadeh/Desktop/believue/serverside Dev/csd-430/module-2/Module 2 Assignment/webapps/MovieSceneTable]
28-May-2025 10:51:11.348 INFO [main] org.apache.catalina.startup.HostConfig.deployDirectory Deployment of web application directory [/Users/nimamemarzadeh/Desktop/believue/serverside Dev/csd-430/module-2/Module 2 Assignment/webapps/MovieSceneTable] has finished in [219] ms
28-May-2025 10:51:11.349 INFO [main] org.apache.catalina.startup.HostConfig.deployDirectory Deploying web application directory [/Users/nimamemarzadeh/Desktop/believue/serverside Dev/csd-430/module-2/Module 2 Assignment/webapps/docs]
28-May-2025 10:51:11.373 INFO [main] org.apache.catalina.startup.HostConfig.deployDirectory Deployment of web application directory [/Users/nimamemarzadeh/Desktop/believue/serverside Dev/csd-430/module-2/Module 2 Assignment/webapps/docs] has finished in [25] ms
28-May-2025 10:51:11.374 INFO [main] org.apache.catalina.startup.HostConfig.deployDirectory Deploying web application directory [/Users/nimamemarzadeh/Desktop/believue/serverside Dev/csd-430/module-2/Module 2 Assignment/webapps/manager]
28-May-2025 10:51:11.411 INFO [main] org.apache.catalina.startup.HostConfig.deployDirectory Deployment of web application directory [/Users/nimamemarzadeh/Desktop/believue/serverside Dev/csd-430/module-2/Module 2 Assignment/webapps/manager] has finished in [37] ms
28-May-2025 10:51:11.411 INFO [main] org.apache.catalina.startup.HostConfig.deployDirectory Deploying web application directory [/Users/nimamemarzadeh/Desktop/believue/serverside Dev/csd-430/module-2/Module 2 Assignment/webapps/examples]
28-May-2025 10:51:11.595 INFO [main] org.apache.catalina.startup.HostConfig.deployDirectory Deployment of web application directory [/Users/nimamemarzadeh/Desktop/believue/serverside Dev/csd-430/module-2/Module 2 Assignment/webapps/examples] has finished in [183] ms
28-May-2025 10:51:11.595 INFO [main] org.apache.catalina.startup.HostConfig.deployDirectory Deploying web application directory [/Users/nimamemarzadeh/Desktop/believue/serverside Dev/csd-430/module-2/Module 2 Assignment/webapps/ROOT]
28-May-2025 10:51:11.613 INFO [main] org.apache.catalina.startup.HostConfig.deployDirectory Deployment of web application directory [/Users/nimamemarzadeh/Desktop/believue/serverside Dev/csd-430/module-2/Module 2 Assignment/webapps/ROOT] has finished in [18] ms
28-May-2025 10:51:11.613 INFO [main] org.apache.catalina.startup.HostConfig.deployDirectory Deploying web application directory [/Users/nimamemarzadeh/Desktop/believue/serverside Dev/csd-430/module-2/Module 2 Assignment/webapps/host-manager]
28-May-2025 10:51:11.632 INFO [main] org.apache.catalina.startup.HostConfig.deployDirectory Deployment of web application directory [/Users/nimamemarzadeh/Desktop/believue/serverside Dev/csd-430/module-2/Module 2 Assignment/webapps/host-manager] has finished in [19] ms
28-May-2025 10:51:11.635 INFO [main] org.apache.coyote.AbstractProtocol.start Starting ProtocolHandler ["http-nio-8080"]
28-May-2025 10:51:11.648 INFO [main] org.apache.catalina.startup.Catalina.start Server startup in [557] milliseconds
28-May-2025 11:00:39.341 INFO [main] org.apache.catalina.core.StandardServer.await A valid shutdown command was received via the shutdown port. Stopping the Server instance.
28-May-2025 11:00:39.342 INFO [main] org.apache.coyote.AbstractProtocol.pause Pausing ProtocolHandler ["http-nio-8080"]
28-May-2025 11:00:39.345 INFO [main] org.apache.catalina.core.StandardService.stopInternal Stopping service [Catalina]
28-May-2025 11:00:39.364 INFO [main] org.apache.coyote.AbstractProtocol.stop Stopping ProtocolHandler ["http-nio-8080"]
28-May-2025 11:00:39.370 INFO [main] org.apache.coyote.AbstractProtocol.destroy Destroying ProtocolHandler ["http-nio-8080"]
28-May-2025 11:07:43.999 INFO [main] org.apache.catalina.startup.VersionLoggerListener.log Server version name:   Apache Tomcat/11.0.7
28-May-2025 11:07:44.001 INFO [main] org.apache.catalina.startup.VersionLoggerListener.log Server built:          May 7 2025 14:55:59 UTC
28-May-2025 11:07:44.001 INFO [main] org.apache.catalina.startup.VersionLoggerListener.log Server version number: 11.0.7.0
28-May-2025 11:07:44.001 INFO [main] org.apache.catalina.startup.VersionLoggerListener.log OS Name:               Mac OS X
28-May-2025 11:07:44.001 INFO [main] org.apache.catalina.startup.VersionLoggerListener.log OS Version:            15.5
28-May-2025 11:07:44.002 INFO [main] org.apache.catalina.startup.VersionLoggerListener.log Architecture:          x86_64
28-May-2025 11:07:44.002 INFO [main] org.apache.catalina.startup.VersionLoggerListener.log Java Home:             /Library/Java/JavaVirtualMachines/jdk-24.jdk/Contents/Home
28-May-2025 11:07:44.002 INFO [main] org.apache.catalina.startup.VersionLoggerListener.log JVM Version:           24.0.1+9-30
28-May-2025 11:07:44.002 INFO [main] org.apache.catalina.startup.VersionLoggerListener.log JVM Vendor:            Oracle Corporation
28-May-2025 11:07:44.002 INFO [main] org.apache.catalina.startup.VersionLoggerListener.log CATALINA_BASE:         /Users/nimamemarzadeh/Desktop/believue/serverside Dev/csd-430/module-2/Module 2 Assignment
28-May-2025 11:07:44.002 INFO [main] org.apache.catalina.startup.VersionLoggerListener.log CATALINA_HOME:         /Users/nimamemarzadeh/Desktop/believue/serverside Dev/csd-430/module-2/Module 2 Assignment
28-May-2025 11:07:44.012 INFO [main] org.apache.catalina.startup.VersionLoggerListener.log Command line argument: -Djava.util.logging.config.file=/Users/nimamemarzadeh/Desktop/believue/serverside Dev/csd-430/module-2/Module 2 Assignment/conf/logging.properties
28-May-2025 11:07:44.012 INFO [main] org.apache.catalina.startup.VersionLoggerListener.log Command line argument: -Djava.util.logging.manager=org.apache.juli.ClassLoaderLogManager
28-May-2025 11:07:44.012 INFO [main] org.apache.catalina.startup.VersionLoggerListener.log Command line argument: -Djdk.tls.ephemeralDHKeySize=2048
28-May-2025 11:07:44.012 INFO [main] org.apache.catalina.startup.VersionLoggerListener.log Command line argument: -Dorg.apache.catalina.security.SecurityListener.UMASK=0027
28-May-2025 11:07:44.012 INFO [main] org.apache.catalina.startup.VersionLoggerListener.log Command line argument: --add-opens=java.base/java.lang=ALL-UNNAMED
28-May-2025 11:07:44.012 INFO [main] org.apache.catalina.startup.VersionLoggerListener.log Command line argument: --add-opens=java.base/java.lang.reflect=ALL-UNNAMED
28-May-2025 11:07:44.013 INFO [main] org.apache.catalina.startup.VersionLoggerListener.log Command line argument: --add-opens=java.base/java.io=ALL-UNNAMED
28-May-2025 11:07:44.013 INFO [main] org.apache.catalina.startup.VersionLoggerListener.log Command line argument: --add-opens=java.base/java.util=ALL-UNNAMED
28-May-2025 11:07:44.013 INFO [main] org.apache.catalina.startup.VersionLoggerListener.log Command line argument: --add-opens=java.base/java.util.concurrent=ALL-UNNAMED
28-May-2025 11:07:44.013 INFO [main] org.apache.catalina.startup.VersionLoggerListener.log Command line argument: --add-opens=java.rmi/sun.rmi.transport=ALL-UNNAMED
28-May-2025 11:07:44.013 INFO [main] org.apache.catalina.startup.VersionLoggerListener.log Command line argument: --enable-native-access=ALL-UNNAMED
28-May-2025 11:07:44.013 INFO [main] org.apache.catalina.startup.VersionLoggerListener.log Command line argument: -Dcatalina.base=/Users/nimamemarzadeh/Desktop/believue/serverside Dev/csd-430/module-2/Module 2 Assignment
28-May-2025 11:07:44.013 INFO [main] org.apache.catalina.startup.VersionLoggerListener.log Command line argument: -Dcatalina.home=/Users/nimamemarzadeh/Desktop/believue/serverside Dev/csd-430/module-2/Module 2 Assignment
28-May-2025 11:07:44.013 INFO [main] org.apache.catalina.startup.VersionLoggerListener.log Command line argument: -Djava.io.tmpdir=/Users/nimamemarzadeh/Desktop/believue/serverside Dev/csd-430/module-2/Module 2 Assignment/temp
28-May-2025 11:07:44.024 INFO [main] org.apache.catalina.core.AprLifecycleListener.lifecycleEvent The Apache Tomcat Native library which allows using OpenSSL was not found on the java.library.path: [/Users/nimamemarzadeh/Library/Java/Extensions:/Library/Java/Extensions:/Network/Library/Java/Extensions:/System/Library/Java/Extensions:/usr/lib/java:.]
28-May-2025 11:07:44.259 INFO [main] org.apache.coyote.AbstractProtocol.init Initializing ProtocolHandler ["http-nio-8080"]
28-May-2025 11:07:44.284 INFO [main] org.apache.catalina.startup.Catalina.load Server initialization in [432] milliseconds
28-May-2025 11:07:44.319 INFO [main] org.apache.catalina.core.StandardService.startInternal Starting service [Catalina]
28-May-2025 11:07:44.320 INFO [main] org.apache.catalina.core.StandardEngine.startInternal Starting Servlet engine: [Apache Tomcat/11.0.7]
28-May-2025 11:07:44.327 INFO [main] org.apache.catalina.startup.HostConfig.deployDirectory Deploying web application directory [/Users/nimamemarzadeh/Desktop/believue/serverside Dev/csd-430/module-2/Module 2 Assignment/webapps/MovieSceneTable]
28-May-2025 11:07:44.550 INFO [main] org.apache.catalina.startup.HostConfig.deployDirectory Deployment of web application directory [/Users/nimamemarzadeh/Desktop/believue/serverside Dev/csd-430/module-2/Module 2 Assignment/webapps/MovieSceneTable] has finished in [223] ms
28-May-2025 11:07:44.550 INFO [main] org.apache.catalina.startup.HostConfig.deployDirectory Deploying web application directory [/Users/nimamemarzadeh/Desktop/believue/serverside Dev/csd-430/module-2/Module 2 Assignment/webapps/docs]
28-May-2025 11:07:44.572 INFO [main] org.apache.catalina.startup.HostConfig.deployDirectory Deployment of web application directory [/Users/nimamemarzadeh/Desktop/believue/serverside Dev/csd-430/module-2/Module 2 Assignment/webapps/docs] has finished in [22] ms
28-May-2025 11:07:44.573 INFO [main] org.apache.catalina.startup.HostConfig.deployDirectory Deploying web application directory [/Users/nimamemarzadeh/Desktop/believue/serverside Dev/csd-430/module-2/Module 2 Assignment/webapps/manager]
28-May-2025 11:07:44.612 INFO [main] org.apache.catalina.startup.HostConfig.deployDirectory Deployment of web application directory [/Users/nimamemarzadeh/Desktop/believue/serverside Dev/csd-430/module-2/Module 2 Assignment/webapps/manager] has finished in [40] ms
28-May-2025 11:07:44.613 INFO [main] org.apache.catalina.startup.HostConfig.deployDirectory Deploying web application directory [/Users/nimamemarzadeh/Desktop/believue/serverside Dev/csd-430/module-2/Module 2 Assignment/webapps/examples]
28-May-2025 11:07:44.810 INFO [main] org.apache.catalina.startup.HostConfig.deployDirectory Deployment of web application directory [/Users/nimamemarzadeh/Desktop/believue/serverside Dev/csd-430/module-2/Module 2 Assignment/webapps/examples] has finished in [198] ms
28-May-2025 11:07:44.810 INFO [main] org.apache.catalina.startup.HostConfig.deployDirectory Deploying web application directory [/Users/nimamemarzadeh/Desktop/believue/serverside Dev/csd-430/module-2/Module 2 Assignment/webapps/ROOT]
28-May-2025 11:07:44.827 INFO [main] org.apache.catalina.startup.HostConfig.deployDirectory Deployment of web application directory [/Users/nimamemarzadeh/Desktop/believue/serverside Dev/csd-430/module-2/Module 2 Assignment/webapps/ROOT] has finished in [17] ms
28-May-2025 11:07:44.827 INFO [main] org.apache.catalina.startup.HostConfig.deployDirectory Deploying web application directory [/Users/nimamemarzadeh/Desktop/believue/serverside Dev/csd-430/module-2/Module 2 Assignment/webapps/host-manager]
28-May-2025 11:07:44.844 INFO [main] org.apache.catalina.startup.HostConfig.deployDirectory Deployment of web application directory [/Users/nimamemarzadeh/Desktop/believue/serverside Dev/csd-430/module-2/Module 2 Assignment/webapps/host-manager] has finished in [17] ms
28-May-2025 11:07:44.847 INFO [main] org.apache.coyote.AbstractProtocol.start Starting ProtocolHandler ["http-nio-8080"]
28-May-2025 11:07:44.857 INFO [main] org.apache.catalina.startup.Catalina.start Server startup in [571] milliseconds
28-May-2025 11:08:01.444 INFO [main] org.apache.catalina.core.StandardServer.await A valid shutdown command was received via the shutdown port. Stopping the Server instance.
28-May-2025 11:08:01.445 INFO [main] org.apache.coyote.AbstractProtocol.pause Pausing ProtocolHandler ["http-nio-8080"]
28-May-2025 11:08:01.449 INFO [main] org.apache.catalina.core.StandardService.stopInternal Stopping service [Catalina]
28-May-2025 11:08:01.466 INFO [main] org.apache.coyote.AbstractProtocol.stop Stopping ProtocolHandler ["http-nio-8080"]
28-May-2025 11:08:01.472 INFO [main] org.apache.coyote.AbstractProtocol.destroy Destroying ProtocolHandler ["http-nio-8080"]
