26-May-2025 10:08:02.218 INFO [main] org.apache.catalina.startup.VersionLoggerListener.log Server version name:   Apache Tomcat/11.0.7
26-May-2025 10:08:02.221 INFO [main] org.apache.catalina.startup.VersionLoggerListener.log Server built:          May 7 2025 14:55:59 UTC
26-May-2025 10:08:02.221 INFO [main] org.apache.catalina.startup.VersionLoggerListener.log Server version number: 11.0.7.0
26-May-2025 10:08:02.221 INFO [main] org.apache.catalina.startup.VersionLoggerListener.log OS Name:               Mac OS X
26-May-2025 10:08:02.221 INFO [main] org.apache.catalina.startup.VersionLoggerListener.log OS Version:            15.5
26-May-2025 10:08:02.221 INFO [main] org.apache.catalina.startup.VersionLoggerListener.log Architecture:          x86_64
26-May-2025 10:08:02.221 INFO [main] org.apache.catalina.startup.VersionLoggerListener.log Java Home:             /Library/Java/JavaVirtualMachines/jdk-24.jdk/Contents/Home
26-May-2025 10:08:02.222 INFO [main] org.apache.catalina.startup.VersionLoggerListener.log JVM Version:           24.0.1+9-30
26-May-2025 10:08:02.222 INFO [main] org.apache.catalina.startup.VersionLoggerListener.log JVM Vendor:            Oracle Corporation
26-May-2025 10:08:02.222 INFO [main] org.apache.catalina.startup.VersionLoggerListener.log CATALINA_BASE:         /Users/nimamemarzadeh/Downloads/apache-tomcat-11.0.7
26-May-2025 10:08:02.222 INFO [main] org.apache.catalina.startup.VersionLoggerListener.log CATALINA_HOME:         /Users/nimamemarzadeh/Downloads/apache-tomcat-11.0.7
26-May-2025 10:08:02.231 INFO [main] org.apache.catalina.startup.VersionLoggerListener.log Command line argument: -Djava.util.logging.config.file=/Users/nimamemarzadeh/Downloads/apache-tomcat-11.0.7/conf/logging.properties
26-May-2025 10:08:02.232 INFO [main] org.apache.catalina.startup.VersionLoggerListener.log Command line argument: -Djava.util.logging.manager=org.apache.juli.ClassLoaderLogManager
26-May-2025 10:08:02.232 INFO [main] org.apache.catalina.startup.VersionLoggerListener.log Command line argument: -Djdk.tls.ephemeralDHKeySize=2048
26-May-2025 10:08:02.232 INFO [main] org.apache.catalina.startup.VersionLoggerListener.log Command line argument: -Dorg.apache.catalina.security.SecurityListener.UMASK=0027
26-May-2025 10:08:02.232 INFO [main] org.apache.catalina.startup.VersionLoggerListener.log Command line argument: --add-opens=java.base/java.lang=ALL-UNNAMED
26-May-2025 10:08:02.232 INFO [main] org.apache.catalina.startup.VersionLoggerListener.log Command line argument: --add-opens=java.base/java.lang.reflect=ALL-UNNAMED
26-May-2025 10:08:02.232 INFO [main] org.apache.catalina.startup.VersionLoggerListener.log Command line argument: --add-opens=java.base/java.io=ALL-UNNAMED
26-May-2025 10:08:02.232 INFO [main] org.apache.catalina.startup.VersionLoggerListener.log Command line argument: --add-opens=java.base/java.util=ALL-UNNAMED
26-May-2025 10:08:02.232 INFO [main] org.apache.catalina.startup.VersionLoggerListener.log Command line argument: --add-opens=java.base/java.util.concurrent=ALL-UNNAMED
26-May-2025 10:08:02.232 INFO [main] org.apache.catalina.startup.VersionLoggerListener.log Command line argument: --add-opens=java.rmi/sun.rmi.transport=ALL-UNNAMED
26-May-2025 10:08:02.233 INFO [main] org.apache.catalina.startup.VersionLoggerListener.log Command line argument: --enable-native-access=ALL-UNNAMED
26-May-2025 10:08:02.233 INFO [main] org.apache.catalina.startup.VersionLoggerListener.log Command line argument: -Dcatalina.base=/Users/nimamemarzadeh/Downloads/apache-tomcat-11.0.7
26-May-2025 10:08:02.233 INFO [main] org.apache.catalina.startup.VersionLoggerListener.log Command line argument: -Dcatalina.home=/Users/nimamemarzadeh/Downloads/apache-tomcat-11.0.7
26-May-2025 10:08:02.233 INFO [main] org.apache.catalina.startup.VersionLoggerListener.log Command line argument: -Djava.io.tmpdir=/Users/nimamemarzadeh/Downloads/apache-tomcat-11.0.7/temp
26-May-2025 10:08:02.244 INFO [main] org.apache.catalina.core.AprLifecycleListener.lifecycleEvent The Apache Tomcat Native library which allows using OpenSSL was not found on the java.library.path: [/Users/nimamemarzadeh/Library/Java/Extensions:/Library/Java/Extensions:/Network/Library/Java/Extensions:/System/Library/Java/Extensions:/usr/lib/java:.]
26-May-2025 10:08:02.504 INFO [main] org.apache.coyote.AbstractProtocol.init Initializing ProtocolHandler ["http-nio-8080"]
26-May-2025 10:08:02.530 INFO [main] org.apache.catalina.startup.Catalina.load Server initialization in [448] milliseconds
26-May-2025 10:08:02.565 INFO [main] org.apache.catalina.core.StandardService.startInternal Starting service [Catalina]
26-May-2025 10:08:02.566 INFO [main] org.apache.catalina.core.StandardEngine.startInternal Starting Servlet engine: [Apache Tomcat/11.0.7]
26-May-2025 10:08:02.573 INFO [main] org.apache.catalina.startup.HostConfig.deployDirectory Deploying web application directory [/Users/nimamemarzadeh/Downloads/apache-tomcat-11.0.7/webapps/docs]
26-May-2025 10:08:02.799 INFO [main] org.apache.catalina.startup.HostConfig.deployDirectory Deployment of web application directory [/Users/nimamemarzadeh/Downloads/apache-tomcat-11.0.7/webapps/docs] has finished in [225] ms
26-May-2025 10:08:02.800 INFO [main] org.apache.catalina.startup.HostConfig.deployDirectory Deploying web application directory [/Users/nimamemarzadeh/Downloads/apache-tomcat-11.0.7/webapps/manager]
26-May-2025 10:08:02.825 INFO [main] org.apache.catalina.startup.HostConfig.deployDirectory Deployment of web application directory [/Users/nimamemarzadeh/Downloads/apache-tomcat-11.0.7/webapps/manager] has finished in [26] ms
26-May-2025 10:08:02.825 INFO [main] org.apache.catalina.startup.HostConfig.deployDirectory Deploying web application directory [/Users/nimamemarzadeh/Downloads/apache-tomcat-11.0.7/webapps/examples]
26-May-2025 10:08:02.985 INFO [main] org.apache.catalina.startup.HostConfig.deployDirectory Deployment of web application directory [/Users/nimamemarzadeh/Downloads/apache-tomcat-11.0.7/webapps/examples] has finished in [160] ms
26-May-2025 10:08:02.985 INFO [main] org.apache.catalina.startup.HostConfig.deployDirectory Deploying web application directory [/Users/nimamemarzadeh/Downloads/apache-tomcat-11.0.7/webapps/ROOT]
26-May-2025 10:08:03.000 INFO [main] org.apache.catalina.startup.HostConfig.deployDirectory Deployment of web application directory [/Users/nimamemarzadeh/Downloads/apache-tomcat-11.0.7/webapps/ROOT] has finished in [15] ms
26-May-2025 10:08:03.000 INFO [main] org.apache.catalina.startup.HostConfig.deployDirectory Deploying web application directory [/Users/nimamemarzadeh/Downloads/apache-tomcat-11.0.7/webapps/host-manager]
26-May-2025 10:08:03.013 INFO [main] org.apache.catalina.startup.HostConfig.deployDirectory Deployment of web application directory [/Users/nimamemarzadeh/Downloads/apache-tomcat-11.0.7/webapps/host-manager] has finished in [13] ms
26-May-2025 10:08:03.016 INFO [main] org.apache.coyote.AbstractProtocol.start Starting ProtocolHandler ["http-nio-8080"]
26-May-2025 10:08:03.026 INFO [main] org.apache.catalina.startup.Catalina.start Server startup in [495] milliseconds
26-May-2025 10:08:45.072 INFO [main] org.apache.catalina.core.StandardServer.await A valid shutdown command was received via the shutdown port. Stopping the Server instance.
26-May-2025 10:08:45.072 INFO [main] org.apache.coyote.AbstractProtocol.pause Pausing ProtocolHandler ["http-nio-8080"]
26-May-2025 10:08:45.076 INFO [main] org.apache.catalina.core.StandardService.stopInternal Stopping service [Catalina]
26-May-2025 10:08:45.094 INFO [main] org.apache.coyote.AbstractProtocol.stop Stopping ProtocolHandler ["http-nio-8080"]
26-May-2025 10:08:45.101 INFO [main] org.apache.coyote.AbstractProtocol.destroy Destroying ProtocolHandler ["http-nio-8080"]
26-May-2025 10:11:38.754 INFO [main] org.apache.catalina.startup.VersionLoggerListener.log Server version name:   Apache Tomcat/11.0.7
26-May-2025 10:11:38.756 INFO [main] org.apache.catalina.startup.VersionLoggerListener.log Server built:          May 7 2025 14:55:59 UTC
26-May-2025 10:11:38.756 INFO [main] org.apache.catalina.startup.VersionLoggerListener.log Server version number: 11.0.7.0
26-May-2025 10:11:38.756 INFO [main] org.apache.catalina.startup.VersionLoggerListener.log OS Name:               Mac OS X
26-May-2025 10:11:38.756 INFO [main] org.apache.catalina.startup.VersionLoggerListener.log OS Version:            15.5
26-May-2025 10:11:38.756 INFO [main] org.apache.catalina.startup.VersionLoggerListener.log Architecture:          x86_64
26-May-2025 10:11:38.756 INFO [main] org.apache.catalina.startup.VersionLoggerListener.log Java Home:             /Library/Java/JavaVirtualMachines/jdk-24.jdk/Contents/Home
26-May-2025 10:11:38.756 INFO [main] org.apache.catalina.startup.VersionLoggerListener.log JVM Version:           24.0.1+9-30
26-May-2025 10:11:38.757 INFO [main] org.apache.catalina.startup.VersionLoggerListener.log JVM Vendor:            Oracle Corporation
26-May-2025 10:11:38.757 INFO [main] org.apache.catalina.startup.VersionLoggerListener.log CATALINA_BASE:         /Users/nimamemarzadeh/Downloads/apache-tomcat-11.0.7
26-May-2025 10:11:38.757 INFO [main] org.apache.catalina.startup.VersionLoggerListener.log CATALINA_HOME:         /Users/nimamemarzadeh/Downloads/apache-tomcat-11.0.7
26-May-2025 10:11:38.768 INFO [main] org.apache.catalina.startup.VersionLoggerListener.log Command line argument: -Djava.util.logging.config.file=/Users/nimamemarzadeh/Downloads/apache-tomcat-11.0.7/conf/logging.properties
26-May-2025 10:11:38.768 INFO [main] org.apache.catalina.startup.VersionLoggerListener.log Command line argument: -Djava.util.logging.manager=org.apache.juli.ClassLoaderLogManager
26-May-2025 10:11:38.768 INFO [main] org.apache.catalina.startup.VersionLoggerListener.log Command line argument: -Djdk.tls.ephemeralDHKeySize=2048
26-May-2025 10:11:38.768 INFO [main] org.apache.catalina.startup.VersionLoggerListener.log Command line argument: -Dorg.apache.catalina.security.SecurityListener.UMASK=0027
26-May-2025 10:11:38.768 INFO [main] org.apache.catalina.startup.VersionLoggerListener.log Command line argument: --add-opens=java.base/java.lang=ALL-UNNAMED
26-May-2025 10:11:38.768 INFO [main] org.apache.catalina.startup.VersionLoggerListener.log Command line argument: --add-opens=java.base/java.lang.reflect=ALL-UNNAMED
26-May-2025 10:11:38.769 INFO [main] org.apache.catalina.startup.VersionLoggerListener.log Command line argument: --add-opens=java.base/java.io=ALL-UNNAMED
26-May-2025 10:11:38.769 INFO [main] org.apache.catalina.startup.VersionLoggerListener.log Command line argument: --add-opens=java.base/java.util=ALL-UNNAMED
26-May-2025 10:11:38.769 INFO [main] org.apache.catalina.startup.VersionLoggerListener.log Command line argument: --add-opens=java.base/java.util.concurrent=ALL-UNNAMED
26-May-2025 10:11:38.769 INFO [main] org.apache.catalina.startup.VersionLoggerListener.log Command line argument: --add-opens=java.rmi/sun.rmi.transport=ALL-UNNAMED
26-May-2025 10:11:38.769 INFO [main] org.apache.catalina.startup.VersionLoggerListener.log Command line argument: --enable-native-access=ALL-UNNAMED
26-May-2025 10:11:38.769 INFO [main] org.apache.catalina.startup.VersionLoggerListener.log Command line argument: -Dcatalina.base=/Users/nimamemarzadeh/Downloads/apache-tomcat-11.0.7
26-May-2025 10:11:38.769 INFO [main] org.apache.catalina.startup.VersionLoggerListener.log Command line argument: -Dcatalina.home=/Users/nimamemarzadeh/Downloads/apache-tomcat-11.0.7
26-May-2025 10:11:38.769 INFO [main] org.apache.catalina.startup.VersionLoggerListener.log Command line argument: -Djava.io.tmpdir=/Users/nimamemarzadeh/Downloads/apache-tomcat-11.0.7/temp
26-May-2025 10:11:38.780 INFO [main] org.apache.catalina.core.AprLifecycleListener.lifecycleEvent The Apache Tomcat Native library which allows using OpenSSL was not found on the java.library.path: [/Users/nimamemarzadeh/Library/Java/Extensions:/Library/Java/Extensions:/Network/Library/Java/Extensions:/System/Library/Java/Extensions:/usr/lib/java:.]
26-May-2025 10:11:38.997 INFO [main] org.apache.coyote.AbstractProtocol.init Initializing ProtocolHandler ["http-nio-8080"]
26-May-2025 10:11:39.019 INFO [main] org.apache.catalina.startup.Catalina.load Server initialization in [402] milliseconds
26-May-2025 10:11:39.051 INFO [main] org.apache.catalina.core.StandardService.startInternal Starting service [Catalina]
26-May-2025 10:11:39.051 INFO [main] org.apache.catalina.core.StandardEngine.startInternal Starting Servlet engine: [Apache Tomcat/11.0.7]
26-May-2025 10:11:39.058 INFO [main] org.apache.catalina.startup.HostConfig.deployDirectory Deploying web application directory [/Users/nimamemarzadeh/Downloads/apache-tomcat-11.0.7/webapps/docs]
26-May-2025 10:11:39.255 INFO [main] org.apache.catalina.startup.HostConfig.deployDirectory Deployment of web application directory [/Users/nimamemarzadeh/Downloads/apache-tomcat-11.0.7/webapps/docs] has finished in [196] ms
26-May-2025 10:11:39.255 INFO [main] org.apache.catalina.startup.HostConfig.deployDirectory Deploying web application directory [/Users/nimamemarzadeh/Downloads/apache-tomcat-11.0.7/webapps/myapp]
26-May-2025 10:11:39.274 INFO [main] org.apache.catalina.startup.HostConfig.deployDirectory Deployment of web application directory [/Users/nimamemarzadeh/Downloads/apache-tomcat-11.0.7/webapps/myapp] has finished in [19] ms
26-May-2025 10:11:39.274 INFO [main] org.apache.catalina.startup.HostConfig.deployDirectory Deploying web application directory [/Users/nimamemarzadeh/Downloads/apache-tomcat-11.0.7/webapps/manager]
26-May-2025 10:11:39.299 INFO [main] org.apache.catalina.startup.HostConfig.deployDirectory Deployment of web application directory [/Users/nimamemarzadeh/Downloads/apache-tomcat-11.0.7/webapps/manager] has finished in [24] ms
26-May-2025 10:11:39.299 INFO [main] org.apache.catalina.startup.HostConfig.deployDirectory Deploying web application directory [/Users/nimamemarzadeh/Downloads/apache-tomcat-11.0.7/webapps/examples]
26-May-2025 10:11:39.463 INFO [main] org.apache.catalina.startup.HostConfig.deployDirectory Deployment of web application directory [/Users/nimamemarzadeh/Downloads/apache-tomcat-11.0.7/webapps/examples] has finished in [164] ms
26-May-2025 10:11:39.463 INFO [main] org.apache.catalina.startup.HostConfig.deployDirectory Deploying web application directory [/Users/nimamemarzadeh/Downloads/apache-tomcat-11.0.7/webapps/ROOT]
26-May-2025 10:11:39.476 INFO [main] org.apache.catalina.startup.HostConfig.deployDirectory Deployment of web application directory [/Users/nimamemarzadeh/Downloads/apache-tomcat-11.0.7/webapps/ROOT] has finished in [12] ms
26-May-2025 10:11:39.476 INFO [main] org.apache.catalina.startup.HostConfig.deployDirectory Deploying web application directory [/Users/nimamemarzadeh/Downloads/apache-tomcat-11.0.7/webapps/host-manager]
26-May-2025 10:11:39.490 INFO [main] org.apache.catalina.startup.HostConfig.deployDirectory Deployment of web application directory [/Users/nimamemarzadeh/Downloads/apache-tomcat-11.0.7/webapps/host-manager] has finished in [14] ms
26-May-2025 10:11:39.493 INFO [main] org.apache.coyote.AbstractProtocol.start Starting ProtocolHandler ["http-nio-8080"]
26-May-2025 10:11:39.503 INFO [main] org.apache.catalina.startup.Catalina.start Server startup in [483] milliseconds
26-May-2025 10:12:11.821 INFO [main] org.apache.catalina.core.StandardServer.await A valid shutdown command was received via the shutdown port. Stopping the Server instance.
26-May-2025 10:12:11.822 INFO [main] org.apache.coyote.AbstractProtocol.pause Pausing ProtocolHandler ["http-nio-8080"]
26-May-2025 10:12:11.825 INFO [main] org.apache.catalina.core.StandardService.stopInternal Stopping service [Catalina]
26-May-2025 10:12:11.840 INFO [main] org.apache.coyote.AbstractProtocol.stop Stopping ProtocolHandler ["http-nio-8080"]
26-May-2025 10:12:11.847 INFO [main] org.apache.coyote.AbstractProtocol.destroy Destroying ProtocolHandler ["http-nio-8080"]
26-May-2025 10:14:04.794 INFO [main] org.apache.catalina.startup.VersionLoggerListener.log Server version name:   Apache Tomcat/11.0.7
26-May-2025 10:14:04.796 INFO [main] org.apache.catalina.startup.VersionLoggerListener.log Server built:          May 7 2025 14:55:59 UTC
26-May-2025 10:14:04.797 INFO [main] org.apache.catalina.startup.VersionLoggerListener.log Server version number: 11.0.7.0
26-May-2025 10:14:04.797 INFO [main] org.apache.catalina.startup.VersionLoggerListener.log OS Name:               Mac OS X
26-May-2025 10:14:04.797 INFO [main] org.apache.catalina.startup.VersionLoggerListener.log OS Version:            15.5
26-May-2025 10:14:04.797 INFO [main] org.apache.catalina.startup.VersionLoggerListener.log Architecture:          x86_64
26-May-2025 10:14:04.797 INFO [main] org.apache.catalina.startup.VersionLoggerListener.log Java Home:             /Library/Java/JavaVirtualMachines/jdk-24.jdk/Contents/Home
26-May-2025 10:14:04.797 INFO [main] org.apache.catalina.startup.VersionLoggerListener.log JVM Version:           24.0.1+9-30
26-May-2025 10:14:04.797 INFO [main] org.apache.catalina.startup.VersionLoggerListener.log JVM Vendor:            Oracle Corporation
26-May-2025 10:14:04.797 INFO [main] org.apache.catalina.startup.VersionLoggerListener.log CATALINA_BASE:         /Users/nimamemarzadeh/Downloads/apache-tomcat-11.0.7
26-May-2025 10:14:04.797 INFO [main] org.apache.catalina.startup.VersionLoggerListener.log CATALINA_HOME:         /Users/nimamemarzadeh/Downloads/apache-tomcat-11.0.7
26-May-2025 10:14:04.807 INFO [main] org.apache.catalina.startup.VersionLoggerListener.log Command line argument: -Djava.util.logging.config.file=/Users/nimamemarzadeh/Downloads/apache-tomcat-11.0.7/conf/logging.properties
26-May-2025 10:14:04.808 INFO [main] org.apache.catalina.startup.VersionLoggerListener.log Command line argument: -Djava.util.logging.manager=org.apache.juli.ClassLoaderLogManager
26-May-2025 10:14:04.808 INFO [main] org.apache.catalina.startup.VersionLoggerListener.log Command line argument: -Djdk.tls.ephemeralDHKeySize=2048
26-May-2025 10:14:04.808 INFO [main] org.apache.catalina.startup.VersionLoggerListener.log Command line argument: -Dorg.apache.catalina.security.SecurityListener.UMASK=0027
26-May-2025 10:14:04.808 INFO [main] org.apache.catalina.startup.VersionLoggerListener.log Command line argument: --add-opens=java.base/java.lang=ALL-UNNAMED
26-May-2025 10:14:04.808 INFO [main] org.apache.catalina.startup.VersionLoggerListener.log Command line argument: --add-opens=java.base/java.lang.reflect=ALL-UNNAMED
26-May-2025 10:14:04.808 INFO [main] org.apache.catalina.startup.VersionLoggerListener.log Command line argument: --add-opens=java.base/java.io=ALL-UNNAMED
26-May-2025 10:14:04.808 INFO [main] org.apache.catalina.startup.VersionLoggerListener.log Command line argument: --add-opens=java.base/java.util=ALL-UNNAMED
26-May-2025 10:14:04.808 INFO [main] org.apache.catalina.startup.VersionLoggerListener.log Command line argument: --add-opens=java.base/java.util.concurrent=ALL-UNNAMED
26-May-2025 10:14:04.808 INFO [main] org.apache.catalina.startup.VersionLoggerListener.log Command line argument: --add-opens=java.rmi/sun.rmi.transport=ALL-UNNAMED
26-May-2025 10:14:04.808 INFO [main] org.apache.catalina.startup.VersionLoggerListener.log Command line argument: --enable-native-access=ALL-UNNAMED
26-May-2025 10:14:04.809 INFO [main] org.apache.catalina.startup.VersionLoggerListener.log Command line argument: -Dcatalina.base=/Users/nimamemarzadeh/Downloads/apache-tomcat-11.0.7
26-May-2025 10:14:04.809 INFO [main] org.apache.catalina.startup.VersionLoggerListener.log Command line argument: -Dcatalina.home=/Users/nimamemarzadeh/Downloads/apache-tomcat-11.0.7
26-May-2025 10:14:04.809 INFO [main] org.apache.catalina.startup.VersionLoggerListener.log Command line argument: -Djava.io.tmpdir=/Users/nimamemarzadeh/Downloads/apache-tomcat-11.0.7/temp
26-May-2025 10:14:04.819 INFO [main] org.apache.catalina.core.AprLifecycleListener.lifecycleEvent The Apache Tomcat Native library which allows using OpenSSL was not found on the java.library.path: [/Users/nimamemarzadeh/Library/Java/Extensions:/Library/Java/Extensions:/Network/Library/Java/Extensions:/System/Library/Java/Extensions:/usr/lib/java:.]
26-May-2025 10:14:05.034 INFO [main] org.apache.coyote.AbstractProtocol.init Initializing ProtocolHandler ["http-nio-8080"]
26-May-2025 10:14:05.056 INFO [main] org.apache.catalina.startup.Catalina.load Server initialization in [390] milliseconds
26-May-2025 10:14:05.087 INFO [main] org.apache.catalina.core.StandardService.startInternal Starting service [Catalina]
26-May-2025 10:14:05.087 INFO [main] org.apache.catalina.core.StandardEngine.startInternal Starting Servlet engine: [Apache Tomcat/11.0.7]
26-May-2025 10:14:05.094 INFO [main] org.apache.catalina.startup.HostConfig.deployDirectory Deploying web application directory [/Users/nimamemarzadeh/Downloads/apache-tomcat-11.0.7/webapps/docs]
26-May-2025 10:14:05.294 INFO [main] org.apache.catalina.startup.HostConfig.deployDirectory Deployment of web application directory [/Users/nimamemarzadeh/Downloads/apache-tomcat-11.0.7/webapps/docs] has finished in [199] ms
26-May-2025 10:14:05.294 INFO [main] org.apache.catalina.startup.HostConfig.deployDirectory Deploying web application directory [/Users/nimamemarzadeh/Downloads/apache-tomcat-11.0.7/webapps/myapp]
26-May-2025 10:14:05.313 INFO [main] org.apache.catalina.startup.HostConfig.deployDirectory Deployment of web application directory [/Users/nimamemarzadeh/Downloads/apache-tomcat-11.0.7/webapps/myapp] has finished in [19] ms
26-May-2025 10:14:05.314 INFO [main] org.apache.catalina.startup.HostConfig.deployDirectory Deploying web application directory [/Users/nimamemarzadeh/Downloads/apache-tomcat-11.0.7/webapps/manager]
26-May-2025 10:14:05.338 INFO [main] org.apache.catalina.startup.HostConfig.deployDirectory Deployment of web application directory [/Users/nimamemarzadeh/Downloads/apache-tomcat-11.0.7/webapps/manager] has finished in [24] ms
26-May-2025 10:14:05.338 INFO [main] org.apache.catalina.startup.HostConfig.deployDirectory Deploying web application directory [/Users/nimamemarzadeh/Downloads/apache-tomcat-11.0.7/webapps/examples]
26-May-2025 10:14:05.492 INFO [main] org.apache.catalina.startup.HostConfig.deployDirectory Deployment of web application directory [/Users/nimamemarzadeh/Downloads/apache-tomcat-11.0.7/webapps/examples] has finished in [153] ms
26-May-2025 10:14:05.492 INFO [main] org.apache.catalina.startup.HostConfig.deployDirectory Deploying web application directory [/Users/nimamemarzadeh/Downloads/apache-tomcat-11.0.7/webapps/ROOT]
26-May-2025 10:14:05.504 INFO [main] org.apache.catalina.startup.HostConfig.deployDirectory Deployment of web application directory [/Users/nimamemarzadeh/Downloads/apache-tomcat-11.0.7/webapps/ROOT] has finished in [11] ms
26-May-2025 10:14:05.504 INFO [main] org.apache.catalina.startup.HostConfig.deployDirectory Deploying web application directory [/Users/nimamemarzadeh/Downloads/apache-tomcat-11.0.7/webapps/host-manager]
26-May-2025 10:14:05.517 INFO [main] org.apache.catalina.startup.HostConfig.deployDirectory Deployment of web application directory [/Users/nimamemarzadeh/Downloads/apache-tomcat-11.0.7/webapps/host-manager] has finished in [13] ms
26-May-2025 10:14:05.520 INFO [main] org.apache.coyote.AbstractProtocol.start Starting ProtocolHandler ["http-nio-8080"]
26-May-2025 10:14:05.530 INFO [main] org.apache.catalina.startup.Catalina.start Server startup in [472] milliseconds
26-May-2025 10:57:11.975 INFO [main] org.apache.catalina.startup.VersionLoggerListener.log Server version name:   Apache Tomcat/11.0.7
26-May-2025 10:57:11.978 INFO [main] org.apache.catalina.startup.VersionLoggerListener.log Server built:          May 7 2025 14:55:59 UTC
26-May-2025 10:57:11.978 INFO [main] org.apache.catalina.startup.VersionLoggerListener.log Server version number: 11.0.7.0
26-May-2025 10:57:11.979 INFO [main] org.apache.catalina.startup.VersionLoggerListener.log OS Name:               Mac OS X
26-May-2025 10:57:11.979 INFO [main] org.apache.catalina.startup.VersionLoggerListener.log OS Version:            15.5
26-May-2025 10:57:11.979 INFO [main] org.apache.catalina.startup.VersionLoggerListener.log Architecture:          x86_64
26-May-2025 10:57:11.979 INFO [main] org.apache.catalina.startup.VersionLoggerListener.log Java Home:             /Library/Java/JavaVirtualMachines/jdk-24.jdk/Contents/Home
26-May-2025 10:57:11.979 INFO [main] org.apache.catalina.startup.VersionLoggerListener.log JVM Version:           24.0.1+9-30
26-May-2025 10:57:11.979 INFO [main] org.apache.catalina.startup.VersionLoggerListener.log JVM Vendor:            Oracle Corporation
26-May-2025 10:57:11.979 INFO [main] org.apache.catalina.startup.VersionLoggerListener.log CATALINA_BASE:         /Users/nimamemarzadeh/Desktop/believue/serverside Dev/module-2/apache-tomcat-11.0.7
26-May-2025 10:57:11.979 INFO [main] org.apache.catalina.startup.VersionLoggerListener.log CATALINA_HOME:         /Users/nimamemarzadeh/Desktop/believue/serverside Dev/module-2/apache-tomcat-11.0.7
26-May-2025 10:57:11.989 INFO [main] org.apache.catalina.startup.VersionLoggerListener.log Command line argument: -Djava.util.logging.config.file=/Users/nimamemarzadeh/Desktop/believue/serverside Dev/module-2/apache-tomcat-11.0.7/conf/logging.properties
26-May-2025 10:57:11.989 INFO [main] org.apache.catalina.startup.VersionLoggerListener.log Command line argument: -Djava.util.logging.manager=org.apache.juli.ClassLoaderLogManager
26-May-2025 10:57:11.989 INFO [main] org.apache.catalina.startup.VersionLoggerListener.log Command line argument: -Djdk.tls.ephemeralDHKeySize=2048
26-May-2025 10:57:11.989 INFO [main] org.apache.catalina.startup.VersionLoggerListener.log Command line argument: -Dorg.apache.catalina.security.SecurityListener.UMASK=0027
26-May-2025 10:57:11.989 INFO [main] org.apache.catalina.startup.VersionLoggerListener.log Command line argument: --add-opens=java.base/java.lang=ALL-UNNAMED
26-May-2025 10:57:11.989 INFO [main] org.apache.catalina.startup.VersionLoggerListener.log Command line argument: --add-opens=java.base/java.lang.reflect=ALL-UNNAMED
26-May-2025 10:57:11.989 INFO [main] org.apache.catalina.startup.VersionLoggerListener.log Command line argument: --add-opens=java.base/java.io=ALL-UNNAMED
26-May-2025 10:57:11.989 INFO [main] org.apache.catalina.startup.VersionLoggerListener.log Command line argument: --add-opens=java.base/java.util=ALL-UNNAMED
26-May-2025 10:57:11.989 INFO [main] org.apache.catalina.startup.VersionLoggerListener.log Command line argument: --add-opens=java.base/java.util.concurrent=ALL-UNNAMED
26-May-2025 10:57:11.990 INFO [main] org.apache.catalina.startup.VersionLoggerListener.log Command line argument: --add-opens=java.rmi/sun.rmi.transport=ALL-UNNAMED
26-May-2025 10:57:11.990 INFO [main] org.apache.catalina.startup.VersionLoggerListener.log Command line argument: --enable-native-access=ALL-UNNAMED
26-May-2025 10:57:11.990 INFO [main] org.apache.catalina.startup.VersionLoggerListener.log Command line argument: -Dcatalina.base=/Users/nimamemarzadeh/Desktop/believue/serverside Dev/module-2/apache-tomcat-11.0.7
26-May-2025 10:57:11.990 INFO [main] org.apache.catalina.startup.VersionLoggerListener.log Command line argument: -Dcatalina.home=/Users/nimamemarzadeh/Desktop/believue/serverside Dev/module-2/apache-tomcat-11.0.7
26-May-2025 10:57:11.990 INFO [main] org.apache.catalina.startup.VersionLoggerListener.log Command line argument: -Djava.io.tmpdir=/Users/nimamemarzadeh/Desktop/believue/serverside Dev/module-2/apache-tomcat-11.0.7/temp
26-May-2025 10:57:12.001 INFO [main] org.apache.catalina.core.AprLifecycleListener.lifecycleEvent The Apache Tomcat Native library which allows using OpenSSL was not found on the java.library.path: [/Users/nimamemarzadeh/Library/Java/Extensions:/Library/Java/Extensions:/Network/Library/Java/Extensions:/System/Library/Java/Extensions:/usr/lib/java:.]
26-May-2025 10:57:12.223 INFO [main] org.apache.coyote.AbstractProtocol.init Initializing ProtocolHandler ["http-nio-8080"]
26-May-2025 10:57:12.244 INFO [main] org.apache.catalina.startup.Catalina.load Server initialization in [436] milliseconds
26-May-2025 10:57:12.276 INFO [main] org.apache.catalina.core.StandardService.startInternal Starting service [Catalina]
26-May-2025 10:57:12.276 INFO [main] org.apache.catalina.core.StandardEngine.startInternal Starting Servlet engine: [Apache Tomcat/11.0.7]
26-May-2025 10:57:12.285 INFO [main] org.apache.catalina.startup.HostConfig.deployDirectory Deploying web application directory [/Users/nimamemarzadeh/Desktop/believue/serverside Dev/module-2/apache-tomcat-11.0.7/webapps/docs]
26-May-2025 10:57:12.520 INFO [main] org.apache.catalina.startup.HostConfig.deployDirectory Deployment of web application directory [/Users/nimamemarzadeh/Desktop/believue/serverside Dev/module-2/apache-tomcat-11.0.7/webapps/docs] has finished in [235] ms
26-May-2025 10:57:12.521 INFO [main] org.apache.catalina.startup.HostConfig.deployDirectory Deploying web application directory [/Users/nimamemarzadeh/Desktop/believue/serverside Dev/module-2/apache-tomcat-11.0.7/webapps/myapp]
26-May-2025 10:57:12.543 INFO [main] org.apache.catalina.startup.HostConfig.deployDirectory Deployment of web application directory [/Users/nimamemarzadeh/Desktop/believue/serverside Dev/module-2/apache-tomcat-11.0.7/webapps/myapp] has finished in [22] ms
26-May-2025 10:57:12.544 INFO [main] org.apache.catalina.startup.HostConfig.deployDirectory Deploying web application directory [/Users/nimamemarzadeh/Desktop/believue/serverside Dev/module-2/apache-tomcat-11.0.7/webapps/manager]
26-May-2025 10:57:12.578 INFO [main] org.apache.catalina.startup.HostConfig.deployDirectory Deployment of web application directory [/Users/nimamemarzadeh/Desktop/believue/serverside Dev/module-2/apache-tomcat-11.0.7/webapps/manager] has finished in [34] ms
26-May-2025 10:57:12.578 INFO [main] org.apache.catalina.startup.HostConfig.deployDirectory Deploying web application directory [/Users/nimamemarzadeh/Desktop/believue/serverside Dev/module-2/apache-tomcat-11.0.7/webapps/examples]
26-May-2025 10:57:12.742 INFO [main] org.apache.catalina.startup.HostConfig.deployDirectory Deployment of web application directory [/Users/nimamemarzadeh/Desktop/believue/serverside Dev/module-2/apache-tomcat-11.0.7/webapps/examples] has finished in [164] ms
26-May-2025 10:57:12.742 INFO [main] org.apache.catalina.startup.HostConfig.deployDirectory Deploying web application directory [/Users/nimamemarzadeh/Desktop/believue/serverside Dev/module-2/apache-tomcat-11.0.7/webapps/ROOT]
26-May-2025 10:57:12.755 INFO [main] org.apache.catalina.startup.HostConfig.deployDirectory Deployment of web application directory [/Users/nimamemarzadeh/Desktop/believue/serverside Dev/module-2/apache-tomcat-11.0.7/webapps/ROOT] has finished in [13] ms
26-May-2025 10:57:12.755 INFO [main] org.apache.catalina.startup.HostConfig.deployDirectory Deploying web application directory [/Users/nimamemarzadeh/Desktop/believue/serverside Dev/module-2/apache-tomcat-11.0.7/webapps/host-manager]
26-May-2025 10:57:12.770 INFO [main] org.apache.catalina.startup.HostConfig.deployDirectory Deployment of web application directory [/Users/nimamemarzadeh/Desktop/believue/serverside Dev/module-2/apache-tomcat-11.0.7/webapps/host-manager] has finished in [15] ms
26-May-2025 10:57:12.773 INFO [main] org.apache.coyote.AbstractProtocol.start Starting ProtocolHandler ["http-nio-8080"]
26-May-2025 10:57:12.782 INFO [main] org.apache.catalina.startup.Catalina.start Server startup in [536] milliseconds
26-May-2025 11:01:55.417 INFO [main] org.apache.catalina.core.StandardServer.await A valid shutdown command was received via the shutdown port. Stopping the Server instance.
26-May-2025 11:01:55.417 INFO [main] org.apache.coyote.AbstractProtocol.pause Pausing ProtocolHandler ["http-nio-8080"]
26-May-2025 11:01:55.421 INFO [main] org.apache.catalina.core.StandardService.stopInternal Stopping service [Catalina]
26-May-2025 11:01:55.437 INFO [main] org.apache.coyote.AbstractProtocol.stop Stopping ProtocolHandler ["http-nio-8080"]
26-May-2025 11:01:55.445 INFO [main] org.apache.coyote.AbstractProtocol.destroy Destroying ProtocolHandler ["http-nio-8080"]
26-May-2025 11:06:54.635 INFO [main] org.apache.catalina.startup.VersionLoggerListener.log Server version name:   Apache Tomcat/11.0.7
26-May-2025 11:06:54.637 INFO [main] org.apache.catalina.startup.VersionLoggerListener.log Server built:          May 7 2025 14:55:59 UTC
26-May-2025 11:06:54.638 INFO [main] org.apache.catalina.startup.VersionLoggerListener.log Server version number: 11.0.7.0
26-May-2025 11:06:54.638 INFO [main] org.apache.catalina.startup.VersionLoggerListener.log OS Name:               Mac OS X
26-May-2025 11:06:54.638 INFO [main] org.apache.catalina.startup.VersionLoggerListener.log OS Version:            15.5
26-May-2025 11:06:54.638 INFO [main] org.apache.catalina.startup.VersionLoggerListener.log Architecture:          x86_64
26-May-2025 11:06:54.638 INFO [main] org.apache.catalina.startup.VersionLoggerListener.log Java Home:             /Library/Java/JavaVirtualMachines/jdk-24.jdk/Contents/Home
26-May-2025 11:06:54.638 INFO [main] org.apache.catalina.startup.VersionLoggerListener.log JVM Version:           24.0.1+9-30
26-May-2025 11:06:54.638 INFO [main] org.apache.catalina.startup.VersionLoggerListener.log JVM Vendor:            Oracle Corporation
26-May-2025 11:06:54.638 INFO [main] org.apache.catalina.startup.VersionLoggerListener.log CATALINA_BASE:         /Users/nimamemarzadeh/Desktop/believue/serverside Dev/module-2/apache-tomcat-11.0.7
26-May-2025 11:06:54.639 INFO [main] org.apache.catalina.startup.VersionLoggerListener.log CATALINA_HOME:         /Users/nimamemarzadeh/Desktop/believue/serverside Dev/module-2/apache-tomcat-11.0.7
26-May-2025 11:06:54.648 INFO [main] org.apache.catalina.startup.VersionLoggerListener.log Command line argument: -Djava.util.logging.config.file=/Users/nimamemarzadeh/Desktop/believue/serverside Dev/module-2/apache-tomcat-11.0.7/conf/logging.properties
26-May-2025 11:06:54.648 INFO [main] org.apache.catalina.startup.VersionLoggerListener.log Command line argument: -Djava.util.logging.manager=org.apache.juli.ClassLoaderLogManager
26-May-2025 11:06:54.648 INFO [main] org.apache.catalina.startup.VersionLoggerListener.log Command line argument: -Djdk.tls.ephemeralDHKeySize=2048
26-May-2025 11:06:54.648 INFO [main] org.apache.catalina.startup.VersionLoggerListener.log Command line argument: -Dorg.apache.catalina.security.SecurityListener.UMASK=0027
26-May-2025 11:06:54.648 INFO [main] org.apache.catalina.startup.VersionLoggerListener.log Command line argument: --add-opens=java.base/java.lang=ALL-UNNAMED
26-May-2025 11:06:54.649 INFO [main] org.apache.catalina.startup.VersionLoggerListener.log Command line argument: --add-opens=java.base/java.lang.reflect=ALL-UNNAMED
26-May-2025 11:06:54.649 INFO [main] org.apache.catalina.startup.VersionLoggerListener.log Command line argument: --add-opens=java.base/java.io=ALL-UNNAMED
26-May-2025 11:06:54.649 INFO [main] org.apache.catalina.startup.VersionLoggerListener.log Command line argument: --add-opens=java.base/java.util=ALL-UNNAMED
26-May-2025 11:06:54.649 INFO [main] org.apache.catalina.startup.VersionLoggerListener.log Command line argument: --add-opens=java.base/java.util.concurrent=ALL-UNNAMED
26-May-2025 11:06:54.649 INFO [main] org.apache.catalina.startup.VersionLoggerListener.log Command line argument: --add-opens=java.rmi/sun.rmi.transport=ALL-UNNAMED
26-May-2025 11:06:54.649 INFO [main] org.apache.catalina.startup.VersionLoggerListener.log Command line argument: --enable-native-access=ALL-UNNAMED
26-May-2025 11:06:54.649 INFO [main] org.apache.catalina.startup.VersionLoggerListener.log Command line argument: -Dcatalina.base=/Users/nimamemarzadeh/Desktop/believue/serverside Dev/module-2/apache-tomcat-11.0.7
26-May-2025 11:06:54.649 INFO [main] org.apache.catalina.startup.VersionLoggerListener.log Command line argument: -Dcatalina.home=/Users/nimamemarzadeh/Desktop/believue/serverside Dev/module-2/apache-tomcat-11.0.7
26-May-2025 11:06:54.649 INFO [main] org.apache.catalina.startup.VersionLoggerListener.log Command line argument: -Djava.io.tmpdir=/Users/nimamemarzadeh/Desktop/believue/serverside Dev/module-2/apache-tomcat-11.0.7/temp
26-May-2025 11:06:54.661 INFO [main] org.apache.catalina.core.AprLifecycleListener.lifecycleEvent The Apache Tomcat Native library which allows using OpenSSL was not found on the java.library.path: [/Users/nimamemarzadeh/Library/Java/Extensions:/Library/Java/Extensions:/Network/Library/Java/Extensions:/System/Library/Java/Extensions:/usr/lib/java:.]
26-May-2025 11:06:54.879 INFO [main] org.apache.coyote.AbstractProtocol.init Initializing ProtocolHandler ["http-nio-8080"]
26-May-2025 11:06:54.900 INFO [main] org.apache.catalina.startup.Catalina.load Server initialization in [404] milliseconds
26-May-2025 11:06:54.929 INFO [main] org.apache.catalina.core.StandardService.startInternal Starting service [Catalina]
26-May-2025 11:06:54.930 INFO [main] org.apache.catalina.core.StandardEngine.startInternal Starting Servlet engine: [Apache Tomcat/11.0.7]
26-May-2025 11:06:54.936 INFO [main] org.apache.catalina.startup.HostConfig.deployDirectory Deploying web application directory [/Users/nimamemarzadeh/Desktop/believue/serverside Dev/module-2/apache-tomcat-11.0.7/webapps/docs]
26-May-2025 11:06:55.139 INFO [main] org.apache.catalina.startup.HostConfig.deployDirectory Deployment of web application directory [/Users/nimamemarzadeh/Desktop/believue/serverside Dev/module-2/apache-tomcat-11.0.7/webapps/docs] has finished in [202] ms
26-May-2025 11:06:55.139 INFO [main] org.apache.catalina.startup.HostConfig.deployDirectory Deploying web application directory [/Users/nimamemarzadeh/Desktop/believue/serverside Dev/module-2/apache-tomcat-11.0.7/webapps/myapp]
26-May-2025 11:06:55.159 INFO [main] org.apache.catalina.startup.HostConfig.deployDirectory Deployment of web application directory [/Users/nimamemarzadeh/Desktop/believue/serverside Dev/module-2/apache-tomcat-11.0.7/webapps/myapp] has finished in [20] ms
26-May-2025 11:06:55.160 INFO [main] org.apache.catalina.startup.HostConfig.deployDirectory Deploying web application directory [/Users/nimamemarzadeh/Desktop/believue/serverside Dev/module-2/apache-tomcat-11.0.7/webapps/manager]
26-May-2025 11:06:55.192 INFO [main] org.apache.catalina.startup.HostConfig.deployDirectory Deployment of web application directory [/Users/nimamemarzadeh/Desktop/believue/serverside Dev/module-2/apache-tomcat-11.0.7/webapps/manager] has finished in [32] ms
26-May-2025 11:06:55.192 INFO [main] org.apache.catalina.startup.HostConfig.deployDirectory Deploying web application directory [/Users/nimamemarzadeh/Desktop/believue/serverside Dev/module-2/apache-tomcat-11.0.7/webapps/examples]
26-May-2025 11:06:55.353 INFO [main] org.apache.catalina.startup.HostConfig.deployDirectory Deployment of web application directory [/Users/nimamemarzadeh/Desktop/believue/serverside Dev/module-2/apache-tomcat-11.0.7/webapps/examples] has finished in [161] ms
26-May-2025 11:06:55.354 INFO [main] org.apache.catalina.startup.HostConfig.deployDirectory Deploying web application directory [/Users/nimamemarzadeh/Desktop/believue/serverside Dev/module-2/apache-tomcat-11.0.7/webapps/ROOT]
26-May-2025 11:06:55.366 INFO [main] org.apache.catalina.startup.HostConfig.deployDirectory Deployment of web application directory [/Users/nimamemarzadeh/Desktop/believue/serverside Dev/module-2/apache-tomcat-11.0.7/webapps/ROOT] has finished in [12] ms
26-May-2025 11:06:55.367 INFO [main] org.apache.catalina.startup.HostConfig.deployDirectory Deploying web application directory [/Users/nimamemarzadeh/Desktop/believue/serverside Dev/module-2/apache-tomcat-11.0.7/webapps/host-manager]
26-May-2025 11:06:55.380 INFO [main] org.apache.catalina.startup.HostConfig.deployDirectory Deployment of web application directory [/Users/nimamemarzadeh/Desktop/believue/serverside Dev/module-2/apache-tomcat-11.0.7/webapps/host-manager] has finished in [14] ms
26-May-2025 11:06:55.383 INFO [main] org.apache.coyote.AbstractProtocol.start Starting ProtocolHandler ["http-nio-8080"]
26-May-2025 11:06:55.393 INFO [main] org.apache.catalina.startup.Catalina.start Server startup in [491] milliseconds
26-May-2025 11:08:39.680 INFO [main] org.apache.catalina.core.StandardServer.await A valid shutdown command was received via the shutdown port. Stopping the Server instance.
26-May-2025 11:08:39.681 INFO [main] org.apache.coyote.AbstractProtocol.pause Pausing ProtocolHandler ["http-nio-8080"]
26-May-2025 11:08:39.684 INFO [main] org.apache.catalina.core.StandardService.stopInternal Stopping service [Catalina]
26-May-2025 11:08:39.702 INFO [main] org.apache.coyote.AbstractProtocol.stop Stopping ProtocolHandler ["http-nio-8080"]
26-May-2025 11:08:39.710 INFO [main] org.apache.coyote.AbstractProtocol.destroy Destroying ProtocolHandler ["http-nio-8080"]
26-May-2025 11:08:41.742 INFO [main] org.apache.catalina.startup.VersionLoggerListener.log Server version name:   Apache Tomcat/11.0.7
26-May-2025 11:08:41.744 INFO [main] org.apache.catalina.startup.VersionLoggerListener.log Server built:          May 7 2025 14:55:59 UTC
26-May-2025 11:08:41.744 INFO [main] org.apache.catalina.startup.VersionLoggerListener.log Server version number: 11.0.7.0
26-May-2025 11:08:41.744 INFO [main] org.apache.catalina.startup.VersionLoggerListener.log OS Name:               Mac OS X
26-May-2025 11:08:41.745 INFO [main] org.apache.catalina.startup.VersionLoggerListener.log OS Version:            15.5
26-May-2025 11:08:41.745 INFO [main] org.apache.catalina.startup.VersionLoggerListener.log Architecture:          x86_64
26-May-2025 11:08:41.745 INFO [main] org.apache.catalina.startup.VersionLoggerListener.log Java Home:             /Library/Java/JavaVirtualMachines/jdk-24.jdk/Contents/Home
26-May-2025 11:08:41.745 INFO [main] org.apache.catalina.startup.VersionLoggerListener.log JVM Version:           24.0.1+9-30
26-May-2025 11:08:41.745 INFO [main] org.apache.catalina.startup.VersionLoggerListener.log JVM Vendor:            Oracle Corporation
26-May-2025 11:08:41.745 INFO [main] org.apache.catalina.startup.VersionLoggerListener.log CATALINA_BASE:         /Users/nimamemarzadeh/Desktop/believue/serverside Dev/module-2/apache-tomcat-11.0.7
26-May-2025 11:08:41.745 INFO [main] org.apache.catalina.startup.VersionLoggerListener.log CATALINA_HOME:         /Users/nimamemarzadeh/Desktop/believue/serverside Dev/module-2/apache-tomcat-11.0.7
26-May-2025 11:08:41.754 INFO [main] org.apache.catalina.startup.VersionLoggerListener.log Command line argument: -Djava.util.logging.config.file=/Users/nimamemarzadeh/Desktop/believue/serverside Dev/module-2/apache-tomcat-11.0.7/conf/logging.properties
26-May-2025 11:08:41.754 INFO [main] org.apache.catalina.startup.VersionLoggerListener.log Command line argument: -Djava.util.logging.manager=org.apache.juli.ClassLoaderLogManager
26-May-2025 11:08:41.754 INFO [main] org.apache.catalina.startup.VersionLoggerListener.log Command line argument: -Djdk.tls.ephemeralDHKeySize=2048
26-May-2025 11:08:41.754 INFO [main] org.apache.catalina.startup.VersionLoggerListener.log Command line argument: -Dorg.apache.catalina.security.SecurityListener.UMASK=0027
26-May-2025 11:08:41.754 INFO [main] org.apache.catalina.startup.VersionLoggerListener.log Command line argument: --add-opens=java.base/java.lang=ALL-UNNAMED
26-May-2025 11:08:41.754 INFO [main] org.apache.catalina.startup.VersionLoggerListener.log Command line argument: --add-opens=java.base/java.lang.reflect=ALL-UNNAMED
26-May-2025 11:08:41.755 INFO [main] org.apache.catalina.startup.VersionLoggerListener.log Command line argument: --add-opens=java.base/java.io=ALL-UNNAMED
26-May-2025 11:08:41.755 INFO [main] org.apache.catalina.startup.VersionLoggerListener.log Command line argument: --add-opens=java.base/java.util=ALL-UNNAMED
26-May-2025 11:08:41.755 INFO [main] org.apache.catalina.startup.VersionLoggerListener.log Command line argument: --add-opens=java.base/java.util.concurrent=ALL-UNNAMED
26-May-2025 11:08:41.755 INFO [main] org.apache.catalina.startup.VersionLoggerListener.log Command line argument: --add-opens=java.rmi/sun.rmi.transport=ALL-UNNAMED
26-May-2025 11:08:41.755 INFO [main] org.apache.catalina.startup.VersionLoggerListener.log Command line argument: --enable-native-access=ALL-UNNAMED
26-May-2025 11:08:41.755 INFO [main] org.apache.catalina.startup.VersionLoggerListener.log Command line argument: -Dcatalina.base=/Users/nimamemarzadeh/Desktop/believue/serverside Dev/module-2/apache-tomcat-11.0.7
26-May-2025 11:08:41.755 INFO [main] org.apache.catalina.startup.VersionLoggerListener.log Command line argument: -Dcatalina.home=/Users/nimamemarzadeh/Desktop/believue/serverside Dev/module-2/apache-tomcat-11.0.7
26-May-2025 11:08:41.755 INFO [main] org.apache.catalina.startup.VersionLoggerListener.log Command line argument: -Djava.io.tmpdir=/Users/nimamemarzadeh/Desktop/believue/serverside Dev/module-2/apache-tomcat-11.0.7/temp
26-May-2025 11:08:41.765 INFO [main] org.apache.catalina.core.AprLifecycleListener.lifecycleEvent The Apache Tomcat Native library which allows using OpenSSL was not found on the java.library.path: [/Users/nimamemarzadeh/Library/Java/Extensions:/Library/Java/Extensions:/Network/Library/Java/Extensions:/System/Library/Java/Extensions:/usr/lib/java:.]
26-May-2025 11:08:41.985 INFO [main] org.apache.coyote.AbstractProtocol.init Initializing ProtocolHandler ["http-nio-8080"]
26-May-2025 11:08:42.007 INFO [main] org.apache.catalina.startup.Catalina.load Server initialization in [407] milliseconds
26-May-2025 11:08:42.038 INFO [main] org.apache.catalina.core.StandardService.startInternal Starting service [Catalina]
26-May-2025 11:08:42.038 INFO [main] org.apache.catalina.core.StandardEngine.startInternal Starting Servlet engine: [Apache Tomcat/11.0.7]
26-May-2025 11:08:42.045 INFO [main] org.apache.catalina.startup.HostConfig.deployDirectory Deploying web application directory [/Users/nimamemarzadeh/Desktop/believue/serverside Dev/module-2/apache-tomcat-11.0.7/webapps/docs]
26-May-2025 11:08:42.261 INFO [main] org.apache.catalina.startup.HostConfig.deployDirectory Deployment of web application directory [/Users/nimamemarzadeh/Desktop/believue/serverside Dev/module-2/apache-tomcat-11.0.7/webapps/docs] has finished in [215] ms
26-May-2025 11:08:42.261 INFO [main] org.apache.catalina.startup.HostConfig.deployDirectory Deploying web application directory [/Users/nimamemarzadeh/Desktop/believue/serverside Dev/module-2/apache-tomcat-11.0.7/webapps/myapp]
26-May-2025 11:08:42.283 INFO [main] org.apache.catalina.startup.HostConfig.deployDirectory Deployment of web application directory [/Users/nimamemarzadeh/Desktop/believue/serverside Dev/module-2/apache-tomcat-11.0.7/webapps/myapp] has finished in [22] ms
26-May-2025 11:08:42.283 INFO [main] org.apache.catalina.startup.HostConfig.deployDirectory Deploying web application directory [/Users/nimamemarzadeh/Desktop/believue/serverside Dev/module-2/apache-tomcat-11.0.7/webapps/manager]
26-May-2025 11:08:42.317 INFO [main] org.apache.catalina.startup.HostConfig.deployDirectory Deployment of web application directory [/Users/nimamemarzadeh/Desktop/believue/serverside Dev/module-2/apache-tomcat-11.0.7/webapps/manager] has finished in [34] ms
26-May-2025 11:08:42.317 INFO [main] org.apache.catalina.startup.HostConfig.deployDirectory Deploying web application directory [/Users/nimamemarzadeh/Desktop/believue/serverside Dev/module-2/apache-tomcat-11.0.7/webapps/examples]
26-May-2025 11:08:42.479 INFO [main] org.apache.catalina.startup.HostConfig.deployDirectory Deployment of web application directory [/Users/nimamemarzadeh/Desktop/believue/serverside Dev/module-2/apache-tomcat-11.0.7/webapps/examples] has finished in [162] ms
26-May-2025 11:08:42.479 INFO [main] org.apache.catalina.startup.HostConfig.deployDirectory Deploying web application directory [/Users/nimamemarzadeh/Desktop/believue/serverside Dev/module-2/apache-tomcat-11.0.7/webapps/ROOT]
26-May-2025 11:08:42.492 INFO [main] org.apache.catalina.startup.HostConfig.deployDirectory Deployment of web application directory [/Users/nimamemarzadeh/Desktop/believue/serverside Dev/module-2/apache-tomcat-11.0.7/webapps/ROOT] has finished in [13] ms
26-May-2025 11:08:42.493 INFO [main] org.apache.catalina.startup.HostConfig.deployDirectory Deploying web application directory [/Users/nimamemarzadeh/Desktop/believue/serverside Dev/module-2/apache-tomcat-11.0.7/webapps/host-manager]
26-May-2025 11:08:42.507 INFO [main] org.apache.catalina.startup.HostConfig.deployDirectory Deployment of web application directory [/Users/nimamemarzadeh/Desktop/believue/serverside Dev/module-2/apache-tomcat-11.0.7/webapps/host-manager] has finished in [14] ms
26-May-2025 11:08:42.509 INFO [main] org.apache.coyote.AbstractProtocol.start Starting ProtocolHandler ["http-nio-8080"]
26-May-2025 11:08:42.518 INFO [main] org.apache.catalina.startup.Catalina.start Server startup in [508] milliseconds
26-May-2025 11:10:19.944 INFO [main] org.apache.catalina.core.StandardServer.await A valid shutdown command was received via the shutdown port. Stopping the Server instance.
26-May-2025 11:10:19.945 INFO [main] org.apache.coyote.AbstractProtocol.pause Pausing ProtocolHandler ["http-nio-8080"]
26-May-2025 11:10:19.948 INFO [main] org.apache.catalina.core.StandardService.stopInternal Stopping service [Catalina]
26-May-2025 11:10:19.965 INFO [main] org.apache.coyote.AbstractProtocol.stop Stopping ProtocolHandler ["http-nio-8080"]
26-May-2025 11:10:19.972 INFO [main] org.apache.coyote.AbstractProtocol.destroy Destroying ProtocolHandler ["http-nio-8080"]
26-May-2025 11:10:21.288 INFO [main] org.apache.catalina.startup.VersionLoggerListener.log Server version name:   Apache Tomcat/11.0.7
26-May-2025 11:10:21.291 INFO [main] org.apache.catalina.startup.VersionLoggerListener.log Server built:          May 7 2025 14:55:59 UTC
26-May-2025 11:10:21.291 INFO [main] org.apache.catalina.startup.VersionLoggerListener.log Server version number: 11.0.7.0
26-May-2025 11:10:21.291 INFO [main] org.apache.catalina.startup.VersionLoggerListener.log OS Name:               Mac OS X
26-May-2025 11:10:21.291 INFO [main] org.apache.catalina.startup.VersionLoggerListener.log OS Version:            15.5
26-May-2025 11:10:21.291 INFO [main] org.apache.catalina.startup.VersionLoggerListener.log Architecture:          x86_64
26-May-2025 11:10:21.291 INFO [main] org.apache.catalina.startup.VersionLoggerListener.log Java Home:             /Library/Java/JavaVirtualMachines/jdk-24.jdk/Contents/Home
26-May-2025 11:10:21.291 INFO [main] org.apache.catalina.startup.VersionLoggerListener.log JVM Version:           24.0.1+9-30
26-May-2025 11:10:21.291 INFO [main] org.apache.catalina.startup.VersionLoggerListener.log JVM Vendor:            Oracle Corporation
26-May-2025 11:10:21.292 INFO [main] org.apache.catalina.startup.VersionLoggerListener.log CATALINA_BASE:         /Users/nimamemarzadeh/Desktop/believue/serverside Dev/module-2/apache-tomcat-11.0.7
26-May-2025 11:10:21.292 INFO [main] org.apache.catalina.startup.VersionLoggerListener.log CATALINA_HOME:         /Users/nimamemarzadeh/Desktop/believue/serverside Dev/module-2/apache-tomcat-11.0.7
26-May-2025 11:10:21.301 INFO [main] org.apache.catalina.startup.VersionLoggerListener.log Command line argument: -Djava.util.logging.config.file=/Users/nimamemarzadeh/Desktop/believue/serverside Dev/module-2/apache-tomcat-11.0.7/conf/logging.properties
26-May-2025 11:10:21.301 INFO [main] org.apache.catalina.startup.VersionLoggerListener.log Command line argument: -Djava.util.logging.manager=org.apache.juli.ClassLoaderLogManager
26-May-2025 11:10:21.301 INFO [main] org.apache.catalina.startup.VersionLoggerListener.log Command line argument: -Djdk.tls.ephemeralDHKeySize=2048
26-May-2025 11:10:21.301 INFO [main] org.apache.catalina.startup.VersionLoggerListener.log Command line argument: -Dorg.apache.catalina.security.SecurityListener.UMASK=0027
26-May-2025 11:10:21.302 INFO [main] org.apache.catalina.startup.VersionLoggerListener.log Command line argument: --add-opens=java.base/java.lang=ALL-UNNAMED
26-May-2025 11:10:21.302 INFO [main] org.apache.catalina.startup.VersionLoggerListener.log Command line argument: --add-opens=java.base/java.lang.reflect=ALL-UNNAMED
26-May-2025 11:10:21.302 INFO [main] org.apache.catalina.startup.VersionLoggerListener.log Command line argument: --add-opens=java.base/java.io=ALL-UNNAMED
26-May-2025 11:10:21.302 INFO [main] org.apache.catalina.startup.VersionLoggerListener.log Command line argument: --add-opens=java.base/java.util=ALL-UNNAMED
26-May-2025 11:10:21.302 INFO [main] org.apache.catalina.startup.VersionLoggerListener.log Command line argument: --add-opens=java.base/java.util.concurrent=ALL-UNNAMED
26-May-2025 11:10:21.302 INFO [main] org.apache.catalina.startup.VersionLoggerListener.log Command line argument: --add-opens=java.rmi/sun.rmi.transport=ALL-UNNAMED
26-May-2025 11:10:21.302 INFO [main] org.apache.catalina.startup.VersionLoggerListener.log Command line argument: --enable-native-access=ALL-UNNAMED
26-May-2025 11:10:21.302 INFO [main] org.apache.catalina.startup.VersionLoggerListener.log Command line argument: -Dcatalina.base=/Users/nimamemarzadeh/Desktop/believue/serverside Dev/module-2/apache-tomcat-11.0.7
26-May-2025 11:10:21.302 INFO [main] org.apache.catalina.startup.VersionLoggerListener.log Command line argument: -Dcatalina.home=/Users/nimamemarzadeh/Desktop/believue/serverside Dev/module-2/apache-tomcat-11.0.7
26-May-2025 11:10:21.303 INFO [main] org.apache.catalina.startup.VersionLoggerListener.log Command line argument: -Djava.io.tmpdir=/Users/nimamemarzadeh/Desktop/believue/serverside Dev/module-2/apache-tomcat-11.0.7/temp
26-May-2025 11:10:21.313 INFO [main] org.apache.catalina.core.AprLifecycleListener.lifecycleEvent The Apache Tomcat Native library which allows using OpenSSL was not found on the java.library.path: [/Users/nimamemarzadeh/Library/Java/Extensions:/Library/Java/Extensions:/Network/Library/Java/Extensions:/System/Library/Java/Extensions:/usr/lib/java:.]
26-May-2025 11:10:21.531 INFO [main] org.apache.coyote.AbstractProtocol.init Initializing ProtocolHandler ["http-nio-8080"]
26-May-2025 11:10:21.552 INFO [main] org.apache.catalina.startup.Catalina.load Server initialization in [402] milliseconds
26-May-2025 11:10:21.583 INFO [main] org.apache.catalina.core.StandardService.startInternal Starting service [Catalina]
26-May-2025 11:10:21.583 INFO [main] org.apache.catalina.core.StandardEngine.startInternal Starting Servlet engine: [Apache Tomcat/11.0.7]
26-May-2025 11:10:21.590 INFO [main] org.apache.catalina.startup.HostConfig.deployDirectory Deploying web application directory [/Users/nimamemarzadeh/Desktop/believue/serverside Dev/module-2/apache-tomcat-11.0.7/webapps/docs]
26-May-2025 11:10:21.795 INFO [main] org.apache.catalina.startup.HostConfig.deployDirectory Deployment of web application directory [/Users/nimamemarzadeh/Desktop/believue/serverside Dev/module-2/apache-tomcat-11.0.7/webapps/docs] has finished in [204] ms
26-May-2025 11:10:21.795 INFO [main] org.apache.catalina.startup.HostConfig.deployDirectory Deploying web application directory [/Users/nimamemarzadeh/Desktop/believue/serverside Dev/module-2/apache-tomcat-11.0.7/webapps/myapp]
26-May-2025 11:10:21.815 INFO [main] org.apache.catalina.startup.HostConfig.deployDirectory Deployment of web application directory [/Users/nimamemarzadeh/Desktop/believue/serverside Dev/module-2/apache-tomcat-11.0.7/webapps/myapp] has finished in [20] ms
26-May-2025 11:10:21.815 INFO [main] org.apache.catalina.startup.HostConfig.deployDirectory Deploying web application directory [/Users/nimamemarzadeh/Desktop/believue/serverside Dev/module-2/apache-tomcat-11.0.7/webapps/manager]
26-May-2025 11:10:21.847 INFO [main] org.apache.catalina.startup.HostConfig.deployDirectory Deployment of web application directory [/Users/nimamemarzadeh/Desktop/believue/serverside Dev/module-2/apache-tomcat-11.0.7/webapps/manager] has finished in [32] ms
26-May-2025 11:10:21.847 INFO [main] org.apache.catalina.startup.HostConfig.deployDirectory Deploying web application directory [/Users/nimamemarzadeh/Desktop/believue/serverside Dev/module-2/apache-tomcat-11.0.7/webapps/examples]
26-May-2025 11:10:22.017 INFO [main] org.apache.catalina.startup.HostConfig.deployDirectory Deployment of web application directory [/Users/nimamemarzadeh/Desktop/believue/serverside Dev/module-2/apache-tomcat-11.0.7/webapps/examples] has finished in [170] ms
26-May-2025 11:10:22.017 INFO [main] org.apache.catalina.startup.HostConfig.deployDirectory Deploying web application directory [/Users/nimamemarzadeh/Desktop/believue/serverside Dev/module-2/apache-tomcat-11.0.7/webapps/ROOT]
26-May-2025 11:10:22.035 INFO [main] org.apache.catalina.startup.HostConfig.deployDirectory Deployment of web application directory [/Users/nimamemarzadeh/Desktop/believue/serverside Dev/module-2/apache-tomcat-11.0.7/webapps/ROOT] has finished in [18] ms
26-May-2025 11:10:22.036 INFO [main] org.apache.catalina.startup.HostConfig.deployDirectory Deploying web application directory [/Users/nimamemarzadeh/Desktop/believue/serverside Dev/module-2/apache-tomcat-11.0.7/webapps/host-manager]
26-May-2025 11:10:22.053 INFO [main] org.apache.catalina.startup.HostConfig.deployDirectory Deployment of web application directory [/Users/nimamemarzadeh/Desktop/believue/serverside Dev/module-2/apache-tomcat-11.0.7/webapps/host-manager] has finished in [17] ms
26-May-2025 11:10:22.056 INFO [main] org.apache.coyote.AbstractProtocol.start Starting ProtocolHandler ["http-nio-8080"]
26-May-2025 11:10:22.067 INFO [main] org.apache.catalina.startup.Catalina.start Server startup in [513] milliseconds
