28-May-2025 09:21:33.710 INFO [main] org.apache.catalina.core.ApplicationContext.log ContextListener: contextInitialized()
28-May-2025 09:21:33.711 INFO [main] org.apache.catalina.core.ApplicationContext.log SessionListener: contextInitialized()
28-May-2025 09:21:33.712 INFO [main] org.apache.catalina.core.ApplicationContext.log ContextListener: attributeAdded('StockTicker', 'async.Stockticker@eb6449b')
28-May-2025 09:41:35.238 INFO [main] org.apache.catalina.core.ApplicationContext.log ContextListener: contextInitialized()
28-May-2025 09:41:35.239 INFO [main] org.apache.catalina.core.ApplicationContext.log SessionListener: contextInitialized()
28-May-2025 09:41:35.240 INFO [main] org.apache.catalina.core.ApplicationContext.log ContextListener: attributeAdded('StockTicker', 'async.Stockticker@b40bb6e')
28-May-2025 09:41:35.293 INFO [main] org.apache.catalina.core.ApplicationContext.log SessionListener: contextDestroyed()
28-May-2025 09:41:35.293 INFO [main] org.apache.catalina.core.ApplicationContext.log ContextListener: contextDestroyed()
28-May-2025 09:42:23.860 INFO [main] org.apache.catalina.core.ApplicationContext.log SessionListener: contextDestroyed()
28-May-2025 09:42:23.860 INFO [main] org.apache.catalina.core.ApplicationContext.log ContextListener: contextDestroyed()
28-May-2025 09:46:04.913 INFO [main] org.apache.catalina.core.ApplicationContext.log ContextListener: contextInitialized()
28-May-2025 09:46:04.914 INFO [main] org.apache.catalina.core.ApplicationContext.log SessionListener: contextInitialized()
28-May-2025 09:46:04.915 INFO [main] org.apache.catalina.core.ApplicationContext.log ContextListener: attributeAdded('StockTicker', 'async.Stockticker@fd0e5b6')
28-May-2025 09:51:01.509 INFO [http-nio-8080-exec-17] org.apache.catalina.core.ApplicationContext.log ContextListener: attributeAdded('org.apache.jasper.runtime.JspApplicationContextImpl', 'org.apache.jasper.runtime.JspApplicationContextImpl@5152b0bc')
28-May-2025 09:51:01.543 INFO [http-nio-8080-exec-17] org.apache.catalina.core.ApplicationContext.log ContextListener: attributeAdded('org.apache.jasper.compiler.ELInterpreter', 'org.apache.jasper.compiler.ELInterpreterFactory$DefaultELInterpreter@79ee970c')
28-May-2025 09:51:01.543 INFO [http-nio-8080-exec-17] org.apache.catalina.core.ApplicationContext.log ContextListener: attributeAdded('org.apache.jasper.compiler.StringInterpreter', 'org.apache.jasper.compiler.StringInterpreterFactory$DefaultStringInterpreter@4e58121c')
28-May-2025 09:51:01.600 INFO [http-nio-8080-exec-17] org.apache.catalina.core.ApplicationContext.log SessionListener: sessionCreated('9752C4430DC745446879F8AAE43487DC')
28-May-2025 10:22:06.580 INFO [Catalina-utility-2] org.apache.catalina.core.ApplicationContext.log SessionListener: sessionDestroyed('9752C4430DC745446879F8AAE43487DC')
28-May-2025 10:38:22.093 INFO [main] org.apache.catalina.core.ApplicationContext.log SessionListener: contextDestroyed()
28-May-2025 10:38:22.093 INFO [main] org.apache.catalina.core.ApplicationContext.log ContextListener: contextDestroyed()
28-May-2025 10:43:56.995 INFO [main] org.apache.catalina.core.ApplicationContext.log ContextListener: contextInitialized()
28-May-2025 10:43:56.995 INFO [main] org.apache.catalina.core.ApplicationContext.log SessionListener: contextInitialized()
28-May-2025 10:43:56.997 INFO [main] org.apache.catalina.core.ApplicationContext.log ContextListener: attributeAdded('StockTicker', 'async.Stockticker@6326d182')
28-May-2025 10:49:09.232 INFO [Catalina-utility-1] org.apache.catalina.core.ApplicationContext.log SessionListener: contextDestroyed()
28-May-2025 10:49:09.232 INFO [Catalina-utility-1] org.apache.catalina.core.ApplicationContext.log ContextListener: contextDestroyed()
28-May-2025 10:50:08.756 INFO [main] org.apache.catalina.core.ApplicationContext.log ContextListener: contextInitialized()
28-May-2025 10:50:08.756 INFO [main] org.apache.catalina.core.ApplicationContext.log SessionListener: contextInitialized()
28-May-2025 10:50:08.757 INFO [main] org.apache.catalina.core.ApplicationContext.log ContextListener: attributeAdded('StockTicker', 'async.Stockticker@b40bb6e')
28-May-2025 10:50:08.813 INFO [main] org.apache.catalina.core.ApplicationContext.log SessionListener: contextDestroyed()
28-May-2025 10:50:08.813 INFO [main] org.apache.catalina.core.ApplicationContext.log ContextListener: contextDestroyed()
28-May-2025 10:51:11.588 INFO [main] org.apache.catalina.core.ApplicationContext.log ContextListener: contextInitialized()
28-May-2025 10:51:11.588 INFO [main] org.apache.catalina.core.ApplicationContext.log SessionListener: contextInitialized()
28-May-2025 10:51:11.589 INFO [main] org.apache.catalina.core.ApplicationContext.log ContextListener: attributeAdded('StockTicker', 'async.Stockticker@180e6ac4')
28-May-2025 11:00:39.352 INFO [main] org.apache.catalina.core.ApplicationContext.log SessionListener: contextDestroyed()
28-May-2025 11:00:39.353 INFO [main] org.apache.catalina.core.ApplicationContext.log ContextListener: contextDestroyed()
28-May-2025 11:07:44.803 INFO [main] org.apache.catalina.core.ApplicationContext.log ContextListener: contextInitialized()
28-May-2025 11:07:44.803 INFO [main] org.apache.catalina.core.ApplicationContext.log SessionListener: contextInitialized()
28-May-2025 11:07:44.804 INFO [main] org.apache.catalina.core.ApplicationContext.log ContextListener: attributeAdded('StockTicker', 'async.Stockticker@eb6449b')
28-May-2025 11:08:01.455 INFO [main] org.apache.catalina.core.ApplicationContext.log SessionListener: contextDestroyed()
28-May-2025 11:08:01.455 INFO [main] org.apache.catalina.core.ApplicationContext.log ContextListener: contextDestroyed()
28-May-2025 11:17:41.072 INFO [main] org.apache.catalina.core.ApplicationContext.log ContextListener: contextInitialized()
28-May-2025 11:17:41.072 INFO [main] org.apache.catalina.core.ApplicationContext.log SessionListener: contextInitialized()
28-May-2025 11:17:41.074 INFO [main] org.apache.catalina.core.ApplicationContext.log ContextListener: attributeAdded('StockTicker', 'async.Stockticker@180e6ac4')
28-May-2025 11:18:19.589 INFO [main] org.apache.catalina.core.ApplicationContext.log SessionListener: contextDestroyed()
28-May-2025 11:18:19.589 INFO [main] org.apache.catalina.core.ApplicationContext.log ContextListener: contextDestroyed()
