26-May-2025 10:08:02.980 INFO [main] org.apache.catalina.core.ApplicationContext.log ContextListener: contextInitialized()
26-May-2025 10:08:02.980 INFO [main] org.apache.catalina.core.ApplicationContext.log SessionListener: contextInitialized()
26-May-2025 10:08:02.981 INFO [main] org.apache.catalina.core.ApplicationContext.log ContextListener: attributeAdded('StockTicker', 'async.Stockticker@6d0b5baf')
26-May-2025 10:08:45.085 INFO [main] org.apache.catalina.core.ApplicationContext.log SessionListener: contextDestroyed()
26-May-2025 10:08:45.085 INFO [main] org.apache.catalina.core.ApplicationContext.log ContextListener: contextDestroyed()
26-May-2025 10:11:39.458 INFO [main] org.apache.catalina.core.ApplicationContext.log ContextListener: contextInitialized()
26-May-2025 10:11:39.458 INFO [main] org.apache.catalina.core.ApplicationContext.log SessionListener: contextInitialized()
26-May-2025 10:11:39.459 INFO [main] org.apache.catalina.core.ApplicationContext.log ContextListener: attributeAdded('StockTicker', 'async.Stockticker@61526469')
26-May-2025 10:12:11.831 INFO [main] org.apache.catalina.core.ApplicationContext.log SessionListener: contextDestroyed()
26-May-2025 10:12:11.831 INFO [main] org.apache.catalina.core.ApplicationContext.log ContextListener: contextDestroyed()
26-May-2025 10:14:05.487 INFO [main] org.apache.catalina.core.ApplicationContext.log ContextListener: contextInitialized()
26-May-2025 10:14:05.487 INFO [main] org.apache.catalina.core.ApplicationContext.log SessionListener: contextInitialized()
26-May-2025 10:14:05.488 INFO [main] org.apache.catalina.core.ApplicationContext.log ContextListener: attributeAdded('StockTicker', 'async.Stockticker@3c0fae6c')
26-May-2025 10:57:12.737 INFO [main] org.apache.catalina.core.ApplicationContext.log ContextListener: contextInitialized()
26-May-2025 10:57:12.737 INFO [main] org.apache.catalina.core.ApplicationContext.log SessionListener: contextInitialized()
26-May-2025 10:57:12.738 INFO [main] org.apache.catalina.core.ApplicationContext.log ContextListener: attributeAdded('StockTicker', 'async.Stockticker@eb6449b')
26-May-2025 11:01:55.428 INFO [main] org.apache.catalina.core.ApplicationContext.log SessionListener: contextDestroyed()
26-May-2025 11:01:55.428 INFO [main] org.apache.catalina.core.ApplicationContext.log ContextListener: contextDestroyed()
26-May-2025 11:06:55.348 INFO [main] org.apache.catalina.core.ApplicationContext.log ContextListener: contextInitialized()
26-May-2025 11:06:55.348 INFO [main] org.apache.catalina.core.ApplicationContext.log SessionListener: contextInitialized()
26-May-2025 11:06:55.349 INFO [main] org.apache.catalina.core.ApplicationContext.log ContextListener: attributeAdded('StockTicker', 'async.Stockticker@36b0fcd5')
26-May-2025 11:08:39.691 INFO [main] org.apache.catalina.core.ApplicationContext.log SessionListener: contextDestroyed()
26-May-2025 11:08:39.691 INFO [main] org.apache.catalina.core.ApplicationContext.log ContextListener: contextDestroyed()
26-May-2025 11:08:42.475 INFO [main] org.apache.catalina.core.ApplicationContext.log ContextListener: contextInitialized()
26-May-2025 11:08:42.475 INFO [main] org.apache.catalina.core.ApplicationContext.log SessionListener: contextInitialized()
26-May-2025 11:08:42.475 INFO [main] org.apache.catalina.core.ApplicationContext.log ContextListener: attributeAdded('StockTicker', 'async.Stockticker@36b0fcd5')
26-May-2025 11:10:19.955 INFO [main] org.apache.catalina.core.ApplicationContext.log SessionListener: contextDestroyed()
26-May-2025 11:10:19.955 INFO [main] org.apache.catalina.core.ApplicationContext.log ContextListener: contextDestroyed()
26-May-2025 11:10:22.010 INFO [main] org.apache.catalina.core.ApplicationContext.log ContextListener: contextInitialized()
26-May-2025 11:10:22.010 INFO [main] org.apache.catalina.core.ApplicationContext.log SessionListener: contextInitialized()
26-May-2025 11:10:22.012 INFO [main] org.apache.catalina.core.ApplicationContext.log ContextListener: attributeAdded('StockTicker', 'async.Stockticker@36b0fcd5')
26-May-2025 11:10:23.930 SEVERE [http-nio-8080-exec-1] org.apache.catalina.core.StandardWrapperValve.invoke Servlet.service() for servlet [jsp] in context with path [/myapp] threw exception [Unable to compile class for JSP: 

An error occurred at line: [14] in the jsp file: [/index.jsp]
scenes.length cannot be resolved to a type
11:               <th>Plot Highlight</th>
12:           </tr>
13:           <%
14:               for (int i = 0; i < scenes.length; i++) {
15:           %>
16:           <tr>
17:               <td><%= scenes[i][0] %></td>


An error occurred at line: [17] in the jsp file: [/index.jsp]
scenes cannot be resolved to a variable
14:               for (int i = 0; i < scenes.length; i++) {
15:           %>
16:           <tr>
17:               <td><%= scenes[i][0] %></td>
18:               <td><%= scenes[i][1] %></td>
19:               <td><%= scenes[i][2] %></td>
20:           </tr>


An error occurred at line: [18] in the jsp file: [/index.jsp]
scenes cannot be resolved to a variable
15:           %>
16:           <tr>
17:               <td><%= scenes[i][0] %></td>
18:               <td><%= scenes[i][1] %></td>
19:               <td><%= scenes[i][2] %></td>
20:           </tr>
21:           <%


An error occurred at line: [19] in the jsp file: [/index.jsp]
scenes cannot be resolved to a variable
16:           <tr>
17:               <td><%= scenes[i][0] %></td>
18:               <td><%= scenes[i][1] %></td>
19:               <td><%= scenes[i][2] %></td>
20:           </tr>
21:           <%
22:               }


Stacktrace:] with root cause
	org.apache.jasper.JasperException: Unable to compile class for JSP: 

An error occurred at line: [14] in the jsp file: [/index.jsp]
scenes.length cannot be resolved to a type
11:               <th>Plot Highlight</th>
12:           </tr>
13:           <%
14:               for (int i = 0; i < scenes.length; i++) {
15:           %>
16:           <tr>
17:               <td><%= scenes[i][0] %></td>


An error occurred at line: [17] in the jsp file: [/index.jsp]
scenes cannot be resolved to a variable
14:               for (int i = 0; i < scenes.length; i++) {
15:           %>
16:           <tr>
17:               <td><%= scenes[i][0] %></td>
18:               <td><%= scenes[i][1] %></td>
19:               <td><%= scenes[i][2] %></td>
20:           </tr>


An error occurred at line: [18] in the jsp file: [/index.jsp]
scenes cannot be resolved to a variable
15:           %>
16:           <tr>
17:               <td><%= scenes[i][0] %></td>
18:               <td><%= scenes[i][1] %></td>
19:               <td><%= scenes[i][2] %></td>
20:           </tr>
21:           <%


An error occurred at line: [19] in the jsp file: [/index.jsp]
scenes cannot be resolved to a variable
16:           <tr>
17:               <td><%= scenes[i][0] %></td>
18:               <td><%= scenes[i][1] %></td>
19:               <td><%= scenes[i][2] %></td>
20:           </tr>
21:           <%
22:               }


Stacktrace:
		at org.apache.jasper.compiler.DefaultErrorHandler.javacError(DefaultErrorHandler.java:72)
		at org.apache.jasper.compiler.ErrorDispatcher.javacError(ErrorDispatcher.java:192)
		at org.apache.jasper.compiler.JDTCompiler.generateClass(JDTCompiler.java:531)
		at org.apache.jasper.compiler.Compiler.compile(Compiler.java:374)
		at org.apache.jasper.compiler.Compiler.compile(Compiler.java:346)
		at org.apache.jasper.compiler.Compiler.compile(Compiler.java:332)
		at org.apache.jasper.JspCompilationContext.compile(JspCompilationContext.java:591)
		at org.apache.jasper.servlet.JspServletWrapper.service(JspServletWrapper.java:376)
		at org.apache.jasper.servlet.JspServlet.serviceJspFile(JspServlet.java:337)
		at org.apache.jasper.servlet.JspServlet.service(JspServlet.java:288)
		at jakarta.servlet.http.HttpServlet.service(HttpServlet.java:710)
		at org.apache.catalina.core.ApplicationFilterChain.doFilter(ApplicationFilterChain.java:130)
		at org.apache.tomcat.websocket.server.WsFilter.doFilter(WsFilter.java:53)
		at org.apache.catalina.core.ApplicationFilterChain.doFilter(ApplicationFilterChain.java:109)
		at org.apache.catalina.core.StandardWrapperValve.invoke(StandardWrapperValve.java:167)
		at org.apache.catalina.core.StandardContextValve.invoke(StandardContextValve.java:79)
		at org.apache.catalina.authenticator.AuthenticatorBase.invoke(AuthenticatorBase.java:483)
		at org.apache.catalina.core.StandardHostValve.invoke(StandardHostValve.java:116)
		at org.apache.catalina.valves.ErrorReportValve.invoke(ErrorReportValve.java:93)
		at org.apache.catalina.valves.AbstractAccessLogValve.invoke(AbstractAccessLogValve.java:666)
		at org.apache.catalina.core.StandardEngineValve.invoke(StandardEngineValve.java:74)
		at org.apache.catalina.connector.CoyoteAdapter.service(CoyoteAdapter.java:343)
		at org.apache.coyote.http11.Http11Processor.service(Http11Processor.java:396)
		at org.apache.coyote.AbstractProcessorLight.process(AbstractProcessorLight.java:63)
		at org.apache.coyote.AbstractProtocol$ConnectionHandler.process(AbstractProtocol.java:903)
		at org.apache.tomcat.util.net.NioEndpoint$SocketProcessor.doRun(NioEndpoint.java:1744)
		at org.apache.tomcat.util.net.SocketProcessorBase.run(SocketProcessorBase.java:52)
		at org.apache.tomcat.util.threads.ThreadPoolExecutor.runWorker(ThreadPoolExecutor.java:1149)
		at org.apache.tomcat.util.threads.ThreadPoolExecutor$Worker.run(ThreadPoolExecutor.java:637)
		at org.apache.tomcat.util.threads.TaskThread$WrappingRunnable.run(TaskThread.java:59)
		at java.base/java.lang.Thread.run(Thread.java:1447)
26-May-2025 11:10:24.399 SEVERE [http-nio-8080-exec-3] org.apache.catalina.core.StandardWrapperValve.invoke Servlet.service() for servlet [jsp] in context with path [/myapp] threw exception [org.apache.jasper.JasperException: java.lang.ClassNotFoundException: org.apache.jsp.index_jsp] with root cause
	java.lang.ClassNotFoundException: org.apache.jsp.index_jsp
		at java.base/java.net.URLClassLoader.findClass(URLClassLoader.java:349)
		at org.apache.jasper.servlet.JasperLoader.loadClass(JasperLoader.java:96)
		at org.apache.jasper.servlet.JasperLoader.loadClass(JasperLoader.java:50)
		at org.apache.catalina.core.DefaultInstanceManager.newInstance(DefaultInstanceManager.java:147)
		at org.apache.jasper.servlet.JspServletWrapper.getServlet(JspServletWrapper.java:171)
		at org.apache.jasper.servlet.JspServletWrapper.service(JspServletWrapper.java:390)
		at org.apache.jasper.servlet.JspServlet.serviceJspFile(JspServlet.java:337)
		at org.apache.jasper.servlet.JspServlet.service(JspServlet.java:288)
		at jakarta.servlet.http.HttpServlet.service(HttpServlet.java:710)
		at org.apache.catalina.core.ApplicationFilterChain.doFilter(ApplicationFilterChain.java:130)
		at org.apache.tomcat.websocket.server.WsFilter.doFilter(WsFilter.java:53)
		at org.apache.catalina.core.ApplicationFilterChain.doFilter(ApplicationFilterChain.java:109)
		at org.apache.catalina.core.StandardWrapperValve.invoke(StandardWrapperValve.java:167)
		at org.apache.catalina.core.StandardContextValve.invoke(StandardContextValve.java:79)
		at org.apache.catalina.authenticator.AuthenticatorBase.invoke(AuthenticatorBase.java:483)
		at org.apache.catalina.core.StandardHostValve.invoke(StandardHostValve.java:116)
		at org.apache.catalina.valves.ErrorReportValve.invoke(ErrorReportValve.java:93)
		at org.apache.catalina.valves.AbstractAccessLogValve.invoke(AbstractAccessLogValve.java:666)
		at org.apache.catalina.core.StandardEngineValve.invoke(StandardEngineValve.java:74)
		at org.apache.catalina.connector.CoyoteAdapter.service(CoyoteAdapter.java:343)
		at org.apache.coyote.http11.Http11Processor.service(Http11Processor.java:396)
		at org.apache.coyote.AbstractProcessorLight.process(AbstractProcessorLight.java:63)
		at org.apache.coyote.AbstractProtocol$ConnectionHandler.process(AbstractProtocol.java:903)
		at org.apache.tomcat.util.net.NioEndpoint$SocketProcessor.doRun(NioEndpoint.java:1744)
		at org.apache.tomcat.util.net.SocketProcessorBase.run(SocketProcessorBase.java:52)
		at org.apache.tomcat.util.threads.ThreadPoolExecutor.runWorker(ThreadPoolExecutor.java:1149)
		at org.apache.tomcat.util.threads.ThreadPoolExecutor$Worker.run(ThreadPoolExecutor.java:637)
		at org.apache.tomcat.util.threads.TaskThread$WrappingRunnable.run(TaskThread.java:59)
		at java.base/java.lang.Thread.run(Thread.java:1447)
