26-May-2025 10:08:02.218 INFO [main] org.apache.catalina.startup.VersionLoggerListener.log Server version name:   Apache Tomcat/11.0.7
26-May-2025 10:08:02.221 INFO [main] org.apache.catalina.startup.VersionLoggerListener.log Server built:          May 7 2025 14:55:59 UTC
26-May-2025 10:08:02.221 INFO [main] org.apache.catalina.startup.VersionLoggerListener.log Server version number: 11.0.7.0
26-May-2025 10:08:02.221 INFO [main] org.apache.catalina.startup.VersionLoggerListener.log OS Name:               Mac OS X
26-May-2025 10:08:02.221 INFO [main] org.apache.catalina.startup.VersionLoggerListener.log OS Version:            15.5
26-May-2025 10:08:02.221 INFO [main] org.apache.catalina.startup.VersionLoggerListener.log Architecture:          x86_64
26-May-2025 10:08:02.221 INFO [main] org.apache.catalina.startup.VersionLoggerListener.log Java Home:             /Library/Java/JavaVirtualMachines/jdk-24.jdk/Contents/Home
26-May-2025 10:08:02.222 INFO [main] org.apache.catalina.startup.VersionLoggerListener.log JVM Version:           24.0.1+9-30
26-May-2025 10:08:02.222 INFO [main] org.apache.catalina.startup.VersionLoggerListener.log JVM Vendor:            Oracle Corporation
26-May-2025 10:08:02.222 INFO [main] org.apache.catalina.startup.VersionLoggerListener.log CATALINA_BASE:         /Users/nimamemarzadeh/Downloads/apache-tomcat-11.0.7
26-May-2025 10:08:02.222 INFO [main] org.apache.catalina.startup.VersionLoggerListener.log CATALINA_HOME:         /Users/nimamemarzadeh/Downloads/apache-tomcat-11.0.7
26-May-2025 10:08:02.231 INFO [main] org.apache.catalina.startup.VersionLoggerListener.log Command line argument: -Djava.util.logging.config.file=/Users/nimamemarzadeh/Downloads/apache-tomcat-11.0.7/conf/logging.properties
26-May-2025 10:08:02.232 INFO [main] org.apache.catalina.startup.VersionLoggerListener.log Command line argument: -Djava.util.logging.manager=org.apache.juli.ClassLoaderLogManager
26-May-2025 10:08:02.232 INFO [main] org.apache.catalina.startup.VersionLoggerListener.log Command line argument: -Djdk.tls.ephemeralDHKeySize=2048
26-May-2025 10:08:02.232 INFO [main] org.apache.catalina.startup.VersionLoggerListener.log Command line argument: -Dorg.apache.catalina.security.SecurityListener.UMASK=0027
26-May-2025 10:08:02.232 INFO [main] org.apache.catalina.startup.VersionLoggerListener.log Command line argument: --add-opens=java.base/java.lang=ALL-UNNAMED
26-May-2025 10:08:02.232 INFO [main] org.apache.catalina.startup.VersionLoggerListener.log Command line argument: --add-opens=java.base/java.lang.reflect=ALL-UNNAMED
26-May-2025 10:08:02.232 INFO [main] org.apache.catalina.startup.VersionLoggerListener.log Command line argument: --add-opens=java.base/java.io=ALL-UNNAMED
26-May-2025 10:08:02.232 INFO [main] org.apache.catalina.startup.VersionLoggerListener.log Command line argument: --add-opens=java.base/java.util=ALL-UNNAMED
26-May-2025 10:08:02.232 INFO [main] org.apache.catalina.startup.VersionLoggerListener.log Command line argument: --add-opens=java.base/java.util.concurrent=ALL-UNNAMED
26-May-2025 10:08:02.232 INFO [main] org.apache.catalina.startup.VersionLoggerListener.log Command line argument: --add-opens=java.rmi/sun.rmi.transport=ALL-UNNAMED
26-May-2025 10:08:02.233 INFO [main] org.apache.catalina.startup.VersionLoggerListener.log Command line argument: --enable-native-access=ALL-UNNAMED
26-May-2025 10:08:02.233 INFO [main] org.apache.catalina.startup.VersionLoggerListener.log Command line argument: -Dcatalina.base=/Users/nimamemarzadeh/Downloads/apache-tomcat-11.0.7
26-May-2025 10:08:02.233 INFO [main] org.apache.catalina.startup.VersionLoggerListener.log Command line argument: -Dcatalina.home=/Users/nimamemarzadeh/Downloads/apache-tomcat-11.0.7
26-May-2025 10:08:02.233 INFO [main] org.apache.catalina.startup.VersionLoggerListener.log Command line argument: -Djava.io.tmpdir=/Users/nimamemarzadeh/Downloads/apache-tomcat-11.0.7/temp
26-May-2025 10:08:02.244 INFO [main] org.apache.catalina.core.AprLifecycleListener.lifecycleEvent The Apache Tomcat Native library which allows using OpenSSL was not found on the java.library.path: [/Users/nimamemarzadeh/Library/Java/Extensions:/Library/Java/Extensions:/Network/Library/Java/Extensions:/System/Library/Java/Extensions:/usr/lib/java:.]
26-May-2025 10:08:02.504 INFO [main] org.apache.coyote.AbstractProtocol.init Initializing ProtocolHandler ["http-nio-8080"]
26-May-2025 10:08:02.530 INFO [main] org.apache.catalina.startup.Catalina.load Server initialization in [448] milliseconds
26-May-2025 10:08:02.565 INFO [main] org.apache.catalina.core.StandardService.startInternal Starting service [Catalina]
26-May-2025 10:08:02.566 INFO [main] org.apache.catalina.core.StandardEngine.startInternal Starting Servlet engine: [Apache Tomcat/11.0.7]
26-May-2025 10:08:02.573 INFO [main] org.apache.catalina.startup.HostConfig.deployDirectory Deploying web application directory [/Users/nimamemarzadeh/Downloads/apache-tomcat-11.0.7/webapps/docs]
26-May-2025 10:08:02.799 INFO [main] org.apache.catalina.startup.HostConfig.deployDirectory Deployment of web application directory [/Users/nimamemarzadeh/Downloads/apache-tomcat-11.0.7/webapps/docs] has finished in [225] ms
26-May-2025 10:08:02.800 INFO [main] org.apache.catalina.startup.HostConfig.deployDirectory Deploying web application directory [/Users/nimamemarzadeh/Downloads/apache-tomcat-11.0.7/webapps/manager]
26-May-2025 10:08:02.825 INFO [main] org.apache.catalina.startup.HostConfig.deployDirectory Deployment of web application directory [/Users/nimamemarzadeh/Downloads/apache-tomcat-11.0.7/webapps/manager] has finished in [26] ms
26-May-2025 10:08:02.825 INFO [main] org.apache.catalina.startup.HostConfig.deployDirectory Deploying web application directory [/Users/nimamemarzadeh/Downloads/apache-tomcat-11.0.7/webapps/examples]
26-May-2025 10:08:02.985 INFO [main] org.apache.catalina.startup.HostConfig.deployDirectory Deployment of web application directory [/Users/nimamemarzadeh/Downloads/apache-tomcat-11.0.7/webapps/examples] has finished in [160] ms
26-May-2025 10:08:02.985 INFO [main] org.apache.catalina.startup.HostConfig.deployDirectory Deploying web application directory [/Users/nimamemarzadeh/Downloads/apache-tomcat-11.0.7/webapps/ROOT]
26-May-2025 10:08:03.000 INFO [main] org.apache.catalina.startup.HostConfig.deployDirectory Deployment of web application directory [/Users/nimamemarzadeh/Downloads/apache-tomcat-11.0.7/webapps/ROOT] has finished in [15] ms
26-May-2025 10:08:03.000 INFO [main] org.apache.catalina.startup.HostConfig.deployDirectory Deploying web application directory [/Users/nimamemarzadeh/Downloads/apache-tomcat-11.0.7/webapps/host-manager]
26-May-2025 10:08:03.013 INFO [main] org.apache.catalina.startup.HostConfig.deployDirectory Deployment of web application directory [/Users/nimamemarzadeh/Downloads/apache-tomcat-11.0.7/webapps/host-manager] has finished in [13] ms
26-May-2025 10:08:03.016 INFO [main] org.apache.coyote.AbstractProtocol.start Starting ProtocolHandler ["http-nio-8080"]
26-May-2025 10:08:03.026 INFO [main] org.apache.catalina.startup.Catalina.start Server startup in [495] milliseconds
26-May-2025 10:08:45.072 INFO [main] org.apache.catalina.core.StandardServer.await A valid shutdown command was received via the shutdown port. Stopping the Server instance.
26-May-2025 10:08:45.072 INFO [main] org.apache.coyote.AbstractProtocol.pause Pausing ProtocolHandler ["http-nio-8080"]
26-May-2025 10:08:45.076 INFO [main] org.apache.catalina.core.StandardService.stopInternal Stopping service [Catalina]
26-May-2025 10:08:45.094 INFO [main] org.apache.coyote.AbstractProtocol.stop Stopping ProtocolHandler ["http-nio-8080"]
26-May-2025 10:08:45.101 INFO [main] org.apache.coyote.AbstractProtocol.destroy Destroying ProtocolHandler ["http-nio-8080"]
26-May-2025 10:11:38.754 INFO [main] org.apache.catalina.startup.VersionLoggerListener.log Server version name:   Apache Tomcat/11.0.7
26-May-2025 10:11:38.756 INFO [main] org.apache.catalina.startup.VersionLoggerListener.log Server built:          May 7 2025 14:55:59 UTC
26-May-2025 10:11:38.756 INFO [main] org.apache.catalina.startup.VersionLoggerListener.log Server version number: 11.0.7.0
26-May-2025 10:11:38.756 INFO [main] org.apache.catalina.startup.VersionLoggerListener.log OS Name:               Mac OS X
26-May-2025 10:11:38.756 INFO [main] org.apache.catalina.startup.VersionLoggerListener.log OS Version:            15.5
26-May-2025 10:11:38.756 INFO [main] org.apache.catalina.startup.VersionLoggerListener.log Architecture:          x86_64
26-May-2025 10:11:38.756 INFO [main] org.apache.catalina.startup.VersionLoggerListener.log Java Home:             /Library/Java/JavaVirtualMachines/jdk-24.jdk/Contents/Home
26-May-2025 10:11:38.756 INFO [main] org.apache.catalina.startup.VersionLoggerListener.log JVM Version:           24.0.1+9-30
26-May-2025 10:11:38.757 INFO [main] org.apache.catalina.startup.VersionLoggerListener.log JVM Vendor:            Oracle Corporation
26-May-2025 10:11:38.757 INFO [main] org.apache.catalina.startup.VersionLoggerListener.log CATALINA_BASE:         /Users/nimamemarzadeh/Downloads/apache-tomcat-11.0.7
26-May-2025 10:11:38.757 INFO [main] org.apache.catalina.startup.VersionLoggerListener.log CATALINA_HOME:         /Users/nimamemarzadeh/Downloads/apache-tomcat-11.0.7
26-May-2025 10:11:38.768 INFO [main] org.apache.catalina.startup.VersionLoggerListener.log Command line argument: -Djava.util.logging.config.file=/Users/nimamemarzadeh/Downloads/apache-tomcat-11.0.7/conf/logging.properties
26-May-2025 10:11:38.768 INFO [main] org.apache.catalina.startup.VersionLoggerListener.log Command line argument: -Djava.util.logging.manager=org.apache.juli.ClassLoaderLogManager
26-May-2025 10:11:38.768 INFO [main] org.apache.catalina.startup.VersionLoggerListener.log Command line argument: -Djdk.tls.ephemeralDHKeySize=2048
26-May-2025 10:11:38.768 INFO [main] org.apache.catalina.startup.VersionLoggerListener.log Command line argument: -Dorg.apache.catalina.security.SecurityListener.UMASK=0027
26-May-2025 10:11:38.768 INFO [main] org.apache.catalina.startup.VersionLoggerListener.log Command line argument: --add-opens=java.base/java.lang=ALL-UNNAMED
26-May-2025 10:11:38.768 INFO [main] org.apache.catalina.startup.VersionLoggerListener.log Command line argument: --add-opens=java.base/java.lang.reflect=ALL-UNNAMED
26-May-2025 10:11:38.769 INFO [main] org.apache.catalina.startup.VersionLoggerListener.log Command line argument: --add-opens=java.base/java.io=ALL-UNNAMED
26-May-2025 10:11:38.769 INFO [main] org.apache.catalina.startup.VersionLoggerListener.log Command line argument: --add-opens=java.base/java.util=ALL-UNNAMED
26-May-2025 10:11:38.769 INFO [main] org.apache.catalina.startup.VersionLoggerListener.log Command line argument: --add-opens=java.base/java.util.concurrent=ALL-UNNAMED
26-May-2025 10:11:38.769 INFO [main] org.apache.catalina.startup.VersionLoggerListener.log Command line argument: --add-opens=java.rmi/sun.rmi.transport=ALL-UNNAMED
26-May-2025 10:11:38.769 INFO [main] org.apache.catalina.startup.VersionLoggerListener.log Command line argument: --enable-native-access=ALL-UNNAMED
26-May-2025 10:11:38.769 INFO [main] org.apache.catalina.startup.VersionLoggerListener.log Command line argument: -Dcatalina.base=/Users/nimamemarzadeh/Downloads/apache-tomcat-11.0.7
26-May-2025 10:11:38.769 INFO [main] org.apache.catalina.startup.VersionLoggerListener.log Command line argument: -Dcatalina.home=/Users/nimamemarzadeh/Downloads/apache-tomcat-11.0.7
26-May-2025 10:11:38.769 INFO [main] org.apache.catalina.startup.VersionLoggerListener.log Command line argument: -Djava.io.tmpdir=/Users/nimamemarzadeh/Downloads/apache-tomcat-11.0.7/temp
26-May-2025 10:11:38.780 INFO [main] org.apache.catalina.core.AprLifecycleListener.lifecycleEvent The Apache Tomcat Native library which allows using OpenSSL was not found on the java.library.path: [/Users/nimamemarzadeh/Library/Java/Extensions:/Library/Java/Extensions:/Network/Library/Java/Extensions:/System/Library/Java/Extensions:/usr/lib/java:.]
26-May-2025 10:11:38.997 INFO [main] org.apache.coyote.AbstractProtocol.init Initializing ProtocolHandler ["http-nio-8080"]
26-May-2025 10:11:39.019 INFO [main] org.apache.catalina.startup.Catalina.load Server initialization in [402] milliseconds
26-May-2025 10:11:39.051 INFO [main] org.apache.catalina.core.StandardService.startInternal Starting service [Catalina]
26-May-2025 10:11:39.051 INFO [main] org.apache.catalina.core.StandardEngine.startInternal Starting Servlet engine: [Apache Tomcat/11.0.7]
26-May-2025 10:11:39.058 INFO [main] org.apache.catalina.startup.HostConfig.deployDirectory Deploying web application directory [/Users/nimamemarzadeh/Downloads/apache-tomcat-11.0.7/webapps/docs]
26-May-2025 10:11:39.255 INFO [main] org.apache.catalina.startup.HostConfig.deployDirectory Deployment of web application directory [/Users/nimamemarzadeh/Downloads/apache-tomcat-11.0.7/webapps/docs] has finished in [196] ms
26-May-2025 10:11:39.255 INFO [main] org.apache.catalina.startup.HostConfig.deployDirectory Deploying web application directory [/Users/nimamemarzadeh/Downloads/apache-tomcat-11.0.7/webapps/myapp]
26-May-2025 10:11:39.274 INFO [main] org.apache.catalina.startup.HostConfig.deployDirectory Deployment of web application directory [/Users/nimamemarzadeh/Downloads/apache-tomcat-11.0.7/webapps/myapp] has finished in [19] ms
26-May-2025 10:11:39.274 INFO [main] org.apache.catalina.startup.HostConfig.deployDirectory Deploying web application directory [/Users/nimamemarzadeh/Downloads/apache-tomcat-11.0.7/webapps/manager]
26-May-2025 10:11:39.299 INFO [main] org.apache.catalina.startup.HostConfig.deployDirectory Deployment of web application directory [/Users/nimamemarzadeh/Downloads/apache-tomcat-11.0.7/webapps/manager] has finished in [24] ms
26-May-2025 10:11:39.299 INFO [main] org.apache.catalina.startup.HostConfig.deployDirectory Deploying web application directory [/Users/nimamemarzadeh/Downloads/apache-tomcat-11.0.7/webapps/examples]
26-May-2025 10:11:39.463 INFO [main] org.apache.catalina.startup.HostConfig.deployDirectory Deployment of web application directory [/Users/nimamemarzadeh/Downloads/apache-tomcat-11.0.7/webapps/examples] has finished in [164] ms
26-May-2025 10:11:39.463 INFO [main] org.apache.catalina.startup.HostConfig.deployDirectory Deploying web application directory [/Users/nimamemarzadeh/Downloads/apache-tomcat-11.0.7/webapps/ROOT]
26-May-2025 10:11:39.476 INFO [main] org.apache.catalina.startup.HostConfig.deployDirectory Deployment of web application directory [/Users/nimamemarzadeh/Downloads/apache-tomcat-11.0.7/webapps/ROOT] has finished in [12] ms
26-May-2025 10:11:39.476 INFO [main] org.apache.catalina.startup.HostConfig.deployDirectory Deploying web application directory [/Users/nimamemarzadeh/Downloads/apache-tomcat-11.0.7/webapps/host-manager]
26-May-2025 10:11:39.490 INFO [main] org.apache.catalina.startup.HostConfig.deployDirectory Deployment of web application directory [/Users/nimamemarzadeh/Downloads/apache-tomcat-11.0.7/webapps/host-manager] has finished in [14] ms
26-May-2025 10:11:39.493 INFO [main] org.apache.coyote.AbstractProtocol.start Starting ProtocolHandler ["http-nio-8080"]
26-May-2025 10:11:39.503 INFO [main] org.apache.catalina.startup.Catalina.start Server startup in [483] milliseconds
26-May-2025 10:12:11.821 INFO [main] org.apache.catalina.core.StandardServer.await A valid shutdown command was received via the shutdown port. Stopping the Server instance.
26-May-2025 10:12:11.822 INFO [main] org.apache.coyote.AbstractProtocol.pause Pausing ProtocolHandler ["http-nio-8080"]
26-May-2025 10:12:11.825 INFO [main] org.apache.catalina.core.StandardService.stopInternal Stopping service [Catalina]
26-May-2025 10:12:11.840 INFO [main] org.apache.coyote.AbstractProtocol.stop Stopping ProtocolHandler ["http-nio-8080"]
26-May-2025 10:12:11.847 INFO [main] org.apache.coyote.AbstractProtocol.destroy Destroying ProtocolHandler ["http-nio-8080"]
26-May-2025 10:14:04.794 INFO [main] org.apache.catalina.startup.VersionLoggerListener.log Server version name:   Apache Tomcat/11.0.7
26-May-2025 10:14:04.796 INFO [main] org.apache.catalina.startup.VersionLoggerListener.log Server built:          May 7 2025 14:55:59 UTC
26-May-2025 10:14:04.797 INFO [main] org.apache.catalina.startup.VersionLoggerListener.log Server version number: 11.0.7.0
26-May-2025 10:14:04.797 INFO [main] org.apache.catalina.startup.VersionLoggerListener.log OS Name:               Mac OS X
26-May-2025 10:14:04.797 INFO [main] org.apache.catalina.startup.VersionLoggerListener.log OS Version:            15.5
26-May-2025 10:14:04.797 INFO [main] org.apache.catalina.startup.VersionLoggerListener.log Architecture:          x86_64
26-May-2025 10:14:04.797 INFO [main] org.apache.catalina.startup.VersionLoggerListener.log Java Home:             /Library/Java/JavaVirtualMachines/jdk-24.jdk/Contents/Home
26-May-2025 10:14:04.797 INFO [main] org.apache.catalina.startup.VersionLoggerListener.log JVM Version:           24.0.1+9-30
26-May-2025 10:14:04.797 INFO [main] org.apache.catalina.startup.VersionLoggerListener.log JVM Vendor:            Oracle Corporation
26-May-2025 10:14:04.797 INFO [main] org.apache.catalina.startup.VersionLoggerListener.log CATALINA_BASE:         /Users/nimamemarzadeh/Downloads/apache-tomcat-11.0.7
26-May-2025 10:14:04.797 INFO [main] org.apache.catalina.startup.VersionLoggerListener.log CATALINA_HOME:         /Users/nimamemarzadeh/Downloads/apache-tomcat-11.0.7
26-May-2025 10:14:04.807 INFO [main] org.apache.catalina.startup.VersionLoggerListener.log Command line argument: -Djava.util.logging.config.file=/Users/nimamemarzadeh/Downloads/apache-tomcat-11.0.7/conf/logging.properties
26-May-2025 10:14:04.808 INFO [main] org.apache.catalina.startup.VersionLoggerListener.log Command line argument: -Djava.util.logging.manager=org.apache.juli.ClassLoaderLogManager
26-May-2025 10:14:04.808 INFO [main] org.apache.catalina.startup.VersionLoggerListener.log Command line argument: -Djdk.tls.ephemeralDHKeySize=2048
26-May-2025 10:14:04.808 INFO [main] org.apache.catalina.startup.VersionLoggerListener.log Command line argument: -Dorg.apache.catalina.security.SecurityListener.UMASK=0027
26-May-2025 10:14:04.808 INFO [main] org.apache.catalina.startup.VersionLoggerListener.log Command line argument: --add-opens=java.base/java.lang=ALL-UNNAMED
26-May-2025 10:14:04.808 INFO [main] org.apache.catalina.startup.VersionLoggerListener.log Command line argument: --add-opens=java.base/java.lang.reflect=ALL-UNNAMED
26-May-2025 10:14:04.808 INFO [main] org.apache.catalina.startup.VersionLoggerListener.log Command line argument: --add-opens=java.base/java.io=ALL-UNNAMED
26-May-2025 10:14:04.808 INFO [main] org.apache.catalina.startup.VersionLoggerListener.log Command line argument: --add-opens=java.base/java.util=ALL-UNNAMED
26-May-2025 10:14:04.808 INFO [main] org.apache.catalina.startup.VersionLoggerListener.log Command line argument: --add-opens=java.base/java.util.concurrent=ALL-UNNAMED
26-May-2025 10:14:04.808 INFO [main] org.apache.catalina.startup.VersionLoggerListener.log Command line argument: --add-opens=java.rmi/sun.rmi.transport=ALL-UNNAMED
26-May-2025 10:14:04.808 INFO [main] org.apache.catalina.startup.VersionLoggerListener.log Command line argument: --enable-native-access=ALL-UNNAMED
26-May-2025 10:14:04.809 INFO [main] org.apache.catalina.startup.VersionLoggerListener.log Command line argument: -Dcatalina.base=/Users/nimamemarzadeh/Downloads/apache-tomcat-11.0.7
26-May-2025 10:14:04.809 INFO [main] org.apache.catalina.startup.VersionLoggerListener.log Command line argument: -Dcatalina.home=/Users/nimamemarzadeh/Downloads/apache-tomcat-11.0.7
26-May-2025 10:14:04.809 INFO [main] org.apache.catalina.startup.VersionLoggerListener.log Command line argument: -Djava.io.tmpdir=/Users/nimamemarzadeh/Downloads/apache-tomcat-11.0.7/temp
26-May-2025 10:14:04.819 INFO [main] org.apache.catalina.core.AprLifecycleListener.lifecycleEvent The Apache Tomcat Native library which allows using OpenSSL was not found on the java.library.path: [/Users/nimamemarzadeh/Library/Java/Extensions:/Library/Java/Extensions:/Network/Library/Java/Extensions:/System/Library/Java/Extensions:/usr/lib/java:.]
26-May-2025 10:14:05.034 INFO [main] org.apache.coyote.AbstractProtocol.init Initializing ProtocolHandler ["http-nio-8080"]
26-May-2025 10:14:05.056 INFO [main] org.apache.catalina.startup.Catalina.load Server initialization in [390] milliseconds
26-May-2025 10:14:05.087 INFO [main] org.apache.catalina.core.StandardService.startInternal Starting service [Catalina]
26-May-2025 10:14:05.087 INFO [main] org.apache.catalina.core.StandardEngine.startInternal Starting Servlet engine: [Apache Tomcat/11.0.7]
26-May-2025 10:14:05.094 INFO [main] org.apache.catalina.startup.HostConfig.deployDirectory Deploying web application directory [/Users/nimamemarzadeh/Downloads/apache-tomcat-11.0.7/webapps/docs]
26-May-2025 10:14:05.294 INFO [main] org.apache.catalina.startup.HostConfig.deployDirectory Deployment of web application directory [/Users/nimamemarzadeh/Downloads/apache-tomcat-11.0.7/webapps/docs] has finished in [199] ms
26-May-2025 10:14:05.294 INFO [main] org.apache.catalina.startup.HostConfig.deployDirectory Deploying web application directory [/Users/nimamemarzadeh/Downloads/apache-tomcat-11.0.7/webapps/myapp]
26-May-2025 10:14:05.313 INFO [main] org.apache.catalina.startup.HostConfig.deployDirectory Deployment of web application directory [/Users/nimamemarzadeh/Downloads/apache-tomcat-11.0.7/webapps/myapp] has finished in [19] ms
26-May-2025 10:14:05.314 INFO [main] org.apache.catalina.startup.HostConfig.deployDirectory Deploying web application directory [/Users/nimamemarzadeh/Downloads/apache-tomcat-11.0.7/webapps/manager]
26-May-2025 10:14:05.338 INFO [main] org.apache.catalina.startup.HostConfig.deployDirectory Deployment of web application directory [/Users/nimamemarzadeh/Downloads/apache-tomcat-11.0.7/webapps/manager] has finished in [24] ms
26-May-2025 10:14:05.338 INFO [main] org.apache.catalina.startup.HostConfig.deployDirectory Deploying web application directory [/Users/nimamemarzadeh/Downloads/apache-tomcat-11.0.7/webapps/examples]
26-May-2025 10:14:05.492 INFO [main] org.apache.catalina.startup.HostConfig.deployDirectory Deployment of web application directory [/Users/nimamemarzadeh/Downloads/apache-tomcat-11.0.7/webapps/examples] has finished in [153] ms
26-May-2025 10:14:05.492 INFO [main] org.apache.catalina.startup.HostConfig.deployDirectory Deploying web application directory [/Users/nimamemarzadeh/Downloads/apache-tomcat-11.0.7/webapps/ROOT]
26-May-2025 10:14:05.504 INFO [main] org.apache.catalina.startup.HostConfig.deployDirectory Deployment of web application directory [/Users/nimamemarzadeh/Downloads/apache-tomcat-11.0.7/webapps/ROOT] has finished in [11] ms
26-May-2025 10:14:05.504 INFO [main] org.apache.catalina.startup.HostConfig.deployDirectory Deploying web application directory [/Users/nimamemarzadeh/Downloads/apache-tomcat-11.0.7/webapps/host-manager]
26-May-2025 10:14:05.517 INFO [main] org.apache.catalina.startup.HostConfig.deployDirectory Deployment of web application directory [/Users/nimamemarzadeh/Downloads/apache-tomcat-11.0.7/webapps/host-manager] has finished in [13] ms
26-May-2025 10:14:05.520 INFO [main] org.apache.coyote.AbstractProtocol.start Starting ProtocolHandler ["http-nio-8080"]
26-May-2025 10:14:05.530 INFO [main] org.apache.catalina.startup.Catalina.start Server startup in [472] milliseconds
