26-May-2025 10:08:02.218 INFO [main] org.apache.catalina.startup.VersionLoggerListener.log Server version name:   Apache Tomcat/11.0.7
26-May-2025 10:08:02.221 INFO [main] org.apache.catalina.startup.VersionLoggerListener.log Server built:          May 7 2025 14:55:59 UTC
26-May-2025 10:08:02.221 INFO [main] org.apache.catalina.startup.VersionLoggerListener.log Server version number: 11.0.7.0
26-May-2025 10:08:02.221 INFO [main] org.apache.catalina.startup.VersionLoggerListener.log OS Name:               Mac OS X
26-May-2025 10:08:02.221 INFO [main] org.apache.catalina.startup.VersionLoggerListener.log OS Version:            15.5
26-May-2025 10:08:02.221 INFO [main] org.apache.catalina.startup.VersionLoggerListener.log Architecture:          x86_64
26-May-2025 10:08:02.221 INFO [main] org.apache.catalina.startup.VersionLoggerListener.log Java Home:             /Library/Java/JavaVirtualMachines/jdk-24.jdk/Contents/Home
26-May-2025 10:08:02.222 INFO [main] org.apache.catalina.startup.VersionLoggerListener.log JVM Version:           24.0.1+9-30
26-May-2025 10:08:02.222 INFO [main] org.apache.catalina.startup.VersionLoggerListener.log JVM Vendor:            Oracle Corporation
26-May-2025 10:08:02.222 INFO [main] org.apache.catalina.startup.VersionLoggerListener.log CATALINA_BASE:         /Users/nimamemarzadeh/Downloads/apache-tomcat-11.0.7
26-May-2025 10:08:02.222 INFO [main] org.apache.catalina.startup.VersionLoggerListener.log CATALINA_HOME:         /Users/nimamemarzadeh/Downloads/apache-tomcat-11.0.7
26-May-2025 10:08:02.231 INFO [main] org.apache.catalina.startup.VersionLoggerListener.log Command line argument: -Djava.util.logging.config.file=/Users/nimamemarzadeh/Downloads/apache-tomcat-11.0.7/conf/logging.properties
26-May-2025 10:08:02.232 INFO [main] org.apache.catalina.startup.VersionLoggerListener.log Command line argument: -Djava.util.logging.manager=org.apache.juli.ClassLoaderLogManager
26-May-2025 10:08:02.232 INFO [main] org.apache.catalina.startup.VersionLoggerListener.log Command line argument: -Djdk.tls.ephemeralDHKeySize=2048
26-May-2025 10:08:02.232 INFO [main] org.apache.catalina.startup.VersionLoggerListener.log Command line argument: -Dorg.apache.catalina.security.SecurityListener.UMASK=0027
26-May-2025 10:08:02.232 INFO [main] org.apache.catalina.startup.VersionLoggerListener.log Command line argument: --add-opens=java.base/java.lang=ALL-UNNAMED
26-May-2025 10:08:02.232 INFO [main] org.apache.catalina.startup.VersionLoggerListener.log Command line argument: --add-opens=java.base/java.lang.reflect=ALL-UNNAMED
26-May-2025 10:08:02.232 INFO [main] org.apache.catalina.startup.VersionLoggerListener.log Command line argument: --add-opens=java.base/java.io=ALL-UNNAMED
26-May-2025 10:08:02.232 INFO [main] org.apache.catalina.startup.VersionLoggerListener.log Command line argument: --add-opens=java.base/java.util=ALL-UNNAMED
26-May-2025 10:08:02.232 INFO [main] org.apache.catalina.startup.VersionLoggerListener.log Command line argument: --add-opens=java.base/java.util.concurrent=ALL-UNNAMED
26-May-2025 10:08:02.232 INFO [main] org.apache.catalina.startup.VersionLoggerListener.log Command line argument: --add-opens=java.rmi/sun.rmi.transport=ALL-UNNAMED
26-May-2025 10:08:02.233 INFO [main] org.apache.catalina.startup.VersionLoggerListener.log Command line argument: --enable-native-access=ALL-UNNAMED
26-May-2025 10:08:02.233 INFO [main] org.apache.catalina.startup.VersionLoggerListener.log Command line argument: -Dcatalina.base=/Users/nimamemarzadeh/Downloads/apache-tomcat-11.0.7
26-May-2025 10:08:02.233 INFO [main] org.apache.catalina.startup.VersionLoggerListener.log Command line argument: -Dcatalina.home=/Users/nimamemarzadeh/Downloads/apache-tomcat-11.0.7
26-May-2025 10:08:02.233 INFO [main] org.apache.catalina.startup.VersionLoggerListener.log Command line argument: -Djava.io.tmpdir=/Users/nimamemarzadeh/Downloads/apache-tomcat-11.0.7/temp
26-May-2025 10:08:02.244 INFO [main] org.apache.catalina.core.AprLifecycleListener.lifecycleEvent The Apache Tomcat Native library which allows using OpenSSL was not found on the java.library.path: [/Users/nimamemarzadeh/Library/Java/Extensions:/Library/Java/Extensions:/Network/Library/Java/Extensions:/System/Library/Java/Extensions:/usr/lib/java:.]
26-May-2025 10:08:02.504 INFO [main] org.apache.coyote.AbstractProtocol.init Initializing ProtocolHandler ["http-nio-8080"]
26-May-2025 10:08:02.530 INFO [main] org.apache.catalina.startup.Catalina.load Server initialization in [448] milliseconds
26-May-2025 10:08:02.565 INFO [main] org.apache.catalina.core.StandardService.startInternal Starting service [Catalina]
26-May-2025 10:08:02.566 INFO [main] org.apache.catalina.core.StandardEngine.startInternal Starting Servlet engine: [Apache Tomcat/11.0.7]
26-May-2025 10:08:02.573 INFO [main] org.apache.catalina.startup.HostConfig.deployDirectory Deploying web application directory [/Users/nimamemarzadeh/Downloads/apache-tomcat-11.0.7/webapps/docs]
26-May-2025 10:08:02.799 INFO [main] org.apache.catalina.startup.HostConfig.deployDirectory Deployment of web application directory [/Users/nimamemarzadeh/Downloads/apache-tomcat-11.0.7/webapps/docs] has finished in [225] ms
26-May-2025 10:08:02.800 INFO [main] org.apache.catalina.startup.HostConfig.deployDirectory Deploying web application directory [/Users/nimamemarzadeh/Downloads/apache-tomcat-11.0.7/webapps/manager]
26-May-2025 10:08:02.825 INFO [main] org.apache.catalina.startup.HostConfig.deployDirectory Deployment of web application directory [/Users/nimamemarzadeh/Downloads/apache-tomcat-11.0.7/webapps/manager] has finished in [26] ms
26-May-2025 10:08:02.825 INFO [main] org.apache.catalina.startup.HostConfig.deployDirectory Deploying web application directory [/Users/nimamemarzadeh/Downloads/apache-tomcat-11.0.7/webapps/examples]
26-May-2025 10:08:02.985 INFO [main] org.apache.catalina.startup.HostConfig.deployDirectory Deployment of web application directory [/Users/nimamemarzadeh/Downloads/apache-tomcat-11.0.7/webapps/examples] has finished in [160] ms
26-May-2025 10:08:02.985 INFO [main] org.apache.catalina.startup.HostConfig.deployDirectory Deploying web application directory [/Users/nimamemarzadeh/Downloads/apache-tomcat-11.0.7/webapps/ROOT]
26-May-2025 10:08:03.000 INFO [main] org.apache.catalina.startup.HostConfig.deployDirectory Deployment of web application directory [/Users/nimamemarzadeh/Downloads/apache-tomcat-11.0.7/webapps/ROOT] has finished in [15] ms
26-May-2025 10:08:03.000 INFO [main] org.apache.catalina.startup.HostConfig.deployDirectory Deploying web application directory [/Users/nimamemarzadeh/Downloads/apache-tomcat-11.0.7/webapps/host-manager]
26-May-2025 10:08:03.013 INFO [main] org.apache.catalina.startup.HostConfig.deployDirectory Deployment of web application directory [/Users/nimamemarzadeh/Downloads/apache-tomcat-11.0.7/webapps/host-manager] has finished in [13] ms
26-May-2025 10:08:03.016 INFO [main] org.apache.coyote.AbstractProtocol.start Starting ProtocolHandler ["http-nio-8080"]
26-May-2025 10:08:03.026 INFO [main] org.apache.catalina.startup.Catalina.start Server startup in [495] milliseconds
26-May-2025 10:08:45.072 INFO [main] org.apache.catalina.core.StandardServer.await A valid shutdown command was received via the shutdown port. Stopping the Server instance.
26-May-2025 10:08:45.072 INFO [main] org.apache.coyote.AbstractProtocol.pause Pausing ProtocolHandler ["http-nio-8080"]
26-May-2025 10:08:45.076 INFO [main] org.apache.catalina.core.StandardService.stopInternal Stopping service [Catalina]
26-May-2025 10:08:45.094 INFO [main] org.apache.coyote.AbstractProtocol.stop Stopping ProtocolHandler ["http-nio-8080"]
26-May-2025 10:08:45.101 INFO [main] org.apache.coyote.AbstractProtocol.destroy Destroying ProtocolHandler ["http-nio-8080"]
26-May-2025 10:11:38.754 INFO [main] org.apache.catalina.startup.VersionLoggerListener.log Server version name:   Apache Tomcat/11.0.7
26-May-2025 10:11:38.756 INFO [main] org.apache.catalina.startup.VersionLoggerListener.log Server built:          May 7 2025 14:55:59 UTC
26-May-2025 10:11:38.756 INFO [main] org.apache.catalina.startup.VersionLoggerListener.log Server version number: 11.0.7.0
26-May-2025 10:11:38.756 INFO [main] org.apache.catalina.startup.VersionLoggerListener.log OS Name:               Mac OS X
26-May-2025 10:11:38.756 INFO [main] org.apache.catalina.startup.VersionLoggerListener.log OS Version:            15.5
26-May-2025 10:11:38.756 INFO [main] org.apache.catalina.startup.VersionLoggerListener.log Architecture:          x86_64
26-May-2025 10:11:38.756 INFO [main] org.apache.catalina.startup.VersionLoggerListener.log Java Home:             /Library/Java/JavaVirtualMachines/jdk-24.jdk/Contents/Home
26-May-2025 10:11:38.756 INFO [main] org.apache.catalina.startup.VersionLoggerListener.log JVM Version:           24.0.1+9-30
26-May-2025 10:11:38.757 INFO [main] org.apache.catalina.startup.VersionLoggerListener.log JVM Vendor:            Oracle Corporation
26-May-2025 10:11:38.757 INFO [main] org.apache.catalina.startup.VersionLoggerListener.log CATALINA_BASE:         /Users/nimamemarzadeh/Downloads/apache-tomcat-11.0.7
26-May-2025 10:11:38.757 INFO [main] org.apache.catalina.startup.VersionLoggerListener.log CATALINA_HOME:         /Users/nimamemarzadeh/Downloads/apache-tomcat-11.0.7
26-May-2025 10:11:38.768 INFO [main] org.apache.catalina.startup.VersionLoggerListener.log Command line argument: -Djava.util.logging.config.file=/Users/nimamemarzadeh/Downloads/apache-tomcat-11.0.7/conf/logging.properties
26-May-2025 10:11:38.768 INFO [main] org.apache.catalina.startup.VersionLoggerListener.log Command line argument: -Djava.util.logging.manager=org.apache.juli.ClassLoaderLogManager
26-May-2025 10:11:38.768 INFO [main] org.apache.catalina.startup.VersionLoggerListener.log Command line argument: -Djdk.tls.ephemeralDHKeySize=2048
26-May-2025 10:11:38.768 INFO [main] org.apache.catalina.startup.VersionLoggerListener.log Command line argument: -Dorg.apache.catalina.security.SecurityListener.UMASK=0027
26-May-2025 10:11:38.768 INFO [main] org.apache.catalina.startup.VersionLoggerListener.log Command line argument: --add-opens=java.base/java.lang=ALL-UNNAMED
26-May-2025 10:11:38.768 INFO [main] org.apache.catalina.startup.VersionLoggerListener.log Command line argument: --add-opens=java.base/java.lang.reflect=ALL-UNNAMED
26-May-2025 10:11:38.769 INFO [main] org.apache.catalina.startup.VersionLoggerListener.log Command line argument: --add-opens=java.base/java.io=ALL-UNNAMED
26-May-2025 10:11:38.769 INFO [main] org.apache.catalina.startup.VersionLoggerListener.log Command line argument: --add-opens=java.base/java.util=ALL-UNNAMED
26-May-2025 10:11:38.769 INFO [main] org.apache.catalina.startup.VersionLoggerListener.log Command line argument: --add-opens=java.base/java.util.concurrent=ALL-UNNAMED
26-May-2025 10:11:38.769 INFO [main] org.apache.catalina.startup.VersionLoggerListener.log Command line argument: --add-opens=java.rmi/sun.rmi.transport=ALL-UNNAMED
26-May-2025 10:11:38.769 INFO [main] org.apache.catalina.startup.VersionLoggerListener.log Command line argument: --enable-native-access=ALL-UNNAMED
26-May-2025 10:11:38.769 INFO [main] org.apache.catalina.startup.VersionLoggerListener.log Command line argument: -Dcatalina.base=/Users/nimamemarzadeh/Downloads/apache-tomcat-11.0.7
26-May-2025 10:11:38.769 INFO [main] org.apache.catalina.startup.VersionLoggerListener.log Command line argument: -Dcatalina.home=/Users/nimamemarzadeh/Downloads/apache-tomcat-11.0.7
26-May-2025 10:11:38.769 INFO [main] org.apache.catalina.startup.VersionLoggerListener.log Command line argument: -Djava.io.tmpdir=/Users/nimamemarzadeh/Downloads/apache-tomcat-11.0.7/temp
26-May-2025 10:11:38.780 INFO [main] org.apache.catalina.core.AprLifecycleListener.lifecycleEvent The Apache Tomcat Native library which allows using OpenSSL was not found on the java.library.path: [/Users/nimamemarzadeh/Library/Java/Extensions:/Library/Java/Extensions:/Network/Library/Java/Extensions:/System/Library/Java/Extensions:/usr/lib/java:.]
26-May-2025 10:11:38.997 INFO [main] org.apache.coyote.AbstractProtocol.init Initializing ProtocolHandler ["http-nio-8080"]
26-May-2025 10:11:39.019 INFO [main] org.apache.catalina.startup.Catalina.load Server initialization in [402] milliseconds
26-May-2025 10:11:39.051 INFO [main] org.apache.catalina.core.StandardService.startInternal Starting service [Catalina]
26-May-2025 10:11:39.051 INFO [main] org.apache.catalina.core.StandardEngine.startInternal Starting Servlet engine: [Apache Tomcat/11.0.7]
26-May-2025 10:11:39.058 INFO [main] org.apache.catalina.startup.HostConfig.deployDirectory Deploying web application directory [/Users/nimamemarzadeh/Downloads/apache-tomcat-11.0.7/webapps/docs]
26-May-2025 10:11:39.255 INFO [main] org.apache.catalina.startup.HostConfig.deployDirectory Deployment of web application directory [/Users/nimamemarzadeh/Downloads/apache-tomcat-11.0.7/webapps/docs] has finished in [196] ms
26-May-2025 10:11:39.255 INFO [main] org.apache.catalina.startup.HostConfig.deployDirectory Deploying web application directory [/Users/nimamemarzadeh/Downloads/apache-tomcat-11.0.7/webapps/myapp]
26-May-2025 10:11:39.274 INFO [main] org.apache.catalina.startup.HostConfig.deployDirectory Deployment of web application directory [/Users/nimamemarzadeh/Downloads/apache-tomcat-11.0.7/webapps/myapp] has finished in [19] ms
26-May-2025 10:11:39.274 INFO [main] org.apache.catalina.startup.HostConfig.deployDirectory Deploying web application directory [/Users/nimamemarzadeh/Downloads/apache-tomcat-11.0.7/webapps/manager]
26-May-2025 10:11:39.299 INFO [main] org.apache.catalina.startup.HostConfig.deployDirectory Deployment of web application directory [/Users/nimamemarzadeh/Downloads/apache-tomcat-11.0.7/webapps/manager] has finished in [24] ms
26-May-2025 10:11:39.299 INFO [main] org.apache.catalina.startup.HostConfig.deployDirectory Deploying web application directory [/Users/nimamemarzadeh/Downloads/apache-tomcat-11.0.7/webapps/examples]
26-May-2025 10:11:39.463 INFO [main] org.apache.catalina.startup.HostConfig.deployDirectory Deployment of web application directory [/Users/nimamemarzadeh/Downloads/apache-tomcat-11.0.7/webapps/examples] has finished in [164] ms
26-May-2025 10:11:39.463 INFO [main] org.apache.catalina.startup.HostConfig.deployDirectory Deploying web application directory [/Users/nimamemarzadeh/Downloads/apache-tomcat-11.0.7/webapps/ROOT]
26-May-2025 10:11:39.476 INFO [main] org.apache.catalina.startup.HostConfig.deployDirectory Deployment of web application directory [/Users/nimamemarzadeh/Downloads/apache-tomcat-11.0.7/webapps/ROOT] has finished in [12] ms
26-May-2025 10:11:39.476 INFO [main] org.apache.catalina.startup.HostConfig.deployDirectory Deploying web application directory [/Users/nimamemarzadeh/Downloads/apache-tomcat-11.0.7/webapps/host-manager]
26-May-2025 10:11:39.490 INFO [main] org.apache.catalina.startup.HostConfig.deployDirectory Deployment of web application directory [/Users/nimamemarzadeh/Downloads/apache-tomcat-11.0.7/webapps/host-manager] has finished in [14] ms
26-May-2025 10:11:39.493 INFO [main] org.apache.coyote.AbstractProtocol.start Starting ProtocolHandler ["http-nio-8080"]
26-May-2025 10:11:39.503 INFO [main] org.apache.catalina.startup.Catalina.start Server startup in [483] milliseconds
26-May-2025 10:12:11.821 INFO [main] org.apache.catalina.core.StandardServer.await A valid shutdown command was received via the shutdown port. Stopping the Server instance.
26-May-2025 10:12:11.822 INFO [main] org.apache.coyote.AbstractProtocol.pause Pausing ProtocolHandler ["http-nio-8080"]
26-May-2025 10:12:11.825 INFO [main] org.apache.catalina.core.StandardService.stopInternal Stopping service [Catalina]
26-May-2025 10:12:11.840 INFO [main] org.apache.coyote.AbstractProtocol.stop Stopping ProtocolHandler ["http-nio-8080"]
26-May-2025 10:12:11.847 INFO [main] org.apache.coyote.AbstractProtocol.destroy Destroying ProtocolHandler ["http-nio-8080"]
26-May-2025 10:14:04.794 INFO [main] org.apache.catalina.startup.VersionLoggerListener.log Server version name:   Apache Tomcat/11.0.7
26-May-2025 10:14:04.796 INFO [main] org.apache.catalina.startup.VersionLoggerListener.log Server built:          May 7 2025 14:55:59 UTC
26-May-2025 10:14:04.797 INFO [main] org.apache.catalina.startup.VersionLoggerListener.log Server version number: 11.0.7.0
26-May-2025 10:14:04.797 INFO [main] org.apache.catalina.startup.VersionLoggerListener.log OS Name:               Mac OS X
26-May-2025 10:14:04.797 INFO [main] org.apache.catalina.startup.VersionLoggerListener.log OS Version:            15.5
26-May-2025 10:14:04.797 INFO [main] org.apache.catalina.startup.VersionLoggerListener.log Architecture:          x86_64
26-May-2025 10:14:04.797 INFO [main] org.apache.catalina.startup.VersionLoggerListener.log Java Home:             /Library/Java/JavaVirtualMachines/jdk-24.jdk/Contents/Home
26-May-2025 10:14:04.797 INFO [main] org.apache.catalina.startup.VersionLoggerListener.log JVM Version:           24.0.1+9-30
26-May-2025 10:14:04.797 INFO [main] org.apache.catalina.startup.VersionLoggerListener.log JVM Vendor:            Oracle Corporation
26-May-2025 10:14:04.797 INFO [main] org.apache.catalina.startup.VersionLoggerListener.log CATALINA_BASE:         /Users/nimamemarzadeh/Downloads/apache-tomcat-11.0.7
26-May-2025 10:14:04.797 INFO [main] org.apache.catalina.startup.VersionLoggerListener.log CATALINA_HOME:         /Users/nimamemarzadeh/Downloads/apache-tomcat-11.0.7
26-May-2025 10:14:04.807 INFO [main] org.apache.catalina.startup.VersionLoggerListener.log Command line argument: -Djava.util.logging.config.file=/Users/nimamemarzadeh/Downloads/apache-tomcat-11.0.7/conf/logging.properties
26-May-2025 10:14:04.808 INFO [main] org.apache.catalina.startup.VersionLoggerListener.log Command line argument: -Djava.util.logging.manager=org.apache.juli.ClassLoaderLogManager
26-May-2025 10:14:04.808 INFO [main] org.apache.catalina.startup.VersionLoggerListener.log Command line argument: -Djdk.tls.ephemeralDHKeySize=2048
26-May-2025 10:14:04.808 INFO [main] org.apache.catalina.startup.VersionLoggerListener.log Command line argument: -Dorg.apache.catalina.security.SecurityListener.UMASK=0027
26-May-2025 10:14:04.808 INFO [main] org.apache.catalina.startup.VersionLoggerListener.log Command line argument: --add-opens=java.base/java.lang=ALL-UNNAMED
26-May-2025 10:14:04.808 INFO [main] org.apache.catalina.startup.VersionLoggerListener.log Command line argument: --add-opens=java.base/java.lang.reflect=ALL-UNNAMED
26-May-2025 10:14:04.808 INFO [main] org.apache.catalina.startup.VersionLoggerListener.log Command line argument: --add-opens=java.base/java.io=ALL-UNNAMED
26-May-2025 10:14:04.808 INFO [main] org.apache.catalina.startup.VersionLoggerListener.log Command line argument: --add-opens=java.base/java.util=ALL-UNNAMED
26-May-2025 10:14:04.808 INFO [main] org.apache.catalina.startup.VersionLoggerListener.log Command line argument: --add-opens=java.base/java.util.concurrent=ALL-UNNAMED
26-May-2025 10:14:04.808 INFO [main] org.apache.catalina.startup.VersionLoggerListener.log Command line argument: --add-opens=java.rmi/sun.rmi.transport=ALL-UNNAMED
26-May-2025 10:14:04.808 INFO [main] org.apache.catalina.startup.VersionLoggerListener.log Command line argument: --enable-native-access=ALL-UNNAMED
26-May-2025 10:14:04.809 INFO [main] org.apache.catalina.startup.VersionLoggerListener.log Command line argument: -Dcatalina.base=/Users/nimamemarzadeh/Downloads/apache-tomcat-11.0.7
26-May-2025 10:14:04.809 INFO [main] org.apache.catalina.startup.VersionLoggerListener.log Command line argument: -Dcatalina.home=/Users/nimamemarzadeh/Downloads/apache-tomcat-11.0.7
26-May-2025 10:14:04.809 INFO [main] org.apache.catalina.startup.VersionLoggerListener.log Command line argument: -Djava.io.tmpdir=/Users/nimamemarzadeh/Downloads/apache-tomcat-11.0.7/temp
26-May-2025 10:14:04.819 INFO [main] org.apache.catalina.core.AprLifecycleListener.lifecycleEvent The Apache Tomcat Native library which allows using OpenSSL was not found on the java.library.path: [/Users/nimamemarzadeh/Library/Java/Extensions:/Library/Java/Extensions:/Network/Library/Java/Extensions:/System/Library/Java/Extensions:/usr/lib/java:.]
26-May-2025 10:14:05.034 INFO [main] org.apache.coyote.AbstractProtocol.init Initializing ProtocolHandler ["http-nio-8080"]
26-May-2025 10:14:05.056 INFO [main] org.apache.catalina.startup.Catalina.load Server initialization in [390] milliseconds
26-May-2025 10:14:05.087 INFO [main] org.apache.catalina.core.StandardService.startInternal Starting service [Catalina]
26-May-2025 10:14:05.087 INFO [main] org.apache.catalina.core.StandardEngine.startInternal Starting Servlet engine: [Apache Tomcat/11.0.7]
26-May-2025 10:14:05.094 INFO [main] org.apache.catalina.startup.HostConfig.deployDirectory Deploying web application directory [/Users/nimamemarzadeh/Downloads/apache-tomcat-11.0.7/webapps/docs]
26-May-2025 10:14:05.294 INFO [main] org.apache.catalina.startup.HostConfig.deployDirectory Deployment of web application directory [/Users/nimamemarzadeh/Downloads/apache-tomcat-11.0.7/webapps/docs] has finished in [199] ms
26-May-2025 10:14:05.294 INFO [main] org.apache.catalina.startup.HostConfig.deployDirectory Deploying web application directory [/Users/nimamemarzadeh/Downloads/apache-tomcat-11.0.7/webapps/myapp]
26-May-2025 10:14:05.313 INFO [main] org.apache.catalina.startup.HostConfig.deployDirectory Deployment of web application directory [/Users/nimamemarzadeh/Downloads/apache-tomcat-11.0.7/webapps/myapp] has finished in [19] ms
26-May-2025 10:14:05.314 INFO [main] org.apache.catalina.startup.HostConfig.deployDirectory Deploying web application directory [/Users/nimamemarzadeh/Downloads/apache-tomcat-11.0.7/webapps/manager]
26-May-2025 10:14:05.338 INFO [main] org.apache.catalina.startup.HostConfig.deployDirectory Deployment of web application directory [/Users/nimamemarzadeh/Downloads/apache-tomcat-11.0.7/webapps/manager] has finished in [24] ms
26-May-2025 10:14:05.338 INFO [main] org.apache.catalina.startup.HostConfig.deployDirectory Deploying web application directory [/Users/nimamemarzadeh/Downloads/apache-tomcat-11.0.7/webapps/examples]
26-May-2025 10:14:05.492 INFO [main] org.apache.catalina.startup.HostConfig.deployDirectory Deployment of web application directory [/Users/nimamemarzadeh/Downloads/apache-tomcat-11.0.7/webapps/examples] has finished in [153] ms
26-May-2025 10:14:05.492 INFO [main] org.apache.catalina.startup.HostConfig.deployDirectory Deploying web application directory [/Users/nimamemarzadeh/Downloads/apache-tomcat-11.0.7/webapps/ROOT]
26-May-2025 10:14:05.504 INFO [main] org.apache.catalina.startup.HostConfig.deployDirectory Deployment of web application directory [/Users/nimamemarzadeh/Downloads/apache-tomcat-11.0.7/webapps/ROOT] has finished in [11] ms
26-May-2025 10:14:05.504 INFO [main] org.apache.catalina.startup.HostConfig.deployDirectory Deploying web application directory [/Users/nimamemarzadeh/Downloads/apache-tomcat-11.0.7/webapps/host-manager]
26-May-2025 10:14:05.517 INFO [main] org.apache.catalina.startup.HostConfig.deployDirectory Deployment of web application directory [/Users/nimamemarzadeh/Downloads/apache-tomcat-11.0.7/webapps/host-manager] has finished in [13] ms
26-May-2025 10:14:05.520 INFO [main] org.apache.coyote.AbstractProtocol.start Starting ProtocolHandler ["http-nio-8080"]
26-May-2025 10:14:05.530 INFO [main] org.apache.catalina.startup.Catalina.start Server startup in [472] milliseconds
28-May-2025 11:26:24.104 INFO [main] org.apache.catalina.startup.VersionLoggerListener.log Server version name:   Apache Tomcat/11.0.7
28-May-2025 11:26:24.106 INFO [main] org.apache.catalina.startup.VersionLoggerListener.log Server built:          May 7 2025 14:55:59 UTC
28-May-2025 11:26:24.107 INFO [main] org.apache.catalina.startup.VersionLoggerListener.log Server version number: 11.0.7.0
28-May-2025 11:26:24.107 INFO [main] org.apache.catalina.startup.VersionLoggerListener.log OS Name:               Mac OS X
28-May-2025 11:26:24.107 INFO [main] org.apache.catalina.startup.VersionLoggerListener.log OS Version:            15.5
28-May-2025 11:26:24.107 INFO [main] org.apache.catalina.startup.VersionLoggerListener.log Architecture:          x86_64
28-May-2025 11:26:24.107 INFO [main] org.apache.catalina.startup.VersionLoggerListener.log Java Home:             /Library/Java/JavaVirtualMachines/jdk-24.jdk/Contents/Home
28-May-2025 11:26:24.107 INFO [main] org.apache.catalina.startup.VersionLoggerListener.log JVM Version:           24.0.1+9-30
28-May-2025 11:26:24.107 INFO [main] org.apache.catalina.startup.VersionLoggerListener.log JVM Vendor:            Oracle Corporation
28-May-2025 11:26:24.107 INFO [main] org.apache.catalina.startup.VersionLoggerListener.log CATALINA_BASE:         /Users/nimamemarzadeh/Desktop/believue/serverside Dev/csd-430/module-1/apache-tomcat-11.0.7
28-May-2025 11:26:24.107 INFO [main] org.apache.catalina.startup.VersionLoggerListener.log CATALINA_HOME:         /Users/nimamemarzadeh/Desktop/believue/serverside Dev/csd-430/module-1/apache-tomcat-11.0.7
28-May-2025 11:26:24.118 INFO [main] org.apache.catalina.startup.VersionLoggerListener.log Command line argument: -Djava.util.logging.config.file=/Users/nimamemarzadeh/Desktop/believue/serverside Dev/csd-430/module-1/apache-tomcat-11.0.7/conf/logging.properties
28-May-2025 11:26:24.118 INFO [main] org.apache.catalina.startup.VersionLoggerListener.log Command line argument: -Djava.util.logging.manager=org.apache.juli.ClassLoaderLogManager
28-May-2025 11:26:24.119 INFO [main] org.apache.catalina.startup.VersionLoggerListener.log Command line argument: -Djdk.tls.ephemeralDHKeySize=2048
28-May-2025 11:26:24.119 INFO [main] org.apache.catalina.startup.VersionLoggerListener.log Command line argument: -Dorg.apache.catalina.security.SecurityListener.UMASK=0027
28-May-2025 11:26:24.119 INFO [main] org.apache.catalina.startup.VersionLoggerListener.log Command line argument: --add-opens=java.base/java.lang=ALL-UNNAMED
28-May-2025 11:26:24.119 INFO [main] org.apache.catalina.startup.VersionLoggerListener.log Command line argument: --add-opens=java.base/java.lang.reflect=ALL-UNNAMED
28-May-2025 11:26:24.119 INFO [main] org.apache.catalina.startup.VersionLoggerListener.log Command line argument: --add-opens=java.base/java.io=ALL-UNNAMED
28-May-2025 11:26:24.119 INFO [main] org.apache.catalina.startup.VersionLoggerListener.log Command line argument: --add-opens=java.base/java.util=ALL-UNNAMED
28-May-2025 11:26:24.119 INFO [main] org.apache.catalina.startup.VersionLoggerListener.log Command line argument: --add-opens=java.base/java.util.concurrent=ALL-UNNAMED
28-May-2025 11:26:24.119 INFO [main] org.apache.catalina.startup.VersionLoggerListener.log Command line argument: --add-opens=java.rmi/sun.rmi.transport=ALL-UNNAMED
28-May-2025 11:26:24.119 INFO [main] org.apache.catalina.startup.VersionLoggerListener.log Command line argument: --enable-native-access=ALL-UNNAMED
28-May-2025 11:26:24.119 INFO [main] org.apache.catalina.startup.VersionLoggerListener.log Command line argument: -Dcatalina.base=/Users/nimamemarzadeh/Desktop/believue/serverside Dev/csd-430/module-1/apache-tomcat-11.0.7
28-May-2025 11:26:24.119 INFO [main] org.apache.catalina.startup.VersionLoggerListener.log Command line argument: -Dcatalina.home=/Users/nimamemarzadeh/Desktop/believue/serverside Dev/csd-430/module-1/apache-tomcat-11.0.7
28-May-2025 11:26:24.119 INFO [main] org.apache.catalina.startup.VersionLoggerListener.log Command line argument: -Djava.io.tmpdir=/Users/nimamemarzadeh/Desktop/believue/serverside Dev/csd-430/module-1/apache-tomcat-11.0.7/temp
28-May-2025 11:26:24.131 INFO [main] org.apache.catalina.core.AprLifecycleListener.lifecycleEvent The Apache Tomcat Native library which allows using OpenSSL was not found on the java.library.path: [/Users/nimamemarzadeh/Library/Java/Extensions:/Library/Java/Extensions:/Network/Library/Java/Extensions:/System/Library/Java/Extensions:/usr/lib/java:.]
28-May-2025 11:26:24.382 INFO [main] org.apache.coyote.AbstractProtocol.init Initializing ProtocolHandler ["http-nio-8080"]
28-May-2025 11:26:24.409 INFO [main] org.apache.catalina.startup.Catalina.load Server initialization in [473] milliseconds
28-May-2025 11:26:24.446 INFO [main] org.apache.catalina.core.StandardService.startInternal Starting service [Catalina]
28-May-2025 11:26:24.446 INFO [main] org.apache.catalina.core.StandardEngine.startInternal Starting Servlet engine: [Apache Tomcat/11.0.7]
28-May-2025 11:26:24.454 INFO [main] org.apache.catalina.startup.HostConfig.deployDirectory Deploying web application directory [/Users/nimamemarzadeh/Desktop/believue/serverside Dev/csd-430/module-1/apache-tomcat-11.0.7/webapps/docs]
28-May-2025 11:26:24.721 INFO [main] org.apache.catalina.startup.HostConfig.deployDirectory Deployment of web application directory [/Users/nimamemarzadeh/Desktop/believue/serverside Dev/csd-430/module-1/apache-tomcat-11.0.7/webapps/docs] has finished in [266] ms
28-May-2025 11:26:24.721 INFO [main] org.apache.catalina.startup.HostConfig.deployDirectory Deploying web application directory [/Users/nimamemarzadeh/Desktop/believue/serverside Dev/csd-430/module-1/apache-tomcat-11.0.7/webapps/myapp]
28-May-2025 11:26:24.744 INFO [main] org.apache.catalina.startup.HostConfig.deployDirectory Deployment of web application directory [/Users/nimamemarzadeh/Desktop/believue/serverside Dev/csd-430/module-1/apache-tomcat-11.0.7/webapps/myapp] has finished in [23] ms
28-May-2025 11:26:24.744 INFO [main] org.apache.catalina.startup.HostConfig.deployDirectory Deploying web application directory [/Users/nimamemarzadeh/Desktop/believue/serverside Dev/csd-430/module-1/apache-tomcat-11.0.7/webapps/manager]
28-May-2025 11:26:24.782 INFO [main] org.apache.catalina.startup.HostConfig.deployDirectory Deployment of web application directory [/Users/nimamemarzadeh/Desktop/believue/serverside Dev/csd-430/module-1/apache-tomcat-11.0.7/webapps/manager] has finished in [38] ms
28-May-2025 11:26:24.782 INFO [main] org.apache.catalina.startup.HostConfig.deployDirectory Deploying web application directory [/Users/nimamemarzadeh/Desktop/believue/serverside Dev/csd-430/module-1/apache-tomcat-11.0.7/webapps/examples]
28-May-2025 11:26:24.976 INFO [main] org.apache.catalina.startup.HostConfig.deployDirectory Deployment of web application directory [/Users/nimamemarzadeh/Desktop/believue/serverside Dev/csd-430/module-1/apache-tomcat-11.0.7/webapps/examples] has finished in [194] ms
28-May-2025 11:26:24.977 INFO [main] org.apache.catalina.startup.HostConfig.deployDirectory Deploying web application directory [/Users/nimamemarzadeh/Desktop/believue/serverside Dev/csd-430/module-1/apache-tomcat-11.0.7/webapps/ROOT]
28-May-2025 11:26:24.992 INFO [main] org.apache.catalina.startup.HostConfig.deployDirectory Deployment of web application directory [/Users/nimamemarzadeh/Desktop/believue/serverside Dev/csd-430/module-1/apache-tomcat-11.0.7/webapps/ROOT] has finished in [15] ms
28-May-2025 11:26:24.992 INFO [main] org.apache.catalina.startup.HostConfig.deployDirectory Deploying web application directory [/Users/nimamemarzadeh/Desktop/believue/serverside Dev/csd-430/module-1/apache-tomcat-11.0.7/webapps/host-manager]
28-May-2025 11:26:25.008 INFO [main] org.apache.catalina.startup.HostConfig.deployDirectory Deployment of web application directory [/Users/nimamemarzadeh/Desktop/believue/serverside Dev/csd-430/module-1/apache-tomcat-11.0.7/webapps/host-manager] has finished in [16] ms
28-May-2025 11:26:25.011 INFO [main] org.apache.coyote.AbstractProtocol.start Starting ProtocolHandler ["http-nio-8080"]
28-May-2025 11:26:25.023 INFO [main] org.apache.catalina.startup.Catalina.start Server startup in [611] milliseconds
28-May-2025 11:28:28.323 INFO [main] org.apache.catalina.core.StandardServer.await A valid shutdown command was received via the shutdown port. Stopping the Server instance.
28-May-2025 11:28:28.323 INFO [main] org.apache.coyote.AbstractProtocol.pause Pausing ProtocolHandler ["http-nio-8080"]
28-May-2025 11:28:28.327 INFO [main] org.apache.catalina.core.StandardService.stopInternal Stopping service [Catalina]
28-May-2025 11:28:28.344 INFO [main] org.apache.coyote.AbstractProtocol.stop Stopping ProtocolHandler ["http-nio-8080"]
28-May-2025 11:28:28.352 INFO [main] org.apache.coyote.AbstractProtocol.destroy Destroying ProtocolHandler ["http-nio-8080"]
28-May-2025 11:30:29.023 INFO [main] org.apache.catalina.startup.VersionLoggerListener.log Server version name:   Apache Tomcat/11.0.7
28-May-2025 11:30:29.025 INFO [main] org.apache.catalina.startup.VersionLoggerListener.log Server built:          May 7 2025 14:55:59 UTC
28-May-2025 11:30:29.025 INFO [main] org.apache.catalina.startup.VersionLoggerListener.log Server version number: 11.0.7.0
28-May-2025 11:30:29.025 INFO [main] org.apache.catalina.startup.VersionLoggerListener.log OS Name:               Mac OS X
28-May-2025 11:30:29.025 INFO [main] org.apache.catalina.startup.VersionLoggerListener.log OS Version:            15.5
28-May-2025 11:30:29.025 INFO [main] org.apache.catalina.startup.VersionLoggerListener.log Architecture:          x86_64
28-May-2025 11:30:29.025 INFO [main] org.apache.catalina.startup.VersionLoggerListener.log Java Home:             /Library/Java/JavaVirtualMachines/jdk-24.jdk/Contents/Home
28-May-2025 11:30:29.025 INFO [main] org.apache.catalina.startup.VersionLoggerListener.log JVM Version:           24.0.1+9-30
28-May-2025 11:30:29.025 INFO [main] org.apache.catalina.startup.VersionLoggerListener.log JVM Vendor:            Oracle Corporation
28-May-2025 11:30:29.026 INFO [main] org.apache.catalina.startup.VersionLoggerListener.log CATALINA_BASE:         /Users/nimamemarzadeh/Desktop/believue/serverside Dev/csd-430/module-1/apache-tomcat-11.0.7
28-May-2025 11:30:29.026 INFO [main] org.apache.catalina.startup.VersionLoggerListener.log CATALINA_HOME:         /Users/nimamemarzadeh/Desktop/believue/serverside Dev/csd-430/module-1/apache-tomcat-11.0.7
28-May-2025 11:30:29.034 INFO [main] org.apache.catalina.startup.VersionLoggerListener.log Command line argument: -Djava.util.logging.config.file=/Users/nimamemarzadeh/Desktop/believue/serverside Dev/csd-430/module-1/apache-tomcat-11.0.7/conf/logging.properties
28-May-2025 11:30:29.035 INFO [main] org.apache.catalina.startup.VersionLoggerListener.log Command line argument: -Djava.util.logging.manager=org.apache.juli.ClassLoaderLogManager
28-May-2025 11:30:29.035 INFO [main] org.apache.catalina.startup.VersionLoggerListener.log Command line argument: -Djdk.tls.ephemeralDHKeySize=2048
28-May-2025 11:30:29.035 INFO [main] org.apache.catalina.startup.VersionLoggerListener.log Command line argument: -Dorg.apache.catalina.security.SecurityListener.UMASK=0027
28-May-2025 11:30:29.035 INFO [main] org.apache.catalina.startup.VersionLoggerListener.log Command line argument: --add-opens=java.base/java.lang=ALL-UNNAMED
28-May-2025 11:30:29.035 INFO [main] org.apache.catalina.startup.VersionLoggerListener.log Command line argument: --add-opens=java.base/java.lang.reflect=ALL-UNNAMED
28-May-2025 11:30:29.035 INFO [main] org.apache.catalina.startup.VersionLoggerListener.log Command line argument: --add-opens=java.base/java.io=ALL-UNNAMED
28-May-2025 11:30:29.035 INFO [main] org.apache.catalina.startup.VersionLoggerListener.log Command line argument: --add-opens=java.base/java.util=ALL-UNNAMED
28-May-2025 11:30:29.035 INFO [main] org.apache.catalina.startup.VersionLoggerListener.log Command line argument: --add-opens=java.base/java.util.concurrent=ALL-UNNAMED
28-May-2025 11:30:29.035 INFO [main] org.apache.catalina.startup.VersionLoggerListener.log Command line argument: --add-opens=java.rmi/sun.rmi.transport=ALL-UNNAMED
28-May-2025 11:30:29.035 INFO [main] org.apache.catalina.startup.VersionLoggerListener.log Command line argument: --enable-native-access=ALL-UNNAMED
28-May-2025 11:30:29.035 INFO [main] org.apache.catalina.startup.VersionLoggerListener.log Command line argument: -Dcatalina.base=/Users/nimamemarzadeh/Desktop/believue/serverside Dev/csd-430/module-1/apache-tomcat-11.0.7
28-May-2025 11:30:29.035 INFO [main] org.apache.catalina.startup.VersionLoggerListener.log Command line argument: -Dcatalina.home=/Users/nimamemarzadeh/Desktop/believue/serverside Dev/csd-430/module-1/apache-tomcat-11.0.7
28-May-2025 11:30:29.036 INFO [main] org.apache.catalina.startup.VersionLoggerListener.log Command line argument: -Djava.io.tmpdir=/Users/nimamemarzadeh/Desktop/believue/serverside Dev/csd-430/module-1/apache-tomcat-11.0.7/temp
28-May-2025 11:30:29.046 INFO [main] org.apache.catalina.core.AprLifecycleListener.lifecycleEvent The Apache Tomcat Native library which allows using OpenSSL was not found on the java.library.path: [/Users/nimamemarzadeh/Library/Java/Extensions:/Library/Java/Extensions:/Network/Library/Java/Extensions:/System/Library/Java/Extensions:/usr/lib/java:.]
28-May-2025 11:30:29.281 INFO [main] org.apache.coyote.AbstractProtocol.init Initializing ProtocolHandler ["http-nio-8080"]
28-May-2025 11:30:29.307 INFO [main] org.apache.catalina.startup.Catalina.load Server initialization in [425] milliseconds
28-May-2025 11:30:29.343 INFO [main] org.apache.catalina.core.StandardService.startInternal Starting service [Catalina]
28-May-2025 11:30:29.343 INFO [main] org.apache.catalina.core.StandardEngine.startInternal Starting Servlet engine: [Apache Tomcat/11.0.7]
28-May-2025 11:30:29.351 INFO [main] org.apache.catalina.startup.HostConfig.deployDirectory Deploying web application directory [/Users/nimamemarzadeh/Desktop/believue/serverside Dev/csd-430/module-1/apache-tomcat-11.0.7/webapps/docs]
28-May-2025 11:30:29.638 INFO [main] org.apache.catalina.startup.HostConfig.deployDirectory Deployment of web application directory [/Users/nimamemarzadeh/Desktop/believue/serverside Dev/csd-430/module-1/apache-tomcat-11.0.7/webapps/docs] has finished in [288] ms
28-May-2025 11:30:29.639 INFO [main] org.apache.catalina.startup.HostConfig.deployDirectory Deploying web application directory [/Users/nimamemarzadeh/Desktop/believue/serverside Dev/csd-430/module-1/apache-tomcat-11.0.7/webapps/myapp]
28-May-2025 11:30:29.666 INFO [main] org.apache.catalina.startup.HostConfig.deployDirectory Deployment of web application directory [/Users/nimamemarzadeh/Desktop/believue/serverside Dev/csd-430/module-1/apache-tomcat-11.0.7/webapps/myapp] has finished in [26] ms
28-May-2025 11:30:29.666 INFO [main] org.apache.catalina.startup.HostConfig.deployDirectory Deploying web application directory [/Users/nimamemarzadeh/Desktop/believue/serverside Dev/csd-430/module-1/apache-tomcat-11.0.7/webapps/manager]
28-May-2025 11:30:29.709 INFO [main] org.apache.catalina.startup.HostConfig.deployDirectory Deployment of web application directory [/Users/nimamemarzadeh/Desktop/believue/serverside Dev/csd-430/module-1/apache-tomcat-11.0.7/webapps/manager] has finished in [43] ms
28-May-2025 11:30:29.709 INFO [main] org.apache.catalina.startup.HostConfig.deployDirectory Deploying web application directory [/Users/nimamemarzadeh/Desktop/believue/serverside Dev/csd-430/module-1/apache-tomcat-11.0.7/webapps/examples]
28-May-2025 11:30:29.929 INFO [main] org.apache.catalina.startup.HostConfig.deployDirectory Deployment of web application directory [/Users/nimamemarzadeh/Desktop/believue/serverside Dev/csd-430/module-1/apache-tomcat-11.0.7/webapps/examples] has finished in [220] ms
28-May-2025 11:30:29.929 INFO [main] org.apache.catalina.startup.HostConfig.deployDirectory Deploying web application directory [/Users/nimamemarzadeh/Desktop/believue/serverside Dev/csd-430/module-1/apache-tomcat-11.0.7/webapps/ROOT]
28-May-2025 11:30:29.948 INFO [main] org.apache.catalina.startup.HostConfig.deployDirectory Deployment of web application directory [/Users/nimamemarzadeh/Desktop/believue/serverside Dev/csd-430/module-1/apache-tomcat-11.0.7/webapps/ROOT] has finished in [18] ms
28-May-2025 11:30:29.948 INFO [main] org.apache.catalina.startup.HostConfig.deployDirectory Deploying web application directory [/Users/nimamemarzadeh/Desktop/believue/serverside Dev/csd-430/module-1/apache-tomcat-11.0.7/webapps/host-manager]
28-May-2025 11:30:29.976 INFO [main] org.apache.catalina.startup.HostConfig.deployDirectory Deployment of web application directory [/Users/nimamemarzadeh/Desktop/believue/serverside Dev/csd-430/module-1/apache-tomcat-11.0.7/webapps/host-manager] has finished in [27] ms
28-May-2025 11:30:29.979 INFO [main] org.apache.coyote.AbstractProtocol.start Starting ProtocolHandler ["http-nio-8080"]
28-May-2025 11:30:29.996 INFO [main] org.apache.catalina.startup.Catalina.start Server startup in [686] milliseconds
28-May-2025 11:32:53.850 INFO [main] org.apache.catalina.core.StandardServer.await A valid shutdown command was received via the shutdown port. Stopping the Server instance.
28-May-2025 11:32:53.851 INFO [main] org.apache.coyote.AbstractProtocol.pause Pausing ProtocolHandler ["http-nio-8080"]
28-May-2025 11:32:53.855 INFO [main] org.apache.catalina.core.StandardService.stopInternal Stopping service [Catalina]
28-May-2025 11:32:53.871 INFO [main] org.apache.coyote.AbstractProtocol.stop Stopping ProtocolHandler ["http-nio-8080"]
28-May-2025 11:32:53.880 INFO [main] org.apache.coyote.AbstractProtocol.destroy Destroying ProtocolHandler ["http-nio-8080"]
28-May-2025 11:33:05.597 INFO [main] org.apache.catalina.startup.VersionLoggerListener.log Server version name:   Apache Tomcat/11.0.7
28-May-2025 11:33:05.599 INFO [main] org.apache.catalina.startup.VersionLoggerListener.log Server built:          May 7 2025 14:55:59 UTC
28-May-2025 11:33:05.599 INFO [main] org.apache.catalina.startup.VersionLoggerListener.log Server version number: 11.0.7.0
28-May-2025 11:33:05.599 INFO [main] org.apache.catalina.startup.VersionLoggerListener.log OS Name:               Mac OS X
28-May-2025 11:33:05.599 INFO [main] org.apache.catalina.startup.VersionLoggerListener.log OS Version:            15.5
28-May-2025 11:33:05.600 INFO [main] org.apache.catalina.startup.VersionLoggerListener.log Architecture:          x86_64
28-May-2025 11:33:05.600 INFO [main] org.apache.catalina.startup.VersionLoggerListener.log Java Home:             /Library/Java/JavaVirtualMachines/jdk-24.jdk/Contents/Home
28-May-2025 11:33:05.600 INFO [main] org.apache.catalina.startup.VersionLoggerListener.log JVM Version:           24.0.1+9-30
28-May-2025 11:33:05.600 INFO [main] org.apache.catalina.startup.VersionLoggerListener.log JVM Vendor:            Oracle Corporation
28-May-2025 11:33:05.600 INFO [main] org.apache.catalina.startup.VersionLoggerListener.log CATALINA_BASE:         /Users/nimamemarzadeh/Desktop/believue/serverside Dev/csd-430/module-1/apache-tomcat-11.0.7
28-May-2025 11:33:05.600 INFO [main] org.apache.catalina.startup.VersionLoggerListener.log CATALINA_HOME:         /Users/nimamemarzadeh/Desktop/believue/serverside Dev/csd-430/module-1/apache-tomcat-11.0.7
28-May-2025 11:33:05.610 INFO [main] org.apache.catalina.startup.VersionLoggerListener.log Command line argument: -Djava.util.logging.config.file=/Users/nimamemarzadeh/Desktop/believue/serverside Dev/csd-430/module-1/apache-tomcat-11.0.7/conf/logging.properties
28-May-2025 11:33:05.610 INFO [main] org.apache.catalina.startup.VersionLoggerListener.log Command line argument: -Djava.util.logging.manager=org.apache.juli.ClassLoaderLogManager
28-May-2025 11:33:05.610 INFO [main] org.apache.catalina.startup.VersionLoggerListener.log Command line argument: -Djdk.tls.ephemeralDHKeySize=2048
28-May-2025 11:33:05.610 INFO [main] org.apache.catalina.startup.VersionLoggerListener.log Command line argument: -Dorg.apache.catalina.security.SecurityListener.UMASK=0027
28-May-2025 11:33:05.610 INFO [main] org.apache.catalina.startup.VersionLoggerListener.log Command line argument: --add-opens=java.base/java.lang=ALL-UNNAMED
28-May-2025 11:33:05.610 INFO [main] org.apache.catalina.startup.VersionLoggerListener.log Command line argument: --add-opens=java.base/java.lang.reflect=ALL-UNNAMED
28-May-2025 11:33:05.610 INFO [main] org.apache.catalina.startup.VersionLoggerListener.log Command line argument: --add-opens=java.base/java.io=ALL-UNNAMED
28-May-2025 11:33:05.611 INFO [main] org.apache.catalina.startup.VersionLoggerListener.log Command line argument: --add-opens=java.base/java.util=ALL-UNNAMED
28-May-2025 11:33:05.611 INFO [main] org.apache.catalina.startup.VersionLoggerListener.log Command line argument: --add-opens=java.base/java.util.concurrent=ALL-UNNAMED
28-May-2025 11:33:05.611 INFO [main] org.apache.catalina.startup.VersionLoggerListener.log Command line argument: --add-opens=java.rmi/sun.rmi.transport=ALL-UNNAMED
28-May-2025 11:33:05.611 INFO [main] org.apache.catalina.startup.VersionLoggerListener.log Command line argument: --enable-native-access=ALL-UNNAMED
28-May-2025 11:33:05.611 INFO [main] org.apache.catalina.startup.VersionLoggerListener.log Command line argument: -Dcatalina.base=/Users/nimamemarzadeh/Desktop/believue/serverside Dev/csd-430/module-1/apache-tomcat-11.0.7
28-May-2025 11:33:05.611 INFO [main] org.apache.catalina.startup.VersionLoggerListener.log Command line argument: -Dcatalina.home=/Users/nimamemarzadeh/Desktop/believue/serverside Dev/csd-430/module-1/apache-tomcat-11.0.7
28-May-2025 11:33:05.611 INFO [main] org.apache.catalina.startup.VersionLoggerListener.log Command line argument: -Djava.io.tmpdir=/Users/nimamemarzadeh/Desktop/believue/serverside Dev/csd-430/module-1/apache-tomcat-11.0.7/temp
28-May-2025 11:33:05.622 INFO [main] org.apache.catalina.core.AprLifecycleListener.lifecycleEvent The Apache Tomcat Native library which allows using OpenSSL was not found on the java.library.path: [/Users/nimamemarzadeh/Library/Java/Extensions:/Library/Java/Extensions:/Network/Library/Java/Extensions:/System/Library/Java/Extensions:/usr/lib/java:.]
28-May-2025 11:33:05.853 INFO [main] org.apache.coyote.AbstractProtocol.init Initializing ProtocolHandler ["http-nio-8080"]
28-May-2025 11:33:05.878 INFO [main] org.apache.catalina.startup.Catalina.load Server initialization in [422] milliseconds
28-May-2025 11:33:05.911 INFO [main] org.apache.catalina.core.StandardService.startInternal Starting service [Catalina]
28-May-2025 11:33:05.911 INFO [main] org.apache.catalina.core.StandardEngine.startInternal Starting Servlet engine: [Apache Tomcat/11.0.7]
28-May-2025 11:33:05.918 INFO [main] org.apache.catalina.startup.HostConfig.deployDirectory Deploying web application directory [/Users/nimamemarzadeh/Desktop/believue/serverside Dev/csd-430/module-1/apache-tomcat-11.0.7/webapps/docs]
28-May-2025 11:33:06.140 INFO [main] org.apache.catalina.startup.HostConfig.deployDirectory Deployment of web application directory [/Users/nimamemarzadeh/Desktop/believue/serverside Dev/csd-430/module-1/apache-tomcat-11.0.7/webapps/docs] has finished in [221] ms
28-May-2025 11:33:06.140 INFO [main] org.apache.catalina.startup.HostConfig.deployDirectory Deploying web application directory [/Users/nimamemarzadeh/Desktop/believue/serverside Dev/csd-430/module-1/apache-tomcat-11.0.7/webapps/myapp]
28-May-2025 11:33:06.163 INFO [main] org.apache.catalina.startup.HostConfig.deployDirectory Deployment of web application directory [/Users/nimamemarzadeh/Desktop/believue/serverside Dev/csd-430/module-1/apache-tomcat-11.0.7/webapps/myapp] has finished in [23] ms
28-May-2025 11:33:06.164 INFO [main] org.apache.catalina.startup.HostConfig.deployDirectory Deploying web application directory [/Users/nimamemarzadeh/Desktop/believue/serverside Dev/csd-430/module-1/apache-tomcat-11.0.7/webapps/manager]
28-May-2025 11:33:06.199 INFO [main] org.apache.catalina.startup.HostConfig.deployDirectory Deployment of web application directory [/Users/nimamemarzadeh/Desktop/believue/serverside Dev/csd-430/module-1/apache-tomcat-11.0.7/webapps/manager] has finished in [35] ms
28-May-2025 11:33:06.200 INFO [main] org.apache.catalina.startup.HostConfig.deployDirectory Deploying web application directory [/Users/nimamemarzadeh/Desktop/believue/serverside Dev/csd-430/module-1/apache-tomcat-11.0.7/webapps/examples]
28-May-2025 11:33:06.411 INFO [main] org.apache.catalina.startup.HostConfig.deployDirectory Deployment of web application directory [/Users/nimamemarzadeh/Desktop/believue/serverside Dev/csd-430/module-1/apache-tomcat-11.0.7/webapps/examples] has finished in [212] ms
28-May-2025 11:33:06.412 INFO [main] org.apache.catalina.startup.HostConfig.deployDirectory Deploying web application directory [/Users/nimamemarzadeh/Desktop/believue/serverside Dev/csd-430/module-1/apache-tomcat-11.0.7/webapps/ROOT]
28-May-2025 11:33:06.429 INFO [main] org.apache.catalina.startup.HostConfig.deployDirectory Deployment of web application directory [/Users/nimamemarzadeh/Desktop/believue/serverside Dev/csd-430/module-1/apache-tomcat-11.0.7/webapps/ROOT] has finished in [18] ms
28-May-2025 11:33:06.430 INFO [main] org.apache.catalina.startup.HostConfig.deployDirectory Deploying web application directory [/Users/nimamemarzadeh/Desktop/believue/serverside Dev/csd-430/module-1/apache-tomcat-11.0.7/webapps/host-manager]
28-May-2025 11:33:06.447 INFO [main] org.apache.catalina.startup.HostConfig.deployDirectory Deployment of web application directory [/Users/nimamemarzadeh/Desktop/believue/serverside Dev/csd-430/module-1/apache-tomcat-11.0.7/webapps/host-manager] has finished in [18] ms
28-May-2025 11:33:06.450 INFO [main] org.apache.coyote.AbstractProtocol.start Starting ProtocolHandler ["http-nio-8080"]
28-May-2025 11:33:06.461 INFO [main] org.apache.catalina.startup.Catalina.start Server startup in [582] milliseconds
28-May-2025 11:33:13.681 INFO [main] org.apache.catalina.core.StandardServer.await A valid shutdown command was received via the shutdown port. Stopping the Server instance.
28-May-2025 11:33:13.682 INFO [main] org.apache.coyote.AbstractProtocol.pause Pausing ProtocolHandler ["http-nio-8080"]
28-May-2025 11:33:13.685 INFO [main] org.apache.catalina.core.StandardService.stopInternal Stopping service [Catalina]
28-May-2025 11:33:13.701 INFO [main] org.apache.coyote.AbstractProtocol.stop Stopping ProtocolHandler ["http-nio-8080"]
28-May-2025 11:33:13.733 INFO [main] org.apache.coyote.AbstractProtocol.destroy Destroying ProtocolHandler ["http-nio-8080"]
30-May-2025 09:43:15.496 INFO [main] org.apache.catalina.startup.VersionLoggerListener.log Server version name:   Apache Tomcat/11.0.7
30-May-2025 09:43:15.499 INFO [main] org.apache.catalina.startup.VersionLoggerListener.log Server built:          May 7 2025 14:55:59 UTC
30-May-2025 09:43:15.499 INFO [main] org.apache.catalina.startup.VersionLoggerListener.log Server version number: 11.0.7.0
30-May-2025 09:43:15.499 INFO [main] org.apache.catalina.startup.VersionLoggerListener.log OS Name:               Mac OS X
30-May-2025 09:43:15.499 INFO [main] org.apache.catalina.startup.VersionLoggerListener.log OS Version:            15.5
30-May-2025 09:43:15.499 INFO [main] org.apache.catalina.startup.VersionLoggerListener.log Architecture:          x86_64
30-May-2025 09:43:15.499 INFO [main] org.apache.catalina.startup.VersionLoggerListener.log Java Home:             /Library/Java/JavaVirtualMachines/jdk-24.jdk/Contents/Home
30-May-2025 09:43:15.500 INFO [main] org.apache.catalina.startup.VersionLoggerListener.log JVM Version:           24.0.1+9-30
30-May-2025 09:43:15.500 INFO [main] org.apache.catalina.startup.VersionLoggerListener.log JVM Vendor:            Oracle Corporation
30-May-2025 09:43:15.500 INFO [main] org.apache.catalina.startup.VersionLoggerListener.log CATALINA_BASE:         /Users/nimamemarzadeh/Desktop/believue/serverside Dev/csd-430/module-1/apache-tomcat-11.0.7
30-May-2025 09:43:15.500 INFO [main] org.apache.catalina.startup.VersionLoggerListener.log CATALINA_HOME:         /Users/nimamemarzadeh/Desktop/believue/serverside Dev/csd-430/module-1/apache-tomcat-11.0.7
30-May-2025 09:43:15.518 INFO [main] org.apache.catalina.startup.VersionLoggerListener.log Command line argument: -Djava.util.logging.config.file=/Users/nimamemarzadeh/Desktop/believue/serverside Dev/csd-430/module-1/apache-tomcat-11.0.7/conf/logging.properties
30-May-2025 09:43:15.518 INFO [main] org.apache.catalina.startup.VersionLoggerListener.log Command line argument: -Djava.util.logging.manager=org.apache.juli.ClassLoaderLogManager
30-May-2025 09:43:15.519 INFO [main] org.apache.catalina.startup.VersionLoggerListener.log Command line argument: -Djdk.tls.ephemeralDHKeySize=2048
30-May-2025 09:43:15.519 INFO [main] org.apache.catalina.startup.VersionLoggerListener.log Command line argument: -Dorg.apache.catalina.security.SecurityListener.UMASK=0027
30-May-2025 09:43:15.519 INFO [main] org.apache.catalina.startup.VersionLoggerListener.log Command line argument: --add-opens=java.base/java.lang=ALL-UNNAMED
30-May-2025 09:43:15.519 INFO [main] org.apache.catalina.startup.VersionLoggerListener.log Command line argument: --add-opens=java.base/java.lang.reflect=ALL-UNNAMED
30-May-2025 09:43:15.519 INFO [main] org.apache.catalina.startup.VersionLoggerListener.log Command line argument: --add-opens=java.base/java.io=ALL-UNNAMED
30-May-2025 09:43:15.519 INFO [main] org.apache.catalina.startup.VersionLoggerListener.log Command line argument: --add-opens=java.base/java.util=ALL-UNNAMED
30-May-2025 09:43:15.519 INFO [main] org.apache.catalina.startup.VersionLoggerListener.log Command line argument: --add-opens=java.base/java.util.concurrent=ALL-UNNAMED
30-May-2025 09:43:15.519 INFO [main] org.apache.catalina.startup.VersionLoggerListener.log Command line argument: --add-opens=java.rmi/sun.rmi.transport=ALL-UNNAMED
30-May-2025 09:43:15.519 INFO [main] org.apache.catalina.startup.VersionLoggerListener.log Command line argument: --enable-native-access=ALL-UNNAMED
30-May-2025 09:43:15.519 INFO [main] org.apache.catalina.startup.VersionLoggerListener.log Command line argument: -Dcatalina.base=/Users/nimamemarzadeh/Desktop/believue/serverside Dev/csd-430/module-1/apache-tomcat-11.0.7
30-May-2025 09:43:15.519 INFO [main] org.apache.catalina.startup.VersionLoggerListener.log Command line argument: -Dcatalina.home=/Users/nimamemarzadeh/Desktop/believue/serverside Dev/csd-430/module-1/apache-tomcat-11.0.7
30-May-2025 09:43:15.519 INFO [main] org.apache.catalina.startup.VersionLoggerListener.log Command line argument: -Djava.io.tmpdir=/Users/nimamemarzadeh/Desktop/believue/serverside Dev/csd-430/module-1/apache-tomcat-11.0.7/temp
30-May-2025 09:43:15.530 INFO [main] org.apache.catalina.core.AprLifecycleListener.lifecycleEvent The Apache Tomcat Native library which allows using OpenSSL was not found on the java.library.path: [/Users/nimamemarzadeh/Library/Java/Extensions:/Library/Java/Extensions:/Network/Library/Java/Extensions:/System/Library/Java/Extensions:/usr/lib/java:.]
30-May-2025 09:43:15.814 INFO [main] org.apache.coyote.AbstractProtocol.init Initializing ProtocolHandler ["http-nio-8080"]
30-May-2025 09:43:15.846 INFO [main] org.apache.catalina.startup.Catalina.load Server initialization in [566] milliseconds
30-May-2025 09:43:15.902 INFO [main] org.apache.catalina.core.StandardService.startInternal Starting service [Catalina]
30-May-2025 09:43:15.902 INFO [main] org.apache.catalina.core.StandardEngine.startInternal Starting Servlet engine: [Apache Tomcat/11.0.7]
30-May-2025 09:43:15.911 INFO [main] org.apache.catalina.startup.HostConfig.deployDirectory Deploying web application directory [/Users/nimamemarzadeh/Desktop/believue/serverside Dev/csd-430/module-1/apache-tomcat-11.0.7/webapps/docs]
30-May-2025 09:43:16.231 INFO [main] org.apache.catalina.startup.HostConfig.deployDirectory Deployment of web application directory [/Users/nimamemarzadeh/Desktop/believue/serverside Dev/csd-430/module-1/apache-tomcat-11.0.7/webapps/docs] has finished in [319] ms
30-May-2025 09:43:16.231 INFO [main] org.apache.catalina.startup.HostConfig.deployDirectory Deploying web application directory [/Users/nimamemarzadeh/Desktop/believue/serverside Dev/csd-430/module-1/apache-tomcat-11.0.7/webapps/myapp]
30-May-2025 09:43:16.257 INFO [main] org.apache.catalina.startup.HostConfig.deployDirectory Deployment of web application directory [/Users/nimamemarzadeh/Desktop/believue/serverside Dev/csd-430/module-1/apache-tomcat-11.0.7/webapps/myapp] has finished in [26] ms
30-May-2025 09:43:16.258 INFO [main] org.apache.catalina.startup.HostConfig.deployDirectory Deploying web application directory [/Users/nimamemarzadeh/Desktop/believue/serverside Dev/csd-430/module-1/apache-tomcat-11.0.7/webapps/manager]
30-May-2025 09:43:16.296 INFO [main] org.apache.catalina.startup.HostConfig.deployDirectory Deployment of web application directory [/Users/nimamemarzadeh/Desktop/believue/serverside Dev/csd-430/module-1/apache-tomcat-11.0.7/webapps/manager] has finished in [37] ms
30-May-2025 09:43:16.296 INFO [main] org.apache.catalina.startup.HostConfig.deployDirectory Deploying web application directory [/Users/nimamemarzadeh/Desktop/believue/serverside Dev/csd-430/module-1/apache-tomcat-11.0.7/webapps/examples]
30-May-2025 09:43:16.503 INFO [main] org.apache.catalina.startup.HostConfig.deployDirectory Deployment of web application directory [/Users/nimamemarzadeh/Desktop/believue/serverside Dev/csd-430/module-1/apache-tomcat-11.0.7/webapps/examples] has finished in [207] ms
30-May-2025 09:43:16.503 INFO [main] org.apache.catalina.startup.HostConfig.deployDirectory Deploying web application directory [/Users/nimamemarzadeh/Desktop/believue/serverside Dev/csd-430/module-1/apache-tomcat-11.0.7/webapps/ROOT]
30-May-2025 09:43:16.520 INFO [main] org.apache.catalina.startup.HostConfig.deployDirectory Deployment of web application directory [/Users/nimamemarzadeh/Desktop/believue/serverside Dev/csd-430/module-1/apache-tomcat-11.0.7/webapps/ROOT] has finished in [17] ms
30-May-2025 09:43:16.520 INFO [main] org.apache.catalina.startup.HostConfig.deployDirectory Deploying web application directory [/Users/nimamemarzadeh/Desktop/believue/serverside Dev/csd-430/module-1/apache-tomcat-11.0.7/webapps/host-manager]
30-May-2025 09:43:16.538 INFO [main] org.apache.catalina.startup.HostConfig.deployDirectory Deployment of web application directory [/Users/nimamemarzadeh/Desktop/believue/serverside Dev/csd-430/module-1/apache-tomcat-11.0.7/webapps/host-manager] has finished in [18] ms
30-May-2025 09:43:16.541 INFO [main] org.apache.coyote.AbstractProtocol.start Starting ProtocolHandler ["http-nio-8080"]
30-May-2025 09:43:16.554 INFO [main] org.apache.catalina.startup.Catalina.start Server startup in [706] milliseconds
30-May-2025 09:47:16.046 INFO [main] org.apache.catalina.core.StandardServer.await A valid shutdown command was received via the shutdown port. Stopping the Server instance.
30-May-2025 09:47:16.046 INFO [main] org.apache.coyote.AbstractProtocol.pause Pausing ProtocolHandler ["http-nio-8080"]
30-May-2025 09:47:16.050 INFO [main] org.apache.catalina.core.StandardService.stopInternal Stopping service [Catalina]
30-May-2025 09:47:16.073 INFO [main] org.apache.coyote.AbstractProtocol.stop Stopping ProtocolHandler ["http-nio-8080"]
30-May-2025 09:47:16.084 INFO [main] org.apache.coyote.AbstractProtocol.destroy Destroying ProtocolHandler ["http-nio-8080"]
