28-May-2025 11:26:24.104 INFO [main] org.apache.catalina.startup.VersionLoggerListener.log Server version name:   Apache Tomcat/11.0.7
28-May-2025 11:26:24.106 INFO [main] org.apache.catalina.startup.VersionLoggerListener.log Server built:          May 7 2025 14:55:59 UTC
28-May-2025 11:26:24.107 INFO [main] org.apache.catalina.startup.VersionLoggerListener.log Server version number: 11.0.7.0
28-May-2025 11:26:24.107 INFO [main] org.apache.catalina.startup.VersionLoggerListener.log OS Name:               Mac OS X
28-May-2025 11:26:24.107 INFO [main] org.apache.catalina.startup.VersionLoggerListener.log OS Version:            15.5
28-May-2025 11:26:24.107 INFO [main] org.apache.catalina.startup.VersionLoggerListener.log Architecture:          x86_64
28-May-2025 11:26:24.107 INFO [main] org.apache.catalina.startup.VersionLoggerListener.log Java Home:             /Library/Java/JavaVirtualMachines/jdk-24.jdk/Contents/Home
28-May-2025 11:26:24.107 INFO [main] org.apache.catalina.startup.VersionLoggerListener.log JVM Version:           24.0.1+9-30
28-May-2025 11:26:24.107 INFO [main] org.apache.catalina.startup.VersionLoggerListener.log JVM Vendor:            Oracle Corporation
28-May-2025 11:26:24.107 INFO [main] org.apache.catalina.startup.VersionLoggerListener.log CATALINA_BASE:         /Users/nimamemarzadeh/Desktop/believue/serverside Dev/csd-430/module-1/apache-tomcat-11.0.7
28-May-2025 11:26:24.107 INFO [main] org.apache.catalina.startup.VersionLoggerListener.log CATALINA_HOME:         /Users/nimamemarzadeh/Desktop/believue/serverside Dev/csd-430/module-1/apache-tomcat-11.0.7
28-May-2025 11:26:24.118 INFO [main] org.apache.catalina.startup.VersionLoggerListener.log Command line argument: -Djava.util.logging.config.file=/Users/nimamemarzadeh/Desktop/believue/serverside Dev/csd-430/module-1/apache-tomcat-11.0.7/conf/logging.properties
28-May-2025 11:26:24.118 INFO [main] org.apache.catalina.startup.VersionLoggerListener.log Command line argument: -Djava.util.logging.manager=org.apache.juli.ClassLoaderLogManager
28-May-2025 11:26:24.119 INFO [main] org.apache.catalina.startup.VersionLoggerListener.log Command line argument: -Djdk.tls.ephemeralDHKeySize=2048
28-May-2025 11:26:24.119 INFO [main] org.apache.catalina.startup.VersionLoggerListener.log Command line argument: -Dorg.apache.catalina.security.SecurityListener.UMASK=0027
28-May-2025 11:26:24.119 INFO [main] org.apache.catalina.startup.VersionLoggerListener.log Command line argument: --add-opens=java.base/java.lang=ALL-UNNAMED
28-May-2025 11:26:24.119 INFO [main] org.apache.catalina.startup.VersionLoggerListener.log Command line argument: --add-opens=java.base/java.lang.reflect=ALL-UNNAMED
28-May-2025 11:26:24.119 INFO [main] org.apache.catalina.startup.VersionLoggerListener.log Command line argument: --add-opens=java.base/java.io=ALL-UNNAMED
28-May-2025 11:26:24.119 INFO [main] org.apache.catalina.startup.VersionLoggerListener.log Command line argument: --add-opens=java.base/java.util=ALL-UNNAMED
28-May-2025 11:26:24.119 INFO [main] org.apache.catalina.startup.VersionLoggerListener.log Command line argument: --add-opens=java.base/java.util.concurrent=ALL-UNNAMED
28-May-2025 11:26:24.119 INFO [main] org.apache.catalina.startup.VersionLoggerListener.log Command line argument: --add-opens=java.rmi/sun.rmi.transport=ALL-UNNAMED
28-May-2025 11:26:24.119 INFO [main] org.apache.catalina.startup.VersionLoggerListener.log Command line argument: --enable-native-access=ALL-UNNAMED
28-May-2025 11:26:24.119 INFO [main] org.apache.catalina.startup.VersionLoggerListener.log Command line argument: -Dcatalina.base=/Users/nimamemarzadeh/Desktop/believue/serverside Dev/csd-430/module-1/apache-tomcat-11.0.7
28-May-2025 11:26:24.119 INFO [main] org.apache.catalina.startup.VersionLoggerListener.log Command line argument: -Dcatalina.home=/Users/nimamemarzadeh/Desktop/believue/serverside Dev/csd-430/module-1/apache-tomcat-11.0.7
28-May-2025 11:26:24.119 INFO [main] org.apache.catalina.startup.VersionLoggerListener.log Command line argument: -Djava.io.tmpdir=/Users/nimamemarzadeh/Desktop/believue/serverside Dev/csd-430/module-1/apache-tomcat-11.0.7/temp
28-May-2025 11:26:24.131 INFO [main] org.apache.catalina.core.AprLifecycleListener.lifecycleEvent The Apache Tomcat Native library which allows using OpenSSL was not found on the java.library.path: [/Users/nimamemarzadeh/Library/Java/Extensions:/Library/Java/Extensions:/Network/Library/Java/Extensions:/System/Library/Java/Extensions:/usr/lib/java:.]
28-May-2025 11:26:24.382 INFO [main] org.apache.coyote.AbstractProtocol.init Initializing ProtocolHandler ["http-nio-8080"]
28-May-2025 11:26:24.409 INFO [main] org.apache.catalina.startup.Catalina.load Server initialization in [473] milliseconds
28-May-2025 11:26:24.446 INFO [main] org.apache.catalina.core.StandardService.startInternal Starting service [Catalina]
28-May-2025 11:26:24.446 INFO [main] org.apache.catalina.core.StandardEngine.startInternal Starting Servlet engine: [Apache Tomcat/11.0.7]
28-May-2025 11:26:24.454 INFO [main] org.apache.catalina.startup.HostConfig.deployDirectory Deploying web application directory [/Users/nimamemarzadeh/Desktop/believue/serverside Dev/csd-430/module-1/apache-tomcat-11.0.7/webapps/docs]
28-May-2025 11:26:24.721 INFO [main] org.apache.catalina.startup.HostConfig.deployDirectory Deployment of web application directory [/Users/nimamemarzadeh/Desktop/believue/serverside Dev/csd-430/module-1/apache-tomcat-11.0.7/webapps/docs] has finished in [266] ms
28-May-2025 11:26:24.721 INFO [main] org.apache.catalina.startup.HostConfig.deployDirectory Deploying web application directory [/Users/nimamemarzadeh/Desktop/believue/serverside Dev/csd-430/module-1/apache-tomcat-11.0.7/webapps/myapp]
28-May-2025 11:26:24.744 INFO [main] org.apache.catalina.startup.HostConfig.deployDirectory Deployment of web application directory [/Users/nimamemarzadeh/Desktop/believue/serverside Dev/csd-430/module-1/apache-tomcat-11.0.7/webapps/myapp] has finished in [23] ms
28-May-2025 11:26:24.744 INFO [main] org.apache.catalina.startup.HostConfig.deployDirectory Deploying web application directory [/Users/nimamemarzadeh/Desktop/believue/serverside Dev/csd-430/module-1/apache-tomcat-11.0.7/webapps/manager]
28-May-2025 11:26:24.782 INFO [main] org.apache.catalina.startup.HostConfig.deployDirectory Deployment of web application directory [/Users/nimamemarzadeh/Desktop/believue/serverside Dev/csd-430/module-1/apache-tomcat-11.0.7/webapps/manager] has finished in [38] ms
28-May-2025 11:26:24.782 INFO [main] org.apache.catalina.startup.HostConfig.deployDirectory Deploying web application directory [/Users/nimamemarzadeh/Desktop/believue/serverside Dev/csd-430/module-1/apache-tomcat-11.0.7/webapps/examples]
28-May-2025 11:26:24.976 INFO [main] org.apache.catalina.startup.HostConfig.deployDirectory Deployment of web application directory [/Users/nimamemarzadeh/Desktop/believue/serverside Dev/csd-430/module-1/apache-tomcat-11.0.7/webapps/examples] has finished in [194] ms
28-May-2025 11:26:24.977 INFO [main] org.apache.catalina.startup.HostConfig.deployDirectory Deploying web application directory [/Users/nimamemarzadeh/Desktop/believue/serverside Dev/csd-430/module-1/apache-tomcat-11.0.7/webapps/ROOT]
28-May-2025 11:26:24.992 INFO [main] org.apache.catalina.startup.HostConfig.deployDirectory Deployment of web application directory [/Users/nimamemarzadeh/Desktop/believue/serverside Dev/csd-430/module-1/apache-tomcat-11.0.7/webapps/ROOT] has finished in [15] ms
28-May-2025 11:26:24.992 INFO [main] org.apache.catalina.startup.HostConfig.deployDirectory Deploying web application directory [/Users/nimamemarzadeh/Desktop/believue/serverside Dev/csd-430/module-1/apache-tomcat-11.0.7/webapps/host-manager]
28-May-2025 11:26:25.008 INFO [main] org.apache.catalina.startup.HostConfig.deployDirectory Deployment of web application directory [/Users/nimamemarzadeh/Desktop/believue/serverside Dev/csd-430/module-1/apache-tomcat-11.0.7/webapps/host-manager] has finished in [16] ms
28-May-2025 11:26:25.011 INFO [main] org.apache.coyote.AbstractProtocol.start Starting ProtocolHandler ["http-nio-8080"]
28-May-2025 11:26:25.023 INFO [main] org.apache.catalina.startup.Catalina.start Server startup in [611] milliseconds
28-May-2025 11:28:28.323 INFO [main] org.apache.catalina.core.StandardServer.await A valid shutdown command was received via the shutdown port. Stopping the Server instance.
28-May-2025 11:28:28.323 INFO [main] org.apache.coyote.AbstractProtocol.pause Pausing ProtocolHandler ["http-nio-8080"]
28-May-2025 11:28:28.327 INFO [main] org.apache.catalina.core.StandardService.stopInternal Stopping service [Catalina]
28-May-2025 11:28:28.344 INFO [main] org.apache.coyote.AbstractProtocol.stop Stopping ProtocolHandler ["http-nio-8080"]
28-May-2025 11:28:28.352 INFO [main] org.apache.coyote.AbstractProtocol.destroy Destroying ProtocolHandler ["http-nio-8080"]
28-May-2025 11:30:29.023 INFO [main] org.apache.catalina.startup.VersionLoggerListener.log Server version name:   Apache Tomcat/11.0.7
28-May-2025 11:30:29.025 INFO [main] org.apache.catalina.startup.VersionLoggerListener.log Server built:          May 7 2025 14:55:59 UTC
28-May-2025 11:30:29.025 INFO [main] org.apache.catalina.startup.VersionLoggerListener.log Server version number: 11.0.7.0
28-May-2025 11:30:29.025 INFO [main] org.apache.catalina.startup.VersionLoggerListener.log OS Name:               Mac OS X
28-May-2025 11:30:29.025 INFO [main] org.apache.catalina.startup.VersionLoggerListener.log OS Version:            15.5
28-May-2025 11:30:29.025 INFO [main] org.apache.catalina.startup.VersionLoggerListener.log Architecture:          x86_64
28-May-2025 11:30:29.025 INFO [main] org.apache.catalina.startup.VersionLoggerListener.log Java Home:             /Library/Java/JavaVirtualMachines/jdk-24.jdk/Contents/Home
28-May-2025 11:30:29.025 INFO [main] org.apache.catalina.startup.VersionLoggerListener.log JVM Version:           24.0.1+9-30
28-May-2025 11:30:29.025 INFO [main] org.apache.catalina.startup.VersionLoggerListener.log JVM Vendor:            Oracle Corporation
28-May-2025 11:30:29.026 INFO [main] org.apache.catalina.startup.VersionLoggerListener.log CATALINA_BASE:         /Users/nimamemarzadeh/Desktop/believue/serverside Dev/csd-430/module-1/apache-tomcat-11.0.7
28-May-2025 11:30:29.026 INFO [main] org.apache.catalina.startup.VersionLoggerListener.log CATALINA_HOME:         /Users/nimamemarzadeh/Desktop/believue/serverside Dev/csd-430/module-1/apache-tomcat-11.0.7
28-May-2025 11:30:29.034 INFO [main] org.apache.catalina.startup.VersionLoggerListener.log Command line argument: -Djava.util.logging.config.file=/Users/nimamemarzadeh/Desktop/believue/serverside Dev/csd-430/module-1/apache-tomcat-11.0.7/conf/logging.properties
28-May-2025 11:30:29.035 INFO [main] org.apache.catalina.startup.VersionLoggerListener.log Command line argument: -Djava.util.logging.manager=org.apache.juli.ClassLoaderLogManager
28-May-2025 11:30:29.035 INFO [main] org.apache.catalina.startup.VersionLoggerListener.log Command line argument: -Djdk.tls.ephemeralDHKeySize=2048
28-May-2025 11:30:29.035 INFO [main] org.apache.catalina.startup.VersionLoggerListener.log Command line argument: -Dorg.apache.catalina.security.SecurityListener.UMASK=0027
28-May-2025 11:30:29.035 INFO [main] org.apache.catalina.startup.VersionLoggerListener.log Command line argument: --add-opens=java.base/java.lang=ALL-UNNAMED
28-May-2025 11:30:29.035 INFO [main] org.apache.catalina.startup.VersionLoggerListener.log Command line argument: --add-opens=java.base/java.lang.reflect=ALL-UNNAMED
28-May-2025 11:30:29.035 INFO [main] org.apache.catalina.startup.VersionLoggerListener.log Command line argument: --add-opens=java.base/java.io=ALL-UNNAMED
28-May-2025 11:30:29.035 INFO [main] org.apache.catalina.startup.VersionLoggerListener.log Command line argument: --add-opens=java.base/java.util=ALL-UNNAMED
28-May-2025 11:30:29.035 INFO [main] org.apache.catalina.startup.VersionLoggerListener.log Command line argument: --add-opens=java.base/java.util.concurrent=ALL-UNNAMED
28-May-2025 11:30:29.035 INFO [main] org.apache.catalina.startup.VersionLoggerListener.log Command line argument: --add-opens=java.rmi/sun.rmi.transport=ALL-UNNAMED
28-May-2025 11:30:29.035 INFO [main] org.apache.catalina.startup.VersionLoggerListener.log Command line argument: --enable-native-access=ALL-UNNAMED
28-May-2025 11:30:29.035 INFO [main] org.apache.catalina.startup.VersionLoggerListener.log Command line argument: -Dcatalina.base=/Users/nimamemarzadeh/Desktop/believue/serverside Dev/csd-430/module-1/apache-tomcat-11.0.7
28-May-2025 11:30:29.035 INFO [main] org.apache.catalina.startup.VersionLoggerListener.log Command line argument: -Dcatalina.home=/Users/nimamemarzadeh/Desktop/believue/serverside Dev/csd-430/module-1/apache-tomcat-11.0.7
28-May-2025 11:30:29.036 INFO [main] org.apache.catalina.startup.VersionLoggerListener.log Command line argument: -Djava.io.tmpdir=/Users/nimamemarzadeh/Desktop/believue/serverside Dev/csd-430/module-1/apache-tomcat-11.0.7/temp
28-May-2025 11:30:29.046 INFO [main] org.apache.catalina.core.AprLifecycleListener.lifecycleEvent The Apache Tomcat Native library which allows using OpenSSL was not found on the java.library.path: [/Users/nimamemarzadeh/Library/Java/Extensions:/Library/Java/Extensions:/Network/Library/Java/Extensions:/System/Library/Java/Extensions:/usr/lib/java:.]
28-May-2025 11:30:29.281 INFO [main] org.apache.coyote.AbstractProtocol.init Initializing ProtocolHandler ["http-nio-8080"]
28-May-2025 11:30:29.307 INFO [main] org.apache.catalina.startup.Catalina.load Server initialization in [425] milliseconds
28-May-2025 11:30:29.343 INFO [main] org.apache.catalina.core.StandardService.startInternal Starting service [Catalina]
28-May-2025 11:30:29.343 INFO [main] org.apache.catalina.core.StandardEngine.startInternal Starting Servlet engine: [Apache Tomcat/11.0.7]
28-May-2025 11:30:29.351 INFO [main] org.apache.catalina.startup.HostConfig.deployDirectory Deploying web application directory [/Users/nimamemarzadeh/Desktop/believue/serverside Dev/csd-430/module-1/apache-tomcat-11.0.7/webapps/docs]
28-May-2025 11:30:29.638 INFO [main] org.apache.catalina.startup.HostConfig.deployDirectory Deployment of web application directory [/Users/nimamemarzadeh/Desktop/believue/serverside Dev/csd-430/module-1/apache-tomcat-11.0.7/webapps/docs] has finished in [288] ms
28-May-2025 11:30:29.639 INFO [main] org.apache.catalina.startup.HostConfig.deployDirectory Deploying web application directory [/Users/nimamemarzadeh/Desktop/believue/serverside Dev/csd-430/module-1/apache-tomcat-11.0.7/webapps/myapp]
28-May-2025 11:30:29.666 INFO [main] org.apache.catalina.startup.HostConfig.deployDirectory Deployment of web application directory [/Users/nimamemarzadeh/Desktop/believue/serverside Dev/csd-430/module-1/apache-tomcat-11.0.7/webapps/myapp] has finished in [26] ms
28-May-2025 11:30:29.666 INFO [main] org.apache.catalina.startup.HostConfig.deployDirectory Deploying web application directory [/Users/nimamemarzadeh/Desktop/believue/serverside Dev/csd-430/module-1/apache-tomcat-11.0.7/webapps/manager]
28-May-2025 11:30:29.709 INFO [main] org.apache.catalina.startup.HostConfig.deployDirectory Deployment of web application directory [/Users/nimamemarzadeh/Desktop/believue/serverside Dev/csd-430/module-1/apache-tomcat-11.0.7/webapps/manager] has finished in [43] ms
28-May-2025 11:30:29.709 INFO [main] org.apache.catalina.startup.HostConfig.deployDirectory Deploying web application directory [/Users/nimamemarzadeh/Desktop/believue/serverside Dev/csd-430/module-1/apache-tomcat-11.0.7/webapps/examples]
28-May-2025 11:30:29.929 INFO [main] org.apache.catalina.startup.HostConfig.deployDirectory Deployment of web application directory [/Users/nimamemarzadeh/Desktop/believue/serverside Dev/csd-430/module-1/apache-tomcat-11.0.7/webapps/examples] has finished in [220] ms
28-May-2025 11:30:29.929 INFO [main] org.apache.catalina.startup.HostConfig.deployDirectory Deploying web application directory [/Users/nimamemarzadeh/Desktop/believue/serverside Dev/csd-430/module-1/apache-tomcat-11.0.7/webapps/ROOT]
28-May-2025 11:30:29.948 INFO [main] org.apache.catalina.startup.HostConfig.deployDirectory Deployment of web application directory [/Users/nimamemarzadeh/Desktop/believue/serverside Dev/csd-430/module-1/apache-tomcat-11.0.7/webapps/ROOT] has finished in [18] ms
28-May-2025 11:30:29.948 INFO [main] org.apache.catalina.startup.HostConfig.deployDirectory Deploying web application directory [/Users/nimamemarzadeh/Desktop/believue/serverside Dev/csd-430/module-1/apache-tomcat-11.0.7/webapps/host-manager]
28-May-2025 11:30:29.976 INFO [main] org.apache.catalina.startup.HostConfig.deployDirectory Deployment of web application directory [/Users/nimamemarzadeh/Desktop/believue/serverside Dev/csd-430/module-1/apache-tomcat-11.0.7/webapps/host-manager] has finished in [27] ms
28-May-2025 11:30:29.979 INFO [main] org.apache.coyote.AbstractProtocol.start Starting ProtocolHandler ["http-nio-8080"]
28-May-2025 11:30:29.996 INFO [main] org.apache.catalina.startup.Catalina.start Server startup in [686] milliseconds
28-May-2025 11:32:53.850 INFO [main] org.apache.catalina.core.StandardServer.await A valid shutdown command was received via the shutdown port. Stopping the Server instance.
28-May-2025 11:32:53.851 INFO [main] org.apache.coyote.AbstractProtocol.pause Pausing ProtocolHandler ["http-nio-8080"]
28-May-2025 11:32:53.855 INFO [main] org.apache.catalina.core.StandardService.stopInternal Stopping service [Catalina]
28-May-2025 11:32:53.871 INFO [main] org.apache.coyote.AbstractProtocol.stop Stopping ProtocolHandler ["http-nio-8080"]
28-May-2025 11:32:53.880 INFO [main] org.apache.coyote.AbstractProtocol.destroy Destroying ProtocolHandler ["http-nio-8080"]
28-May-2025 11:33:05.597 INFO [main] org.apache.catalina.startup.VersionLoggerListener.log Server version name:   Apache Tomcat/11.0.7
28-May-2025 11:33:05.599 INFO [main] org.apache.catalina.startup.VersionLoggerListener.log Server built:          May 7 2025 14:55:59 UTC
28-May-2025 11:33:05.599 INFO [main] org.apache.catalina.startup.VersionLoggerListener.log Server version number: 11.0.7.0
28-May-2025 11:33:05.599 INFO [main] org.apache.catalina.startup.VersionLoggerListener.log OS Name:               Mac OS X
28-May-2025 11:33:05.599 INFO [main] org.apache.catalina.startup.VersionLoggerListener.log OS Version:            15.5
28-May-2025 11:33:05.600 INFO [main] org.apache.catalina.startup.VersionLoggerListener.log Architecture:          x86_64
28-May-2025 11:33:05.600 INFO [main] org.apache.catalina.startup.VersionLoggerListener.log Java Home:             /Library/Java/JavaVirtualMachines/jdk-24.jdk/Contents/Home
28-May-2025 11:33:05.600 INFO [main] org.apache.catalina.startup.VersionLoggerListener.log JVM Version:           24.0.1+9-30
28-May-2025 11:33:05.600 INFO [main] org.apache.catalina.startup.VersionLoggerListener.log JVM Vendor:            Oracle Corporation
28-May-2025 11:33:05.600 INFO [main] org.apache.catalina.startup.VersionLoggerListener.log CATALINA_BASE:         /Users/nimamemarzadeh/Desktop/believue/serverside Dev/csd-430/module-1/apache-tomcat-11.0.7
28-May-2025 11:33:05.600 INFO [main] org.apache.catalina.startup.VersionLoggerListener.log CATALINA_HOME:         /Users/nimamemarzadeh/Desktop/believue/serverside Dev/csd-430/module-1/apache-tomcat-11.0.7
28-May-2025 11:33:05.610 INFO [main] org.apache.catalina.startup.VersionLoggerListener.log Command line argument: -Djava.util.logging.config.file=/Users/nimamemarzadeh/Desktop/believue/serverside Dev/csd-430/module-1/apache-tomcat-11.0.7/conf/logging.properties
28-May-2025 11:33:05.610 INFO [main] org.apache.catalina.startup.VersionLoggerListener.log Command line argument: -Djava.util.logging.manager=org.apache.juli.ClassLoaderLogManager
28-May-2025 11:33:05.610 INFO [main] org.apache.catalina.startup.VersionLoggerListener.log Command line argument: -Djdk.tls.ephemeralDHKeySize=2048
28-May-2025 11:33:05.610 INFO [main] org.apache.catalina.startup.VersionLoggerListener.log Command line argument: -Dorg.apache.catalina.security.SecurityListener.UMASK=0027
28-May-2025 11:33:05.610 INFO [main] org.apache.catalina.startup.VersionLoggerListener.log Command line argument: --add-opens=java.base/java.lang=ALL-UNNAMED
28-May-2025 11:33:05.610 INFO [main] org.apache.catalina.startup.VersionLoggerListener.log Command line argument: --add-opens=java.base/java.lang.reflect=ALL-UNNAMED
28-May-2025 11:33:05.610 INFO [main] org.apache.catalina.startup.VersionLoggerListener.log Command line argument: --add-opens=java.base/java.io=ALL-UNNAMED
28-May-2025 11:33:05.611 INFO [main] org.apache.catalina.startup.VersionLoggerListener.log Command line argument: --add-opens=java.base/java.util=ALL-UNNAMED
28-May-2025 11:33:05.611 INFO [main] org.apache.catalina.startup.VersionLoggerListener.log Command line argument: --add-opens=java.base/java.util.concurrent=ALL-UNNAMED
28-May-2025 11:33:05.611 INFO [main] org.apache.catalina.startup.VersionLoggerListener.log Command line argument: --add-opens=java.rmi/sun.rmi.transport=ALL-UNNAMED
28-May-2025 11:33:05.611 INFO [main] org.apache.catalina.startup.VersionLoggerListener.log Command line argument: --enable-native-access=ALL-UNNAMED
28-May-2025 11:33:05.611 INFO [main] org.apache.catalina.startup.VersionLoggerListener.log Command line argument: -Dcatalina.base=/Users/nimamemarzadeh/Desktop/believue/serverside Dev/csd-430/module-1/apache-tomcat-11.0.7
28-May-2025 11:33:05.611 INFO [main] org.apache.catalina.startup.VersionLoggerListener.log Command line argument: -Dcatalina.home=/Users/nimamemarzadeh/Desktop/believue/serverside Dev/csd-430/module-1/apache-tomcat-11.0.7
28-May-2025 11:33:05.611 INFO [main] org.apache.catalina.startup.VersionLoggerListener.log Command line argument: -Djava.io.tmpdir=/Users/nimamemarzadeh/Desktop/believue/serverside Dev/csd-430/module-1/apache-tomcat-11.0.7/temp
28-May-2025 11:33:05.622 INFO [main] org.apache.catalina.core.AprLifecycleListener.lifecycleEvent The Apache Tomcat Native library which allows using OpenSSL was not found on the java.library.path: [/Users/nimamemarzadeh/Library/Java/Extensions:/Library/Java/Extensions:/Network/Library/Java/Extensions:/System/Library/Java/Extensions:/usr/lib/java:.]
28-May-2025 11:33:05.853 INFO [main] org.apache.coyote.AbstractProtocol.init Initializing ProtocolHandler ["http-nio-8080"]
28-May-2025 11:33:05.878 INFO [main] org.apache.catalina.startup.Catalina.load Server initialization in [422] milliseconds
28-May-2025 11:33:05.911 INFO [main] org.apache.catalina.core.StandardService.startInternal Starting service [Catalina]
28-May-2025 11:33:05.911 INFO [main] org.apache.catalina.core.StandardEngine.startInternal Starting Servlet engine: [Apache Tomcat/11.0.7]
28-May-2025 11:33:05.918 INFO [main] org.apache.catalina.startup.HostConfig.deployDirectory Deploying web application directory [/Users/nimamemarzadeh/Desktop/believue/serverside Dev/csd-430/module-1/apache-tomcat-11.0.7/webapps/docs]
28-May-2025 11:33:06.140 INFO [main] org.apache.catalina.startup.HostConfig.deployDirectory Deployment of web application directory [/Users/nimamemarzadeh/Desktop/believue/serverside Dev/csd-430/module-1/apache-tomcat-11.0.7/webapps/docs] has finished in [221] ms
28-May-2025 11:33:06.140 INFO [main] org.apache.catalina.startup.HostConfig.deployDirectory Deploying web application directory [/Users/nimamemarzadeh/Desktop/believue/serverside Dev/csd-430/module-1/apache-tomcat-11.0.7/webapps/myapp]
28-May-2025 11:33:06.163 INFO [main] org.apache.catalina.startup.HostConfig.deployDirectory Deployment of web application directory [/Users/nimamemarzadeh/Desktop/believue/serverside Dev/csd-430/module-1/apache-tomcat-11.0.7/webapps/myapp] has finished in [23] ms
28-May-2025 11:33:06.164 INFO [main] org.apache.catalina.startup.HostConfig.deployDirectory Deploying web application directory [/Users/nimamemarzadeh/Desktop/believue/serverside Dev/csd-430/module-1/apache-tomcat-11.0.7/webapps/manager]
28-May-2025 11:33:06.199 INFO [main] org.apache.catalina.startup.HostConfig.deployDirectory Deployment of web application directory [/Users/nimamemarzadeh/Desktop/believue/serverside Dev/csd-430/module-1/apache-tomcat-11.0.7/webapps/manager] has finished in [35] ms
28-May-2025 11:33:06.200 INFO [main] org.apache.catalina.startup.HostConfig.deployDirectory Deploying web application directory [/Users/nimamemarzadeh/Desktop/believue/serverside Dev/csd-430/module-1/apache-tomcat-11.0.7/webapps/examples]
28-May-2025 11:33:06.411 INFO [main] org.apache.catalina.startup.HostConfig.deployDirectory Deployment of web application directory [/Users/nimamemarzadeh/Desktop/believue/serverside Dev/csd-430/module-1/apache-tomcat-11.0.7/webapps/examples] has finished in [212] ms
28-May-2025 11:33:06.412 INFO [main] org.apache.catalina.startup.HostConfig.deployDirectory Deploying web application directory [/Users/nimamemarzadeh/Desktop/believue/serverside Dev/csd-430/module-1/apache-tomcat-11.0.7/webapps/ROOT]
28-May-2025 11:33:06.429 INFO [main] org.apache.catalina.startup.HostConfig.deployDirectory Deployment of web application directory [/Users/nimamemarzadeh/Desktop/believue/serverside Dev/csd-430/module-1/apache-tomcat-11.0.7/webapps/ROOT] has finished in [18] ms
28-May-2025 11:33:06.430 INFO [main] org.apache.catalina.startup.HostConfig.deployDirectory Deploying web application directory [/Users/nimamemarzadeh/Desktop/believue/serverside Dev/csd-430/module-1/apache-tomcat-11.0.7/webapps/host-manager]
28-May-2025 11:33:06.447 INFO [main] org.apache.catalina.startup.HostConfig.deployDirectory Deployment of web application directory [/Users/nimamemarzadeh/Desktop/believue/serverside Dev/csd-430/module-1/apache-tomcat-11.0.7/webapps/host-manager] has finished in [18] ms
28-May-2025 11:33:06.450 INFO [main] org.apache.coyote.AbstractProtocol.start Starting ProtocolHandler ["http-nio-8080"]
28-May-2025 11:33:06.461 INFO [main] org.apache.catalina.startup.Catalina.start Server startup in [582] milliseconds
28-May-2025 11:33:13.681 INFO [main] org.apache.catalina.core.StandardServer.await A valid shutdown command was received via the shutdown port. Stopping the Server instance.
28-May-2025 11:33:13.682 INFO [main] org.apache.coyote.AbstractProtocol.pause Pausing ProtocolHandler ["http-nio-8080"]
28-May-2025 11:33:13.685 INFO [main] org.apache.catalina.core.StandardService.stopInternal Stopping service [Catalina]
28-May-2025 11:33:13.701 INFO [main] org.apache.coyote.AbstractProtocol.stop Stopping ProtocolHandler ["http-nio-8080"]
28-May-2025 11:33:13.733 INFO [main] org.apache.coyote.AbstractProtocol.destroy Destroying ProtocolHandler ["http-nio-8080"]
